Log file open, 11/28/23 15:56:21
LogWindows: Failed to load 'aqProf.dll' (GetLastError=126)
LogWindows: File 'aqProf.dll' does not exist
LogWindows: Failed to load 'VtuneApi.dll' (GetLastError=126)
LogWindows: File 'VtuneApi.dll' does not exist
LogWindows: Failed to load 'VtuneApi32e.dll' (GetLastError=126)
LogWindows: File 'VtuneApi32e.dll' does not exist
LogConsoleResponse: Display: Failed to find resolution value strings in scalability ini. Falling back to default.
LogConsoleResponse: Display: Failed to find resolution value strings in scalability ini. Falling back to default.
LogInit: Display: Running engine for game: GSP_Wk10
LogPlatformFile: Not using cached read wrapper
LogTaskGraph: Started task graph with 5 named threads and 26 total threads with 3 sets of task threads.
LogStats: Stats thread started at 0.252346
LogICUInternationalization: ICU TimeZone Detection - Raw Offset: +0:00, Platform Override: ''
LogInit: Display: Loading text-based GConfig....
LogPluginManager: Mounting plugin MeshPainting
LogPluginManager: Mounting plugin XGEController
LogPluginManager: Mounting plugin Paper2D
LogPluginManager: Mounting plugin LiveLink
LogPluginManager: Mounting plugin EnvironmentQueryEditor
LogPluginManager: Mounting plugin AISupport
LogPluginManager: Mounting plugin LightPropagationVolume
LogPluginManager: Mounting plugin CameraShakePreviewer
LogPluginManager: Mounting plugin GameplayCameras
LogPluginManager: Mounting plugin AssetManagerEditor
LogPluginManager: Mounting plugin CryptoKeys
LogPluginManager: Mounting plugin DataValidation
LogPluginManager: Mounting plugin FacialAnimation
LogPluginManager: Mounting plugin GameplayTagsEditor
LogPluginManager: Mounting plugin GeometryMode
LogPluginManager: Mounting plugin MacGraphicsSwitching
LogPluginManager: Mounting plugin MaterialAnalyzer
LogPluginManager: Mounting plugin MobileLauncherProfileWizard
LogPluginManager: Mounting plugin PluginBrowser
LogPluginManager: Mounting plugin OodleData
LogPluginManager: Mounting plugin SpeedTreeImporter
LogPluginManager: Mounting plugin OodleNetwork
LogPluginManager: Mounting plugin Niagara
LogPluginManager: Mounting plugin AnimationSharing
LogPluginManager: Mounting plugin CLionSourceCodeAccess
LogPluginManager: Mounting plugin CodeLiteSourceCodeAccess
LogPluginManager: Mounting plugin GitSourceControl
LogPluginManager: Mounting plugin KDevelopSourceCodeAccess
LogPluginManager: Mounting plugin NullSourceCodeAccess
LogPluginManager: Mounting plugin PerforceSourceControl
LogPluginManager: Mounting plugin PixWinPlugin
LogPluginManager: Mounting plugin PlasticSourceControl
LogPluginManager: Mounting plugin PluginUtils
LogPluginManager: Mounting plugin PropertyAccessNode
LogPluginManager: Mounting plugin RiderSourceCodeAccess
LogPluginManager: Mounting plugin SubversionSourceControl
LogPluginManager: Mounting plugin TextureFormatOodle
LogPluginManager: Mounting plugin UObjectPlugin
LogPluginManager: Mounting plugin VisualStudioSourceCodeAccess
LogPluginManager: Mounting plugin VisualStudioCodeSourceCodeAccess
LogPluginManager: Mounting plugin XCodeSourceCodeAccess
LogPluginManager: Mounting plugin DatasmithContent
LogPluginManager: Mounting plugin VariantManagerContent
LogPluginManager: Mounting plugin AlembicImporter
LogPluginManager: Mounting plugin BackChannel
LogPluginManager: Mounting plugin AutomationUtils
LogPluginManager: Mounting plugin LuminPlatformFeatures
LogPluginManager: Mounting plugin ChaosCloth
LogPluginManager: Mounting plugin ChaosClothEditor
LogPluginManager: Mounting plugin MagicLeap
LogPluginManager: Mounting plugin ChaosEditor
LogPluginManager: Mounting plugin ChaosNiagara
LogPluginManager: Mounting plugin ChaosSolverPlugin
LogPluginManager: Mounting plugin CharacterAI
LogPluginManager: Mounting plugin CurveEditorTools
LogPluginManager: Mounting plugin GeometryCache
LogPluginManager: Mounting plugin GeometryCollectionPlugin
LogPluginManager: Mounting plugin MagicLeapLightEstimation
LogPluginManager: Mounting plugin MagicLeapMedia
LogPluginManager: Mounting plugin MagicLeapPassableWorld
LogPluginManager: Mounting plugin MLSDK
LogPluginManager: Mounting plugin GeometryProcessing
LogPluginManager: Mounting plugin MotoSynth
LogPluginManager: Mounting plugin OpenImageDenoise
LogPluginManager: Mounting plugin PlanarCut
LogPluginManager: Mounting plugin PlatformCrypto
LogPluginManager: Mounting plugin ProxyLODPlugin
LogPluginManager: Mounting plugin PythonScriptPlugin
LogPluginManager: Mounting plugin SkeletalReduction
LogPluginManager: Mounting plugin AndroidMedia
LogPluginManager: Mounting plugin AvfMedia
LogPluginManager: Mounting plugin ImgMedia
LogPluginManager: Mounting plugin MediaCompositing
LogPluginManager: Mounting plugin MediaPlayerEditor
LogPluginManager: Mounting plugin WebMMedia
LogPluginManager: Mounting plugin WmfMedia
LogPluginManager: Mounting plugin TcpMessaging
LogPluginManager: Mounting plugin UdpMessaging
LogPluginManager: Mounting plugin ActorSequence
LogPluginManager: Mounting plugin LevelSequenceEditor
LogPluginManager: Mounting plugin MatineeToLevelSequence
LogPluginManager: Mounting plugin TemplateSequence
LogPluginManager: Mounting plugin OnlineSubsystem
LogPluginManager: Mounting plugin OnlineSubsystemNull
LogPluginManager: Mounting plugin OnlineSubsystemUtils
LogPluginManager: Mounting plugin LauncherChunkInstaller
LogPluginManager: Mounting plugin ActorLayerUtilities
LogPluginManager: Mounting plugin AndroidDeviceProfileSelector
LogPluginManager: Mounting plugin AndroidMoviePlayer
LogPluginManager: Mounting plugin AndroidPermission
LogPluginManager: Mounting plugin AppleImageUtils
LogPluginManager: Mounting plugin AppleMoviePlayer
LogPluginManager: Mounting plugin ArchVisCharacter
LogPluginManager: Mounting plugin AssetTags
LogPluginManager: Mounting plugin AudioCapture
LogPluginManager: Mounting plugin AudioSynesthesia
LogPluginManager: Mounting plugin CableComponent
LogPluginManager: Mounting plugin ChunkDownloader
LogPluginManager: Mounting plugin CustomMeshComponent
LogPluginManager: Mounting plugin EditableMesh
LogPluginManager: Mounting plugin ExampleDeviceProfileSelector
LogPluginManager: Mounting plugin GoogleCloudMessaging
LogPluginManager: Mounting plugin GooglePAD
LogPluginManager: Mounting plugin IOSDeviceProfileSelector
LogPluginManager: Mounting plugin LinuxDeviceProfileSelector
LogPluginManager: Mounting plugin LocationServicesBPLibrary
LogPluginManager: Mounting plugin MobilePatchingUtils
LogPluginManager: Mounting plugin OpenXR
LogPluginManager: Mounting plugin OpenXREyeTracker
LogPluginManager: Mounting plugin OpenXRHandTracking
LogPluginManager: Mounting plugin PhysXVehicles
LogPluginManager: Mounting plugin PostSplashScreen
LogPluginManager: Mounting plugin ProceduralMeshComponent
LogPluginManager: Mounting plugin PropertyAccessEditor
LogPluginManager: Mounting plugin RuntimePhysXCooking
LogPluginManager: Mounting plugin SignificanceManager
LogPluginManager: Mounting plugin SoundFields
LogPluginManager: Mounting plugin Synthesis
LogPluginManager: Mounting plugin WebMMoviePlayer
LogPluginManager: Mounting plugin ScreenshotTools
LogPluginManager: Mounting plugin WindowsMoviePlayer
LogPluginManager: Mounting plugin Takes
LogPluginManager: Mounting plugin ContentBrowserAssetDataSource
LogPluginManager: Mounting plugin ContentBrowserClassDataSource
LogPluginManager: Mounting plugin ContentBrowserFileDataSource
LogPluginManager: Mounting plugin OnlineSubsystemGooglePlay
LogPluginManager: Mounting plugin OnlineSubsystemIOS
LogPluginManager: Mounting plugin OculusVR
LogPluginManager: Mounting plugin SteamVR
PixWinPlugin: PIX capture plugin failed to initialize! Check that the process is launched from PIX.
LogInit: Using libcurl 7.55.1-DEV
LogInit:  - built for x86_64-pc-win32
LogInit:  - supports SSL with OpenSSL/1.1.1
LogInit:  - supports HTTP deflate (compression) using libz 1.2.8
LogInit:  - other features:
LogInit:      CURL_VERSION_SSL
LogInit:      CURL_VERSION_LIBZ
LogInit:      CURL_VERSION_IPV6
LogInit:      CURL_VERSION_ASYNCHDNS
LogInit:      CURL_VERSION_LARGEFILE
LogInit:      CURL_VERSION_IDN
LogInit:  CurlRequestOptions (configurable via config and command line):
LogInit:  - bVerifyPeer = true  - Libcurl will verify peer certificate
LogInit:  - bUseHttpProxy = false  - Libcurl will NOT use HTTP proxy
LogInit:  - bDontReuseConnections = false  - Libcurl will reuse connections
LogInit:  - MaxHostConnections = 16  - Libcurl will limit the number of connections to a host
LogInit:  - LocalHostAddr = Default
LogInit:  - BufferSize = 65536
LogOnline: OSS: Creating online subsystem instance for: NULL
LogInit: WinSock: version 1.1 (2.2), MaxSocks=32767, MaxUdp=65467
LogOnline: OSS: TryLoadSubsystemAndSetDefault: Loaded subsystem for module [NULL]
LogInit: Build: ++UE4+Release-4.27-CL-18319896
LogInit: Engine Version: 4.27.2-18319896+++UE4+Release-4.27
LogInit: Compatible Engine Version: 4.27.0-17155196+++UE4+Release-4.27
LogInit: Net CL: 17155196
LogInit: OS: Windows 10 (Release 2009) (), CPU: Intel(R) Core(TM) i7-9700K CPU @ 3.60GHz, GPU: NVIDIA GeForce RTX 2060
LogInit: Compiled (64-bit): Nov 30 2021 07:12:08
LogInit: Compiled with Visual C++: 19.24.28315.00
LogInit: Build Configuration: Development
LogInit: Branch Name: ++UE4+Release-4.27
LogInit: Command Line:  "C:\Users\6jowen88\Documents\Unreal Projects\GSP_Wk10\GSP_Wk10.uproject" -run=VisualStudioTools -unattended -noshadercompile -nosound -nullrhi -nocpuprofilertrace -nocrashreports -nosplash -ddc=noshared -output=C:\Users\6jowen88\AppData\Local\Temp\tmpEEEA.tmp
LogInit: Base Directory: C:/Program Files/Epic Games/UE_4.27/Engine/Binaries/Win64/
LogInit: Allocator: TBB
LogInit: Installed Engine Build: 1
LogDevObjectVersion: Number of dev versions registered: 29
LogDevObjectVersion:   Dev-Blueprints (B0D832E4-1F89-4F0D-ACCF-7EB736FD4AA2): 10
LogDevObjectVersion:   Dev-Build (E1C64328-A22C-4D53-A36C-8E866417BD8C): 0
LogDevObjectVersion:   Dev-Core (375EC13C-06E4-48FB-B500-84F0262A717E): 4
LogDevObjectVersion:   Dev-Editor (E4B068ED-F494-42E9-A231-DA0B2E46BB41): 40
LogDevObjectVersion:   Dev-Framework (CFFC743F-43B0-4480-9391-14DF171D2073): 37
LogDevObjectVersion:   Dev-Mobile (B02B49B5-BB20-44E9-A304-32B752E40360): 3
LogDevObjectVersion:   Dev-Networking (A4E4105C-59A1-49B5-A7C5-40C4547EDFEE): 0
LogDevObjectVersion:   Dev-Online (39C831C9-5AE6-47DC-9A44-9C173E1C8E7C): 0
LogDevObjectVersion:   Dev-Physics (78F01B33-EBEA-4F98-B9B4-84EACCB95AA2): 14
LogDevObjectVersion:   Dev-Platform (6631380F-2D4D-43E0-8009-CF276956A95A): 0
LogDevObjectVersion:   Dev-Rendering (12F88B9F-8875-4AFC-A67C-D90C383ABD29): 45
LogDevObjectVersion:   Dev-Sequencer (7B5AE74C-D270-4C10-A958-57980B212A5A): 13
LogDevObjectVersion:   Dev-VR (D7296918-1DD6-4BDD-9DE2-64A83CC13884): 3
LogDevObjectVersion:   Dev-LoadTimes (C2A15278-BFE7-4AFE-6C17-90FF531DF755): 1
LogDevObjectVersion:   Private-Geometry (6EACA3D4-40EC-4CC1-B786-8BED09428FC5): 3
LogDevObjectVersion:   Dev-AnimPhys (29E575DD-E0A3-4627-9D10-D276232CDCEA): 17
LogDevObjectVersion:   Dev-Anim (AF43A65D-7FD3-4947-9873-3E8ED9C1BB05): 15
LogDevObjectVersion:   Dev-ReflectionCapture (6B266CEC-1EC7-4B8F-A30B-E4D90942FC07): 1
LogDevObjectVersion:   Dev-Automation (0DF73D61-A23F-47EA-B727-89E90C41499A): 1
LogDevObjectVersion:   FortniteMain (601D1886-AC64-4F84-AA16-D3DE0DEAC7D6): 47
LogDevObjectVersion:   FortniteRelease (E7086368-6B23-4C58-8439-1B7016265E91): 1
LogDevObjectVersion:   Dev-Enterprise (9DFFBCD6-494F-0158-E221-12823C92A888): 10
LogDevObjectVersion:   Dev-Niagara (F2AED0AC-9AFE-416F-8664-AA7FFA26D6FC): 1
LogDevObjectVersion:   Dev-Destruction (174F1F0B-B4C6-45A5-B13F-2EE8D0FB917D): 10
LogDevObjectVersion:   Dev-Physics-Ext (35F94A83-E258-406C-A318-09F59610247C): 41
LogDevObjectVersion:   Dev-PhysicsMaterial-Chaos (B68FC16E-8B1B-42E2-B453-215C058844FE): 1
LogDevObjectVersion:   Dev-CineCamera (B2E18506-4273-CFC2-A54E-F4BB758BBA07): 1
LogDevObjectVersion:   Dev-VirtualProduction (64F58936-FD1B-42BA-BA96-7289D5D0FA4E): 1
LogDevObjectVersion:   Dev-MediaFramework (6F0ED827-A609-4895-9C91-998D90180EA4): 2
LogInit: Presizing for max 25165824 objects, including 0 objects not considered by GC, pre-allocating 0 bytes for permanent pool.
LogConfig: Applying CVar settings from Section [/Script/Engine.StreamingSettings] File [C:/Users/6jowen88/Documents/Unreal Projects/GSP_Wk10/Saved/Config/Windows/Engine.ini]
LogConfig: Setting CVar [[s.MinBulkDataSizeForAsyncLoading:131072]]
LogConfig: Setting CVar [[s.AsyncLoadingThreadEnabled:0]]
LogConfig: Setting CVar [[s.EventDrivenLoaderEnabled:1]]
LogConfig: Setting CVar [[s.WarnIfTimeLimitExceeded:0]]
LogConfig: Setting CVar [[s.TimeLimitExceededMultiplier:1.5]]
LogConfig: Setting CVar [[s.TimeLimitExceededMinTime:0.005]]
LogConfig: Setting CVar [[s.UseBackgroundLevelStreaming:1]]
LogConfig: Setting CVar [[s.PriorityAsyncLoadingExtraTime:15.0]]
LogConfig: Setting CVar [[s.LevelStreamingActorsUpdateTimeLimit:5.0]]
LogConfig: Setting CVar [[s.PriorityLevelStreamingActorsUpdateExtraTime:5.0]]
LogConfig: Setting CVar [[s.LevelStreamingComponentsRegistrationGranularity:10]]
LogConfig: Setting CVar [[s.UnregisterComponentsTimeLimit:1.0]]
LogConfig: Setting CVar [[s.LevelStreamingComponentsUnregistrationGranularity:5]]
LogConfig: Setting CVar [[s.FlushStreamingOnExit:1]]
LogInit: Object subsystem initialized
LogConfig: Setting CVar [[con.DebugEarlyDefault:1]]
LogConfig: Setting CVar [[r.setres:1280x720]]
[2023.11.28-15.56.22:835][  0]LogConfig: Setting CVar [[con.DebugEarlyDefault:1]]
[2023.11.28-15.56.22:835][  0]LogConfig: Setting CVar [[r.setres:1280x720]]
[2023.11.28-15.56.22:835][  0]LogConfig: Applying CVar settings from Section [/Script/Engine.RendererSettings] File [C:/Users/6jowen88/Documents/Unreal Projects/GSP_Wk10/Saved/Config/Windows/Engine.ini]
[2023.11.28-15.56.22:835][  0]LogConfig: Setting CVar [[r.GPUCrashDebugging:0]]
[2023.11.28-15.56.22:835][  0]LogConfig: Applying CVar settings from Section [/Script/Engine.RendererOverrideSettings] File [C:/Users/6jowen88/Documents/Unreal Projects/GSP_Wk10/Saved/Config/Windows/Engine.ini]
[2023.11.28-15.56.22:835][  0]LogConfig: Applying CVar settings from Section [/Script/Engine.StreamingSettings] File [C:/Users/6jowen88/Documents/Unreal Projects/GSP_Wk10/Saved/Config/Windows/Engine.ini]
[2023.11.28-15.56.22:835][  0]LogConfig: Setting CVar [[s.MinBulkDataSizeForAsyncLoading:131072]]
[2023.11.28-15.56.22:835][  0]LogConfig: Setting CVar [[s.AsyncLoadingThreadEnabled:0]]
[2023.11.28-15.56.22:835][  0]LogConfig: Setting CVar [[s.EventDrivenLoaderEnabled:1]]
[2023.11.28-15.56.22:835][  0]LogConfig: Setting CVar [[s.WarnIfTimeLimitExceeded:0]]
[2023.11.28-15.56.22:835][  0]LogConfig: Setting CVar [[s.TimeLimitExceededMultiplier:1.5]]
[2023.11.28-15.56.22:835][  0]LogConfig: Setting CVar [[s.TimeLimitExceededMinTime:0.005]]
[2023.11.28-15.56.22:835][  0]LogConfig: Setting CVar [[s.UseBackgroundLevelStreaming:1]]
[2023.11.28-15.56.22:835][  0]LogConfig: Setting CVar [[s.PriorityAsyncLoadingExtraTime:15.0]]
[2023.11.28-15.56.22:835][  0]LogConfig: Setting CVar [[s.LevelStreamingActorsUpdateTimeLimit:5.0]]
[2023.11.28-15.56.22:835][  0]LogConfig: Setting CVar [[s.PriorityLevelStreamingActorsUpdateExtraTime:5.0]]
[2023.11.28-15.56.22:835][  0]LogConfig: Setting CVar [[s.LevelStreamingComponentsRegistrationGranularity:10]]
[2023.11.28-15.56.22:835][  0]LogConfig: Setting CVar [[s.UnregisterComponentsTimeLimit:1.0]]
[2023.11.28-15.56.22:835][  0]LogConfig: Setting CVar [[s.LevelStreamingComponentsUnregistrationGranularity:5]]
[2023.11.28-15.56.22:835][  0]LogConfig: Setting CVar [[s.FlushStreamingOnExit:1]]
[2023.11.28-15.56.22:835][  0]LogConfig: Applying CVar settings from Section [/Script/Engine.GarbageCollectionSettings] File [C:/Users/6jowen88/Documents/Unreal Projects/GSP_Wk10/Saved/Config/Windows/Engine.ini]
[2023.11.28-15.56.22:835][  0]LogConfig: Setting CVar [[gc.MaxObjectsNotConsideredByGC:1]]
[2023.11.28-15.56.22:835][  0]LogConfig: Setting CVar [[gc.SizeOfPermanentObjectPool:0]]
[2023.11.28-15.56.22:835][  0]LogConfig: Setting CVar [[gc.FlushStreamingOnGC:0]]
[2023.11.28-15.56.22:835][  0]LogConfig: Setting CVar [[gc.NumRetriesBeforeForcingGC:10]]
[2023.11.28-15.56.22:835][  0]LogConfig: Setting CVar [[gc.AllowParallelGC:1]]
[2023.11.28-15.56.22:835][  0]LogConfig: Setting CVar [[gc.TimeBetweenPurgingPendingKillObjects:61.1]]
[2023.11.28-15.56.22:835][  0]LogConfig: Setting CVar [[gc.MaxObjectsInEditor:25165824]]
[2023.11.28-15.56.22:836][  0]LogConfig: Setting CVar [[gc.IncrementalBeginDestroyEnabled:1]]
[2023.11.28-15.56.22:836][  0]LogConfig: Setting CVar [[gc.CreateGCClusters:1]]
[2023.11.28-15.56.22:836][  0]LogConfig: Setting CVar [[gc.MinGCClusterSize:5]]
[2023.11.28-15.56.22:836][  0]LogConfig: Setting CVar [[gc.ActorClusteringEnabled:0]]
[2023.11.28-15.56.22:836][  0]LogConfig: Setting CVar [[gc.BlueprintClusteringEnabled:0]]
[2023.11.28-15.56.22:836][  0]LogConfig: Setting CVar [[gc.UseDisregardForGCOnDedicatedServers:0]]
[2023.11.28-15.56.22:836][  0]LogConfig: Setting CVar [[gc.MultithreadedDestructionEnabled:1]]
[2023.11.28-15.56.22:836][  0]LogConfig: Applying CVar settings from Section [/Script/Engine.NetworkSettings] File [C:/Users/6jowen88/Documents/Unreal Projects/GSP_Wk10/Saved/Config/Windows/Engine.ini]
[2023.11.28-15.56.22:836][  0]LogConfig: Applying CVar settings from Section [/Script/UnrealEd.CookerSettings] File [C:/Users/6jowen88/Documents/Unreal Projects/GSP_Wk10/Saved/Config/Windows/Engine.ini]
[2023.11.28-15.56.22:836][  0]LogConfig: Applying CVar settings from Section [ViewDistanceQuality@3] File [C:/Users/6jowen88/Documents/Unreal Projects/GSP_Wk10/Saved/Config/Windows/Scalability.ini]
[2023.11.28-15.56.22:836][  0]LogConfig: Setting CVar [[r.SkeletalMeshLODBias:0]]
[2023.11.28-15.56.22:836][  0]LogConfig: Setting CVar [[r.ViewDistanceScale:1.0]]
[2023.11.28-15.56.22:836][  0]LogConfig: Applying CVar settings from Section [AntiAliasingQuality@3] File [C:/Users/6jowen88/Documents/Unreal Projects/GSP_Wk10/Saved/Config/Windows/Scalability.ini]
[2023.11.28-15.56.22:836][  0]LogConfig: Setting CVar [[r.PostProcessAAQuality:4]]
[2023.11.28-15.56.22:836][  0]LogConfig: Applying CVar settings from Section [ShadowQuality@3] File [C:/Users/6jowen88/Documents/Unreal Projects/GSP_Wk10/Saved/Config/Windows/Scalability.ini]
[2023.11.28-15.56.22:836][  0]LogConfig: Setting CVar [[r.LightFunctionQuality:1]]
[2023.11.28-15.56.22:836][  0]LogConfig: Setting CVar [[r.ShadowQuality:5]]
[2023.11.28-15.56.22:836][  0]LogConfig: Setting CVar [[r.Shadow.CSM.MaxCascades:10]]
[2023.11.28-15.56.22:836][  0]LogConfig: Setting CVar [[r.Shadow.MaxResolution:2048]]
[2023.11.28-15.56.22:836][  0]LogConfig: Setting CVar [[r.Shadow.MaxCSMResolution:2048]]
[2023.11.28-15.56.22:836][  0]LogConfig: Setting CVar [[r.Shadow.RadiusThreshold:0.01]]
[2023.11.28-15.56.22:836][  0]LogConfig: Setting CVar [[r.Shadow.DistanceScale:1.0]]
[2023.11.28-15.56.22:836][  0]LogConfig: Setting CVar [[r.Shadow.CSM.TransitionScale:1.0]]
[2023.11.28-15.56.22:836][  0]LogConfig: Setting CVar [[r.Shadow.PreShadowResolutionFactor:1.0]]
[2023.11.28-15.56.22:836][  0]LogConfig: Setting CVar [[r.DistanceFieldShadowing:1]]
[2023.11.28-15.56.22:836][  0]LogConfig: Setting CVar [[r.DistanceFieldAO:1]]
[2023.11.28-15.56.22:836][  0]LogConfig: Setting CVar [[r.AOQuality:2]]
[2023.11.28-15.56.22:836][  0]LogConfig: Setting CVar [[r.VolumetricFog:1]]
[2023.11.28-15.56.22:836][  0]LogConfig: Setting CVar [[r.VolumetricFog.GridPixelSize:8]]
[2023.11.28-15.56.22:836][  0]LogConfig: Setting CVar [[r.VolumetricFog.GridSizeZ:128]]
[2023.11.28-15.56.22:836][  0]LogConfig: Setting CVar [[r.VolumetricFog.HistoryMissSupersampleCount:4]]
[2023.11.28-15.56.22:836][  0]LogConfig: Setting CVar [[r.LightMaxDrawDistanceScale:1]]
[2023.11.28-15.56.22:836][  0]LogConfig: Setting CVar [[r.CapsuleShadows:1]]
[2023.11.28-15.56.22:836][  0]LogConfig: Applying CVar settings from Section [PostProcessQuality@3] File [C:/Users/6jowen88/Documents/Unreal Projects/GSP_Wk10/Saved/Config/Windows/Scalability.ini]
[2023.11.28-15.56.22:836][  0]LogConfig: Setting CVar [[r.MotionBlurQuality:4]]
[2023.11.28-15.56.22:836][  0]LogConfig: Setting CVar [[r.AmbientOcclusionMipLevelFactor:0.4]]
[2023.11.28-15.56.22:836][  0]LogConfig: Setting CVar [[r.AmbientOcclusionMaxQuality:100]]
[2023.11.28-15.56.22:836][  0]LogConfig: Setting CVar [[r.AmbientOcclusionLevels:-1]]
[2023.11.28-15.56.22:836][  0]LogConfig: Setting CVar [[r.AmbientOcclusionRadiusScale:1.0]]
[2023.11.28-15.56.22:836][  0]LogConfig: Setting CVar [[r.DepthOfFieldQuality:2]]
[2023.11.28-15.56.22:836][  0]LogConfig: Setting CVar [[r.RenderTargetPoolMin:400]]
[2023.11.28-15.56.22:836][  0]LogConfig: Setting CVar [[r.LensFlareQuality:2]]
[2023.11.28-15.56.22:836][  0]LogConfig: Setting CVar [[r.SceneColorFringeQuality:1]]
[2023.11.28-15.56.22:836][  0]LogConfig: Setting CVar [[r.EyeAdaptationQuality:2]]
[2023.11.28-15.56.22:836][  0]LogConfig: Setting CVar [[r.BloomQuality:5]]
[2023.11.28-15.56.22:836][  0]LogConfig: Setting CVar [[r.FastBlurThreshold:100]]
[2023.11.28-15.56.22:836][  0]LogConfig: Setting CVar [[r.Upscale.Quality:3]]
[2023.11.28-15.56.22:836][  0]LogConfig: Setting CVar [[r.Tonemapper.GrainQuantization:1]]
[2023.11.28-15.56.22:836][  0]LogConfig: Setting CVar [[r.LightShaftQuality:1]]
[2023.11.28-15.56.22:836][  0]LogConfig: Setting CVar [[r.Filter.SizeScale:1]]
[2023.11.28-15.56.22:836][  0]LogConfig: Setting CVar [[r.Tonemapper.Quality:5]]
[2023.11.28-15.56.22:836][  0]LogConfig: Setting CVar [[r.DOF.Gather.AccumulatorQuality:1        ; higher gathering accumulator quality]]
[2023.11.28-15.56.22:836][  0]LogConfig: Setting CVar [[r.DOF.Gather.PostfilterMethod:1          ; Median3x3 postfilering method]]
[2023.11.28-15.56.22:836][  0]LogConfig: Setting CVar [[r.DOF.Gather.EnableBokehSettings:0       ; no bokeh simulation when gathering]]
[2023.11.28-15.56.22:836][  0]LogConfig: Setting CVar [[r.DOF.Gather.RingCount:4                 ; medium number of samples when gathering]]
[2023.11.28-15.56.22:836][  0]LogConfig: Setting CVar [[r.DOF.Scatter.ForegroundCompositing:1    ; additive foreground scattering]]
[2023.11.28-15.56.22:836][  0]LogConfig: Setting CVar [[r.DOF.Scatter.BackgroundCompositing:2    ; additive background scattering]]
[2023.11.28-15.56.22:836][  0]LogConfig: Setting CVar [[r.DOF.Scatter.EnableBokehSettings:1      ; bokeh simulation when scattering]]
[2023.11.28-15.56.22:836][  0]LogConfig: Setting CVar [[r.DOF.Scatter.MaxSpriteRatio:0.1         ; only a maximum of 10% of scattered bokeh]]
[2023.11.28-15.56.22:836][  0]LogConfig: Setting CVar [[r.DOF.Recombine.Quality:1                ; cheap slight out of focus]]
[2023.11.28-15.56.22:836][  0]LogConfig: Setting CVar [[r.DOF.Recombine.EnableBokehSettings:0    ; no bokeh simulation on slight out of focus]]
[2023.11.28-15.56.22:836][  0]LogConfig: Setting CVar [[r.DOF.TemporalAAQuality:1                ; more stable temporal accumulation]]
[2023.11.28-15.56.22:836][  0]LogConfig: Setting CVar [[r.DOF.Kernel.MaxForegroundRadius:0.025]]
[2023.11.28-15.56.22:836][  0]LogConfig: Setting CVar [[r.DOF.Kernel.MaxBackgroundRadius:0.025]]
[2023.11.28-15.56.22:836][  0]LogConfig: Applying CVar settings from Section [TextureQuality@3] File [C:/Users/6jowen88/Documents/Unreal Projects/GSP_Wk10/Saved/Config/Windows/Scalability.ini]
[2023.11.28-15.56.22:836][  0]LogConfig: Setting CVar [[r.Streaming.MipBias:0]]
[2023.11.28-15.56.22:836][  0]LogConfig: Setting CVar [[r.Streaming.AmortizeCPUToGPUCopy:0]]
[2023.11.28-15.56.22:836][  0]LogConfig: Setting CVar [[r.Streaming.MaxNumTexturesToStreamPerFrame:0]]
[2023.11.28-15.56.22:836][  0]LogConfig: Setting CVar [[r.Streaming.Boost:1]]
[2023.11.28-15.56.22:836][  0]LogConfig: Setting CVar [[r.MaxAnisotropy:8]]
[2023.11.28-15.56.22:836][  0]LogConfig: Setting CVar [[r.VT.MaxAnisotropy:8]]
[2023.11.28-15.56.22:836][  0]LogConfig: Setting CVar [[r.Streaming.LimitPoolSizeToVRAM:0]]
[2023.11.28-15.56.22:836][  0]LogConfig: Setting CVar [[r.Streaming.PoolSize:1000]]
[2023.11.28-15.56.22:836][  0]LogConfig: Setting CVar [[r.Streaming.MaxEffectiveScreenSize:0]]
[2023.11.28-15.56.22:836][  0]LogConfig: Applying CVar settings from Section [EffectsQuality@3] File [C:/Users/6jowen88/Documents/Unreal Projects/GSP_Wk10/Saved/Config/Windows/Scalability.ini]
[2023.11.28-15.56.22:836][  0]LogConfig: Setting CVar [[r.TranslucencyLightingVolumeDim:64]]
[2023.11.28-15.56.22:836][  0]LogConfig: Setting CVar [[r.RefractionQuality:2]]
[2023.11.28-15.56.22:836][  0]LogConfig: Setting CVar [[r.SSR.Quality:3]]
[2023.11.28-15.56.22:836][  0]LogConfig: Setting CVar [[r.SSR.HalfResSceneColor:0]]
[2023.11.28-15.56.22:836][  0]LogConfig: Setting CVar [[r.SceneColorFormat:4]]
[2023.11.28-15.56.22:836][  0]LogConfig: Setting CVar [[r.DetailMode:2]]
[2023.11.28-15.56.22:836][  0]LogConfig: Setting CVar [[r.TranslucencyVolumeBlur:1]]
[2023.11.28-15.56.22:836][  0]LogConfig: Setting CVar [[r.MaterialQualityLevel:1 ; High quality]]
[2023.11.28-15.56.22:836][  0]LogConfig: Setting CVar [[r.AnisotropicMaterials:1]]
[2023.11.28-15.56.22:836][  0]LogConfig: Setting CVar [[r.SSS.Scale:1]]
[2023.11.28-15.56.22:836][  0]LogConfig: Setting CVar [[r.SSS.SampleSet:2]]
[2023.11.28-15.56.22:836][  0]LogConfig: Setting CVar [[r.SSS.Quality:1]]
[2023.11.28-15.56.22:836][  0]LogConfig: Setting CVar [[r.SSS.HalfRes:0]]
[2023.11.28-15.56.22:836][  0]LogConfig: Setting CVar [[r.SSGI.Quality:3]]
[2023.11.28-15.56.22:836][  0]LogConfig: Setting CVar [[r.EmitterSpawnRateScale:1.0]]
[2023.11.28-15.56.22:836][  0]LogConfig: Setting CVar [[r.ParticleLightQuality:2]]
[2023.11.28-15.56.22:836][  0]LogConfig: Setting CVar [[r.SkyAtmosphere.AerialPerspectiveLUT.FastApplyOnOpaque:1 ; Always have FastSkyLUT 1 in this case to avoid wrong sky]]
[2023.11.28-15.56.22:836][  0]LogConfig: Setting CVar [[r.SkyAtmosphere.AerialPerspectiveLUT.SampleCountMaxPerSlice:4]]
[2023.11.28-15.56.22:836][  0]LogConfig: Setting CVar [[r.SkyAtmosphere.AerialPerspectiveLUT.DepthResolution:16.0]]
[2023.11.28-15.56.22:836][  0]LogConfig: Setting CVar [[r.SkyAtmosphere.FastSkyLUT:1]]
[2023.11.28-15.56.22:836][  0]LogConfig: Setting CVar [[r.SkyAtmosphere.FastSkyLUT.SampleCountMin:4.0]]
[2023.11.28-15.56.22:836][  0]LogConfig: Setting CVar [[r.SkyAtmosphere.FastSkyLUT.SampleCountMax:128.0]]
[2023.11.28-15.56.22:836][  0]LogConfig: Setting CVar [[r.SkyAtmosphere.SampleCountMin:4.0]]
[2023.11.28-15.56.22:836][  0]LogConfig: Setting CVar [[r.SkyAtmosphere.SampleCountMax:128.0]]
[2023.11.28-15.56.22:836][  0]LogConfig: Setting CVar [[r.SkyAtmosphere.TransmittanceLUT.UseSmallFormat:0]]
[2023.11.28-15.56.22:836][  0]LogConfig: Setting CVar [[r.SkyAtmosphere.TransmittanceLUT.SampleCount:10.0]]
[2023.11.28-15.56.22:836][  0]LogConfig: Setting CVar [[r.SkyAtmosphere.MultiScatteringLUT.SampleCount:15.0]]
[2023.11.28-15.56.22:836][  0]LogConfig: Setting CVar [[r.SkyLight.RealTimeReflectionCapture:1]]
[2023.11.28-15.56.22:836][  0]LogConfig: Applying CVar settings from Section [FoliageQuality@3] File [C:/Users/6jowen88/Documents/Unreal Projects/GSP_Wk10/Saved/Config/Windows/Scalability.ini]
[2023.11.28-15.56.22:836][  0]LogConfig: Setting CVar [[foliage.DensityScale:1.0]]
[2023.11.28-15.56.22:837][  0]LogConfig: Setting CVar [[grass.DensityScale:1.0]]
[2023.11.28-15.56.22:837][  0]LogConfig: Applying CVar settings from Section [ShadingQuality@3] File [C:/Users/6jowen88/Documents/Unreal Projects/GSP_Wk10/Saved/Config/Windows/Scalability.ini]
[2023.11.28-15.56.22:837][  0]LogConfig: Setting CVar [[r.HairStrands.SkyLighting.IntegrationType:2]]
[2023.11.28-15.56.22:837][  0]LogConfig: Setting CVar [[r.HairStrands.SkyAO.SampleCount:4]]
[2023.11.28-15.56.22:837][  0]LogConfig: Setting CVar [[r.HairStrands.Visibility.MSAA.SamplePerPixel:4]]
[2023.11.28-15.56.22:840][  0]LogInit: Selected Device Profile: [Windows]
[2023.11.28-15.56.22:840][  0]LogInit: Applying CVar settings loaded from the selected device profile: [Windows]
[2023.11.28-15.56.22:840][  0]LogHAL: Display: Platform has ~ 32 GB [34298605568 / 34359738368 / 32], which maps to Largest [LargestMinGB=32, LargerMinGB=12, DefaultMinGB=8, SmallerMinGB=6, SmallestMinGB=0)
[2023.11.28-15.56.22:840][  0]LogInit: Going up to parent DeviceProfile []
[2023.11.28-15.56.22:840][  0]LogConfig: Applying CVar settings from Section [ViewDistanceQuality@3] File [C:/Users/6jowen88/Documents/Unreal Projects/GSP_Wk10/Saved/Config/Windows/Scalability.ini]
[2023.11.28-15.56.22:840][  0]LogConfig: Setting CVar [[r.SkeletalMeshLODBias:0]]
[2023.11.28-15.56.22:840][  0]LogConfig: Setting CVar [[r.ViewDistanceScale:1.0]]
[2023.11.28-15.56.22:840][  0]LogConfig: Applying CVar settings from Section [AntiAliasingQuality@3] File [C:/Users/6jowen88/Documents/Unreal Projects/GSP_Wk10/Saved/Config/Windows/Scalability.ini]
[2023.11.28-15.56.22:840][  0]LogConfig: Setting CVar [[r.PostProcessAAQuality:4]]
[2023.11.28-15.56.22:840][  0]LogConfig: Applying CVar settings from Section [ShadowQuality@3] File [C:/Users/6jowen88/Documents/Unreal Projects/GSP_Wk10/Saved/Config/Windows/Scalability.ini]
[2023.11.28-15.56.22:840][  0]LogConfig: Setting CVar [[r.LightFunctionQuality:1]]
[2023.11.28-15.56.22:840][  0]LogConfig: Setting CVar [[r.ShadowQuality:5]]
[2023.11.28-15.56.22:840][  0]LogConfig: Setting CVar [[r.Shadow.CSM.MaxCascades:10]]
[2023.11.28-15.56.22:840][  0]LogConfig: Setting CVar [[r.Shadow.MaxResolution:2048]]
[2023.11.28-15.56.22:840][  0]LogConfig: Setting CVar [[r.Shadow.MaxCSMResolution:2048]]
[2023.11.28-15.56.22:840][  0]LogConfig: Setting CVar [[r.Shadow.RadiusThreshold:0.01]]
[2023.11.28-15.56.22:840][  0]LogConfig: Setting CVar [[r.Shadow.DistanceScale:1.0]]
[2023.11.28-15.56.22:840][  0]LogConfig: Setting CVar [[r.Shadow.CSM.TransitionScale:1.0]]
[2023.11.28-15.56.22:840][  0]LogConfig: Setting CVar [[r.Shadow.PreShadowResolutionFactor:1.0]]
[2023.11.28-15.56.22:840][  0]LogConfig: Setting CVar [[r.DistanceFieldShadowing:1]]
[2023.11.28-15.56.22:840][  0]LogConfig: Setting CVar [[r.DistanceFieldAO:1]]
[2023.11.28-15.56.22:840][  0]LogConfig: Setting CVar [[r.AOQuality:2]]
[2023.11.28-15.56.22:840][  0]LogConfig: Setting CVar [[r.VolumetricFog:1]]
[2023.11.28-15.56.22:840][  0]LogConfig: Setting CVar [[r.VolumetricFog.GridPixelSize:8]]
[2023.11.28-15.56.22:840][  0]LogConfig: Setting CVar [[r.VolumetricFog.GridSizeZ:128]]
[2023.11.28-15.56.22:840][  0]LogConfig: Setting CVar [[r.VolumetricFog.HistoryMissSupersampleCount:4]]
[2023.11.28-15.56.22:840][  0]LogConfig: Setting CVar [[r.LightMaxDrawDistanceScale:1]]
[2023.11.28-15.56.22:840][  0]LogConfig: Setting CVar [[r.CapsuleShadows:1]]
[2023.11.28-15.56.22:840][  0]LogConfig: Applying CVar settings from Section [PostProcessQuality@3] File [C:/Users/6jowen88/Documents/Unreal Projects/GSP_Wk10/Saved/Config/Windows/Scalability.ini]
[2023.11.28-15.56.22:840][  0]LogConfig: Setting CVar [[r.MotionBlurQuality:4]]
[2023.11.28-15.56.22:840][  0]LogConfig: Setting CVar [[r.AmbientOcclusionMipLevelFactor:0.4]]
[2023.11.28-15.56.22:840][  0]LogConfig: Setting CVar [[r.AmbientOcclusionMaxQuality:100]]
[2023.11.28-15.56.22:840][  0]LogConfig: Setting CVar [[r.AmbientOcclusionLevels:-1]]
[2023.11.28-15.56.22:840][  0]LogConfig: Setting CVar [[r.AmbientOcclusionRadiusScale:1.0]]
[2023.11.28-15.56.22:840][  0]LogConfig: Setting CVar [[r.DepthOfFieldQuality:2]]
[2023.11.28-15.56.22:840][  0]LogConfig: Setting CVar [[r.RenderTargetPoolMin:400]]
[2023.11.28-15.56.22:840][  0]LogConfig: Setting CVar [[r.LensFlareQuality:2]]
[2023.11.28-15.56.22:840][  0]LogConfig: Setting CVar [[r.SceneColorFringeQuality:1]]
[2023.11.28-15.56.22:840][  0]LogConfig: Setting CVar [[r.EyeAdaptationQuality:2]]
[2023.11.28-15.56.22:840][  0]LogConfig: Setting CVar [[r.BloomQuality:5]]
[2023.11.28-15.56.22:840][  0]LogConfig: Setting CVar [[r.FastBlurThreshold:100]]
[2023.11.28-15.56.22:840][  0]LogConfig: Setting CVar [[r.Upscale.Quality:3]]
[2023.11.28-15.56.22:840][  0]LogConfig: Setting CVar [[r.Tonemapper.GrainQuantization:1]]
[2023.11.28-15.56.22:840][  0]LogConfig: Setting CVar [[r.LightShaftQuality:1]]
[2023.11.28-15.56.22:840][  0]LogConfig: Setting CVar [[r.Filter.SizeScale:1]]
[2023.11.28-15.56.22:840][  0]LogConfig: Setting CVar [[r.Tonemapper.Quality:5]]
[2023.11.28-15.56.22:840][  0]LogConfig: Setting CVar [[r.DOF.Gather.AccumulatorQuality:1        ; higher gathering accumulator quality]]
[2023.11.28-15.56.22:840][  0]LogConfig: Setting CVar [[r.DOF.Gather.PostfilterMethod:1          ; Median3x3 postfilering method]]
[2023.11.28-15.56.22:840][  0]LogConfig: Setting CVar [[r.DOF.Gather.EnableBokehSettings:0       ; no bokeh simulation when gathering]]
[2023.11.28-15.56.22:840][  0]LogConfig: Setting CVar [[r.DOF.Gather.RingCount:4                 ; medium number of samples when gathering]]
[2023.11.28-15.56.22:840][  0]LogConfig: Setting CVar [[r.DOF.Scatter.ForegroundCompositing:1    ; additive foreground scattering]]
[2023.11.28-15.56.22:840][  0]LogConfig: Setting CVar [[r.DOF.Scatter.BackgroundCompositing:2    ; additive background scattering]]
[2023.11.28-15.56.22:840][  0]LogConfig: Setting CVar [[r.DOF.Scatter.EnableBokehSettings:1      ; bokeh simulation when scattering]]
[2023.11.28-15.56.22:840][  0]LogConfig: Setting CVar [[r.DOF.Scatter.MaxSpriteRatio:0.1         ; only a maximum of 10% of scattered bokeh]]
[2023.11.28-15.56.22:840][  0]LogConfig: Setting CVar [[r.DOF.Recombine.Quality:1                ; cheap slight out of focus]]
[2023.11.28-15.56.22:840][  0]LogConfig: Setting CVar [[r.DOF.Recombine.EnableBokehSettings:0    ; no bokeh simulation on slight out of focus]]
[2023.11.28-15.56.22:840][  0]LogConfig: Setting CVar [[r.DOF.TemporalAAQuality:1                ; more stable temporal accumulation]]
[2023.11.28-15.56.22:840][  0]LogConfig: Setting CVar [[r.DOF.Kernel.MaxForegroundRadius:0.025]]
[2023.11.28-15.56.22:840][  0]LogConfig: Setting CVar [[r.DOF.Kernel.MaxBackgroundRadius:0.025]]
[2023.11.28-15.56.22:840][  0]LogConfig: Applying CVar settings from Section [TextureQuality@3] File [C:/Users/6jowen88/Documents/Unreal Projects/GSP_Wk10/Saved/Config/Windows/Scalability.ini]
[2023.11.28-15.56.22:840][  0]LogConfig: Setting CVar [[r.Streaming.MipBias:0]]
[2023.11.28-15.56.22:840][  0]LogConfig: Setting CVar [[r.Streaming.AmortizeCPUToGPUCopy:0]]
[2023.11.28-15.56.22:840][  0]LogConfig: Setting CVar [[r.Streaming.MaxNumTexturesToStreamPerFrame:0]]
[2023.11.28-15.56.22:840][  0]LogConfig: Setting CVar [[r.Streaming.Boost:1]]
[2023.11.28-15.56.22:840][  0]LogConfig: Setting CVar [[r.MaxAnisotropy:8]]
[2023.11.28-15.56.22:840][  0]LogConfig: Setting CVar [[r.VT.MaxAnisotropy:8]]
[2023.11.28-15.56.22:840][  0]LogConfig: Setting CVar [[r.Streaming.LimitPoolSizeToVRAM:0]]
[2023.11.28-15.56.22:840][  0]LogConfig: Setting CVar [[r.Streaming.PoolSize:1000]]
[2023.11.28-15.56.22:840][  0]LogConfig: Setting CVar [[r.Streaming.MaxEffectiveScreenSize:0]]
[2023.11.28-15.56.22:840][  0]LogConfig: Applying CVar settings from Section [EffectsQuality@3] File [C:/Users/6jowen88/Documents/Unreal Projects/GSP_Wk10/Saved/Config/Windows/Scalability.ini]
[2023.11.28-15.56.22:840][  0]LogConfig: Setting CVar [[r.TranslucencyLightingVolumeDim:64]]
[2023.11.28-15.56.22:840][  0]LogConfig: Setting CVar [[r.RefractionQuality:2]]
[2023.11.28-15.56.22:840][  0]LogConfig: Setting CVar [[r.SSR.Quality:3]]
[2023.11.28-15.56.22:840][  0]LogConfig: Setting CVar [[r.SSR.HalfResSceneColor:0]]
[2023.11.28-15.56.22:841][  0]LogConfig: Setting CVar [[r.SceneColorFormat:4]]
[2023.11.28-15.56.22:841][  0]LogConfig: Setting CVar [[r.DetailMode:2]]
[2023.11.28-15.56.22:841][  0]LogConfig: Setting CVar [[r.TranslucencyVolumeBlur:1]]
[2023.11.28-15.56.22:841][  0]LogConfig: Setting CVar [[r.MaterialQualityLevel:1 ; High quality]]
[2023.11.28-15.56.22:841][  0]LogConfig: Setting CVar [[r.AnisotropicMaterials:1]]
[2023.11.28-15.56.22:841][  0]LogConfig: Setting CVar [[r.SSS.Scale:1]]
[2023.11.28-15.56.22:841][  0]LogConfig: Setting CVar [[r.SSS.SampleSet:2]]
[2023.11.28-15.56.22:841][  0]LogConfig: Setting CVar [[r.SSS.Quality:1]]
[2023.11.28-15.56.22:841][  0]LogConfig: Setting CVar [[r.SSS.HalfRes:0]]
[2023.11.28-15.56.22:841][  0]LogConfig: Setting CVar [[r.SSGI.Quality:3]]
[2023.11.28-15.56.22:841][  0]LogConfig: Setting CVar [[r.EmitterSpawnRateScale:1.0]]
[2023.11.28-15.56.22:841][  0]LogConfig: Setting CVar [[r.ParticleLightQuality:2]]
[2023.11.28-15.56.22:841][  0]LogConfig: Setting CVar [[r.SkyAtmosphere.AerialPerspectiveLUT.FastApplyOnOpaque:1 ; Always have FastSkyLUT 1 in this case to avoid wrong sky]]
[2023.11.28-15.56.22:841][  0]LogConfig: Setting CVar [[r.SkyAtmosphere.AerialPerspectiveLUT.SampleCountMaxPerSlice:4]]
[2023.11.28-15.56.22:841][  0]LogConfig: Setting CVar [[r.SkyAtmosphere.AerialPerspectiveLUT.DepthResolution:16.0]]
[2023.11.28-15.56.22:841][  0]LogConfig: Setting CVar [[r.SkyAtmosphere.FastSkyLUT:1]]
[2023.11.28-15.56.22:841][  0]LogConfig: Setting CVar [[r.SkyAtmosphere.FastSkyLUT.SampleCountMin:4.0]]
[2023.11.28-15.56.22:841][  0]LogConfig: Setting CVar [[r.SkyAtmosphere.FastSkyLUT.SampleCountMax:128.0]]
[2023.11.28-15.56.22:841][  0]LogConfig: Setting CVar [[r.SkyAtmosphere.SampleCountMin:4.0]]
[2023.11.28-15.56.22:841][  0]LogConfig: Setting CVar [[r.SkyAtmosphere.SampleCountMax:128.0]]
[2023.11.28-15.56.22:841][  0]LogConfig: Setting CVar [[r.SkyAtmosphere.TransmittanceLUT.UseSmallFormat:0]]
[2023.11.28-15.56.22:841][  0]LogConfig: Setting CVar [[r.SkyAtmosphere.TransmittanceLUT.SampleCount:10.0]]
[2023.11.28-15.56.22:841][  0]LogConfig: Setting CVar [[r.SkyAtmosphere.MultiScatteringLUT.SampleCount:15.0]]
[2023.11.28-15.56.22:841][  0]LogConfig: Setting CVar [[r.SkyLight.RealTimeReflectionCapture:1]]
[2023.11.28-15.56.22:841][  0]LogConfig: Applying CVar settings from Section [FoliageQuality@3] File [C:/Users/6jowen88/Documents/Unreal Projects/GSP_Wk10/Saved/Config/Windows/Scalability.ini]
[2023.11.28-15.56.22:841][  0]LogConfig: Setting CVar [[foliage.DensityScale:1.0]]
[2023.11.28-15.56.22:841][  0]LogConfig: Setting CVar [[grass.DensityScale:1.0]]
[2023.11.28-15.56.22:841][  0]LogConfig: Applying CVar settings from Section [ShadingQuality@3] File [C:/Users/6jowen88/Documents/Unreal Projects/GSP_Wk10/Saved/Config/Windows/Scalability.ini]
[2023.11.28-15.56.22:841][  0]LogConfig: Setting CVar [[r.HairStrands.SkyLighting.IntegrationType:2]]
[2023.11.28-15.56.22:841][  0]LogConfig: Setting CVar [[r.HairStrands.SkyAO.SampleCount:4]]
[2023.11.28-15.56.22:841][  0]LogConfig: Setting CVar [[r.HairStrands.Visibility.MSAA.SamplePerPixel:4]]
[2023.11.28-15.56.22:841][  0]LogConfig: Applying CVar settings from Section [Startup] File [../../../Engine/Config/ConsoleVariables.ini]
[2023.11.28-15.56.22:846][  0]LogConfig: Setting CVar [[net.UseAdaptiveNetUpdateFrequency:0]]
[2023.11.28-15.56.22:846][  0]LogConfig: Setting CVar [[p.chaos.AllowCreatePhysxBodies:1]]
[2023.11.28-15.56.22:846][  0]LogConfig: Setting CVar [[fx.SkipVectorVMBackendOptimizations:1]]
[2023.11.28-15.56.22:847][  0]LogConfig: Applying CVar settings from Section [ConsoleVariables] File [C:/Users/6jowen88/Documents/Unreal Projects/GSP_Wk10/Saved/Config/Windows/Engine.ini]
[2023.11.28-15.56.22:847][  0]LogConfig: Applying CVar settings from Section [ConsoleVariables] File [C:/Users/6jowen88/Documents/Unreal Projects/GSP_Wk10/Saved/Config/Windows/Editor.ini]
[2023.11.28-15.56.22:847][  0]LogInit: Computer: W75520
[2023.11.28-15.56.22:847][  0]LogInit: User: 6jowen88
[2023.11.28-15.56.22:847][  0]LogInit: CPU Page size=4096, Cores=8
[2023.11.28-15.56.22:847][  0]LogInit: High frequency timer resolution =10.000000 MHz
[2023.11.28-15.56.22:847][  0]LogMemory: Memory total: Physical=31.9GB (32GB approx)
[2023.11.28-15.56.22:847][  0]LogMemory: Platform Memory Stats for Windows
[2023.11.28-15.56.22:847][  0]LogMemory: Process Physical Memory: 135.00 MB used, 135.00 MB peak
[2023.11.28-15.56.22:847][  0]LogMemory: Process Virtual Memory: 109.11 MB used, 109.11 MB peak
[2023.11.28-15.56.22:847][  0]LogMemory: Physical Memory: 13803.38 MB used,  18906.32 MB free, 32709.70 MB total
[2023.11.28-15.56.22:847][  0]LogMemory: Virtual Memory: 134198392.00 MB used,  19337.14 MB free, 134217728.00 MB total
[2023.11.28-15.56.22:857][  0]LogWindows: WindowsPlatformFeatures enabled
[2023.11.28-15.56.22:885][  0]LogInit: Physics initialised using underlying interface: PhysX
[2023.11.28-15.56.22:885][  0]LogInit: Using OS detected language (en-GB).
[2023.11.28-15.56.22:885][  0]LogInit: Using OS detected locale (en-GB).
[2023.11.28-15.56.22:890][  0]LogTextLocalizationManager: No specific localization for 'en-GB' exists, so the 'en' localization will be used.
[2023.11.28-15.56.26:149][  0]LogTargetPlatformManager: Display: Loaded TargetPlatform 'AllDesktop'
[2023.11.28-15.56.26:167][  0]LogTargetPlatformManager: Display: Loaded TargetPlatform 'Android'
[2023.11.28-15.56.26:167][  0]LogTargetPlatformManager: Display: Loaded TargetPlatform 'Android_ASTC'
[2023.11.28-15.56.26:167][  0]LogTargetPlatformManager: Display: Loaded TargetPlatform 'Android_DXT'
[2023.11.28-15.56.26:167][  0]LogTargetPlatformManager: Display: Loaded TargetPlatform 'Android_ETC2'
[2023.11.28-15.56.26:167][  0]LogTargetPlatformManager: Display: Loaded TargetPlatform 'AndroidClient'
[2023.11.28-15.56.26:167][  0]LogTargetPlatformManager: Display: Loaded TargetPlatform 'Android_ASTCClient'
[2023.11.28-15.56.26:167][  0]LogTargetPlatformManager: Display: Loaded TargetPlatform 'Android_DXTClient'
[2023.11.28-15.56.26:167][  0]LogTargetPlatformManager: Display: Loaded TargetPlatform 'Android_ETC2Client'
[2023.11.28-15.56.26:167][  0]LogTargetPlatformManager: Display: Loaded TargetPlatform 'Android_Multi'
[2023.11.28-15.56.26:167][  0]LogTargetPlatformManager: Display: Loaded TargetPlatform 'Android_MultiClient'
[2023.11.28-15.56.26:184][  0]LogTargetPlatformManager: Display: Loaded TargetPlatform 'IOSClient'
[2023.11.28-15.56.26:184][  0]LogTargetPlatformManager: Display: Loaded TargetPlatform 'IOS'
[2023.11.28-15.56.26:200][  0]LogTargetPlatformManager: Display: Loaded TargetPlatform 'Linux'
[2023.11.28-15.56.26:205][  0]LogTargetPlatformManager: Display: Loaded TargetPlatform 'LinuxNoEditor'
[2023.11.28-15.56.26:209][  0]LogTargetPlatformManager: Display: Loaded TargetPlatform 'LinuxClient'
[2023.11.28-15.56.26:213][  0]LogTargetPlatformManager: Display: Loaded TargetPlatform 'LinuxServer'
[2023.11.28-15.56.26:226][  0]LogTargetPlatformManager: Display: Loaded TargetPlatform 'LinuxAArch64NoEditor'
[2023.11.28-15.56.26:231][  0]LogTargetPlatformManager: Display: Loaded TargetPlatform 'LinuxAArch64Client'
[2023.11.28-15.56.26:235][  0]LogTargetPlatformManager: Display: Loaded TargetPlatform 'LinuxAArch64Server'
[2023.11.28-15.56.26:261][  0]LogTargetPlatformManager: Display: Loaded TargetPlatform 'Lumin'
[2023.11.28-15.56.26:261][  0]LogTargetPlatformManager: Display: Loaded TargetPlatform 'LuminClient'
[2023.11.28-15.56.26:278][  0]LogTargetPlatformManager: Display: Loaded TargetPlatform 'MacNoEditor'
[2023.11.28-15.56.26:282][  0]LogTargetPlatformManager: Display: Loaded TargetPlatform 'Mac'
[2023.11.28-15.56.26:286][  0]LogTargetPlatformManager: Display: Loaded TargetPlatform 'MacClient'
[2023.11.28-15.56.26:290][  0]LogTargetPlatformManager: Display: Loaded TargetPlatform 'MacServer'
[2023.11.28-15.56.26:299][  0]LogTargetPlatformManager: Display: Loaded TargetPlatform 'TVOSClient'
[2023.11.28-15.56.26:299][  0]LogTargetPlatformManager: Display: Loaded TargetPlatform 'TVOS'
[2023.11.28-15.56.26:307][  0]LogTargetPlatformManager: Display: Loaded TargetPlatform 'WindowsNoEditor'
[2023.11.28-15.56.26:312][  0]LogTargetPlatformManager: Display: Loaded TargetPlatform 'Windows'
[2023.11.28-15.56.26:316][  0]LogTargetPlatformManager: Display: Loaded TargetPlatform 'WindowsClient'
[2023.11.28-15.56.26:321][  0]LogTargetPlatformManager: Display: Loaded TargetPlatform 'WindowsServer'
[2023.11.28-15.56.26:321][  0]LogTargetPlatformManager: Display: Building Assets For Windows
[2023.11.28-15.56.26:329][  0]LogAudioDebug: Display: Lib vorbis DLL was dynamically loaded.
[2023.11.28-15.56.26:369][  0]LogTextureFormatOodle: Display: Oodle Texture 2.9.0 init RDO Off
[2023.11.28-15.56.26:401][  0]LogRendererCore: Ray tracing is disabled. Reason: r.RayTracing=0.
[2023.11.28-15.56.26:402][  0]LogDerivedDataCache: Display: Max Cache Size: 512 MB
[2023.11.28-15.56.26:402][  0]LogDerivedDataCache: Display: Starting with empty Boot cache
[2023.11.28-15.56.26:402][  0]LogDerivedDataCache: FDerivedDataBackendGraph:  Pak pak cache file ../../../../../../Users/6jowen88/Documents/Unreal Projects/GSP_Wk10/DerivedDataCache/DDC.ddp not found, will not use a pak cache.
[2023.11.28-15.56.26:402][  0]LogDerivedDataCache: Unable to find inner node Pak for hierarchical cache Hierarchy.
[2023.11.28-15.56.26:465][  0]LogDerivedDataCache: Speed tests for ../../../Engine/DerivedDataCache took 0.06 seconds
[2023.11.28-15.56.26:465][  0]LogDerivedDataCache: Display: Performance to ../../../Engine/DerivedDataCache: Latency=0.07ms. RandomReadSpeed=18.11MBs, RandomWriteSpeed=84.48MBs. Assigned SpeedClass 'Local'
[2023.11.28-15.56.26:466][  0]LogDerivedDataCache: Using Local data cache path ../../../Engine/DerivedDataCache: Writable
[2023.11.28-15.56.26:472][  0]LogAssetRegistry: FAssetRegistry took 0.0014 seconds to start up
[2023.11.28-15.56.26:664][  0]LogInit: Selected Device Profile: [Windows]
[2023.11.28-15.56.26:664][  0]LogInit: Active device profile: [0000016DB86B6700][0000016DAADCB240 49] Windows
[2023.11.28-15.56.26:664][  0]LogInit: Profiles: [0000016DB86B6700][0000016DAADCB240 49] Windows, [0000016DB9672C00][0000016DB62553C0 49] WindowsNoEditor, [0000016DB86B7200][0000016DB6259540 49] WindowsServer, [0000016DB9670F00][0000016DA99436C0 49] WindowsClient, [0000016DB86B5B00][0000016DA9947840 49] IOS, [0000016DB9671400][0000016DA994B9C0 49] iPadAir, [0000016DB86B5200][0000016DA994FB40 49] iPadAir2, [0000016DB960E400][0000016DA995C280 49] IPadPro, [0000016DB960E500][0000016DA99522C0 49] iPadAir3, [0000016DB86B7F00][0000016DB607C440 49] iPadAir4, [0000016DB960E900][0000016DB60805C0 49] iPadMini2, [0000016DB86B4400][0000016DB6084740 49] iPadMini3, [0000016DB960EA00][0000016DAADCE880 49] iPadMini4, [0000016DB86B4100][0000016DB60889C0 49] iPadMini5, [0000016DB9661D00][0000016DB6090C00 49] iPhone6, [0000016DB9661E00][0000016DB608CC40 49] iPodTouch6, [0000016DB960D800][0000016DB609CF00 49] iPhone7, [0000016DB960DE00][0000016DB6098F40 49] iPodTouch7, [0000016DB9662300][0000016DB60A10C0 49] iPhone5S, [0000016DB960E200][0000016DB60A5240 49] iPhone6Plus, [0000016DB9662A00][0000016DB76153C0 49] iPhone6S, [0000016DB960D300][0000016DB7619540 49] iPhone6SPlus, [0000016DB9662800][0000016DB761D6C0 49] iPhone7Plus, [0000016DB960E000][0000016DB7621840 49] iPhoneSE, [0000016DB9662000][0000016DB76259C0 49] iPhone8, [0000016DB960F100][0000016DB7629B40 49] iPhone8Plus, [0000016DB9662200][0000016DB762C140 49] iPhoneX, [0000016DB960DF00][0000016DB76302C0 49] iPhoneXS, [0000016DB9661700][0000016DB7634440 49] iPhoneXSMax, [0000016DB960E600][0000016DB76385C0 49] iPhoneXR, [0000016DB9662C00][0000016DB763C740 49] iPhone11, [0000016DB960EE00][0000016DB76408C0 49] iPhone11Pro, [0000016DB9660E00][0000016DB6094A00 49] iPhone11ProMax, [0000016DB960FF00][0000016DB7644B40 49] iPhoneSE2, [0000016DB9663100][0000016DB7648C80 49] iPhone12Mini, [0000016DB960C100][0000016DB764CDC0 49] iPhone12, [0000016DB9663800][0000016DB7654F40 49] iPhone12Pro, [0000016DB960FD00][0000016DB76590C0 49] iPhone12ProMax, [0000016DB9663200][0000016DB765D240 49] iPadPro105, [0000016DB960CE00][0000016DB76613C0 49] iPadPro129, [0000016DB9661C00][0000016DB7665540 49] iPadPro97, [0000016DB960D900][0000016DB76696C0 49] iPadPro2_129, [0000016DB9662B00][0000016DB766D840 49] iPad5, [0000016DB960C300][0000016DB7FA39C0 49] iPad6, [0000016DB9660D00][0000016DB7FA7B40 49] iPad7, [0000016DB960E800][0000016DB7FAA140 49] iPad8, [0000016DB9663C00][0000016DB7FAE2C0 49] iPadPro11, [0000016DB9672E00][0000016DB7FB2440 49] iPadPro2_11, [0000016DB86F8300][0000016DB7FB65C0 49] iPadPro3_129, [0000016DB9671B00][0000016DB7FBA740 49] iPadPro4_129, [0000016DB86F8D00][0000016DB7FBE8C0 49] AppleTV, [0000016DB9670700][0000016DB7FC2A40 49] AppleTV4K, [0000016DB86F9300][0000016DB7FC6BC0 49] TVOS, [0000016DB9673200][0000016DB7650D00 49] Mac, [0000016DB86F8400][0000016DB7FCAE40 49] MacClient, [0000016DB9663500][0000016DB7FCEF80 49] MacNoEditor, [0000016DB960F200][0000016DB7FD7100 49] MacServer, [0000016DB9660300][0000016DB7FDB280 49] Linux, [0000016DB960D500][0000016DB7FDF400 49] LinuxAArch64, [0000016DB9660800][0000016DB7FE3580 49] LinuxNoEditor, [0000016DB960DB00][0000016DB7FE7700 49] LinuxAArch64NoEditor, [0000016DB9663400][0000016DB7FEB880 49] LinuxClient, [0000016DB960FC00][0000016DB7FEFA00 49] LinuxAArch64Client, [0000016DB9661B00][0000016DB7FF3B80 49] LinuxServer, [0000016DB960ED00][0000016DB7FF6180 49] LinuxAArch64Server, [0000016DB9663700][0000016DB7FFA300 49] Android, [0000016DB960F900][0000016DB7FFE480 49] Android_Low, [0000016DB9660C00][0000016DB8002600 49] Android_Mid, [0000016DB960D200][0000016DB8006780 49] Android_High, [0000016DB9662600][0000016DB800A900 49] Android_Default, [0000016DB960DD00][0000016DB800EA80 49] Android_Adreno4xx, [0000016DB9663E00][0000016DB8012C00 49] Android_Adreno5xx_Low, [0000016DB960CB00][0000016DB8016D80 49] Android_Adreno5xx, [0000016DB9661000][0000016DB7FD2EC0 49] Android_Adreno6xx, [0000016DB960D400][0000016DB801B000 49] Android_Adreno6xx_Vulkan, [0000016DB9662500][0000016DB801F140 49] Android_Mali_T6xx, [0000016DB960F600][0000016DB80272C0 49] Android_Mali_T7xx, [0000016DB9661A00][0000016DB802B440 49] Android_Mali_T8xx, [0000016DB86F8700][0000016DB802F5C0 49] Android_Mali_G71, [0000016DB9662D00][0000016DB8033740 49] Android_Mali_G72, [0000016DB86F8E00][0000016DB80378C0 49] Android_Mali_G72_Vulkan, [0000016DB9661100][0000016DB803BA40 49] Android_Mali_G76, [0000016DB960F800][0000016DB803FBC0 49] Android_Mali_G76_Vulkan, [0000016DB9661400][0000016DB80421C0 49] Android_Mali_G77, [0000016DB960C400][0000016DB8046340 49] Android_Mali_G77_Vulkan, [0000016DB9660A00][0000016DB804A4C0 49] Android_Mali_G78, [0000016DB960C800][0000016DB804E640 49] Android_Mali_G78_Vulkan, [0000016DB9661200][0000016DB80527C0 49] Android_Mali_G710, [0000016DB960C600][0000016DB8056940 49] Android_Mali_G710_Vulkan, [0000016DB9660B00][0000016DB805AAC0 49] Android_Vulkan_SM5, [0000016DB960CA00][0000016DB805EC40 49] Android_PowerVR_G6xxx, [0000016DB9663000][0000016DB8062DC0 49] Android_PowerVR_GT7xxx, [0000016DB960C900][0000016DB8066F40 49] Android_PowerVR_GE8xxx, [0000016DB9663D00][0000016DB8023080 49] Android_PowerVR_GM9xxx, [0000016DB960EC00][0000016DB806B1C0 49] Android_PowerVR_GM9xxx_Vulkan, [0000016DB9662400][0000016DB806F300 49] Android_TegraK1, [0000016DB960D100][0000016DB8073440 49] Android_Unknown_Vulkan, [0000016DB9662E00][0000016DB807B5C0 49] Lumin, [0000016DB86B7500][0000016DB807F740 49] Lumin_Desktop, [0000016DB9671100][0000016DB80838C0 49] HoloLens, 
[2023.11.28-15.56.26:718][  0]LogMeshReduction: Using QuadricMeshReduction for automatic static mesh reduction
[2023.11.28-15.56.26:718][  0]LogMeshReduction: Using SimplygonMeshReduction for automatic skeletal mesh reduction
[2023.11.28-15.56.26:718][  0]LogMeshReduction: Using ProxyLODMeshReduction for automatic mesh merging
[2023.11.28-15.56.26:718][  0]LogMeshReduction: No distributed automatic mesh merging module available
[2023.11.28-15.56.26:718][  0]LogMeshMerging: No distributed automatic mesh merging module available
[2023.11.28-15.56.26:760][  0]LogNetVersion: GSP_Wk10 1.0.0, NetCL: 17155196, EngineNetVer: 17, GameNetVer: 0 (Checksum: 3672958102)
[2023.11.28-15.56.27:453][  0]LogHMD: PokeAHoleMaterial loaded successfully
[2023.11.28-15.56.27:591][  0]LogCollectionManager: Loaded 0 collections in 0.001175 seconds
[2023.11.28-15.56.27:593][  0]LogFileCache: Scanning file cache for directory 'C:/Users/6jowen88/Documents/Unreal Projects/GSP_Wk10/Saved/Collections/' took 0.00s
[2023.11.28-15.56.27:593][  0]LogFileCache: Scanning file cache for directory 'C:/Users/6jowen88/Documents/Unreal Projects/GSP_Wk10/Content/Developers/6jowen88/Collections/' took 0.00s
[2023.11.28-15.56.27:593][  0]LogFileCache: Scanning file cache for directory 'C:/Users/6jowen88/Documents/Unreal Projects/GSP_Wk10/Content/Collections/' took 0.00s
[2023.11.28-15.56.27:593][  0]LogCollectionManager: Fixed up redirectors for 0 collections in 0.000001 seconds (updated 0 objects)
[2023.11.28-15.56.27:720][  0]LogNiagaraDebuggerClient: Niagara Debugger Client Initialized | Session: 2C785D0B4044B3E70CEBFABDC514AFF1 | Instance: CF03BC094E6CF7BE347DC6BF7A5664BF (W75520-36268).
[2023.11.28-15.56.27:869][  0]LogPython: Using Python 3.7.7
[2023.11.28-15.56.28:786][  0]LogSkeletalMesh: Building Skeletal Mesh SK_Mannequin...
[2023.11.28-15.56.28:866][  0]LogSkeletalMesh: Built Skeletal Mesh [0.08s] /Game/Mannequin/Character/Mesh/SK_Mannequin.SK_Mannequin
[2023.11.28-15.56.29:122][  0]LogAnimationCompression: Building Anim DDC data for AnimSequence /Game/Mannequin/Animations/ThirdPersonWalk.ThirdPersonWalk
[2023.11.28-15.56.29:122][  0]LogAnimationCompression: Building Anim DDC data for AnimSequence /Game/Mannequin/Animations/ThirdPersonRun.ThirdPersonRun
[2023.11.28-15.56.29:122][  0]SourceControl: Source control is disabled
[2023.11.28-15.56.29:122][  0]SourceControl: Source control is disabled
[2023.11.28-15.56.29:125][  0]SourceControl: Source control is disabled
[2023.11.28-15.56.29:128][  0]SourceControl: Source control is disabled
[2023.11.28-15.56.29:131][  0]SourceControl: Source control is disabled
[2023.11.28-15.56.29:137][  0]LogUProjectInfo: Found projects:
[2023.11.28-15.56.29:315][  0]LogOpenImageDenoise: OIDN starting up
[2023.11.28-15.56.29:331][  0]LogAndroidPermission: UAndroidPermissionCallbackProxy::GetInstance
[2023.11.28-15.56.29:351][  0]LogAudioCaptureCore: Display: No Audio Capture implementations found. Audio input will be silent.
[2023.11.28-15.56.29:351][  0]LogAudioCaptureCore: Display: No Audio Capture implementations found. Audio input will be silent.
[2023.11.28-15.56.30:062][  0]LogOcInput: OculusInput pre-init called
[2023.11.28-15.56.30:279][  0]LogUObjectArray: 24026 objects as part of root set at end of initial load.
[2023.11.28-15.56.30:279][  0]LogUObjectAllocator: 6775728 out of 0 bytes used by permanent object pool.
[2023.11.28-15.56.30:279][  0]LogUObjectArray: CloseDisregardForGC: 0/0 objects in disregard for GC pool
[2023.11.28-15.56.30:283][  0]LogInit: Error: VisualStudioToolsCommandlet looked like a commandlet, but we could not find the class.
[2023.11.28-15.56.30:283][  0]LogCore: Engine exit requested (reason: Failed to find commandlet class VisualStudioToolsCommandlet)
[2023.11.28-15.56.30:283][  0]LogCore: Engine exit requested (reason: EngineExit() was called; note: exit was already requested)
[2023.11.28-15.56.30:284][  0]LogExit: Preparing to exit.
[2023.11.28-15.56.31:290][  0]LogUObjectHash: Compacting FUObjectHashTables data took   0.56ms
[2023.11.28-15.56.31:337][  0]LogDemo: Cleaned up 0 splitscreen connections with owner deletion
[2023.11.28-15.56.31:368][  0]LogExit: Object subsystem successfully closed.
[2023.11.28-15.56.31:394][  0]LogModuleManager: Shutting down and abandoning module AudioSynesthesiaEditor (596)
[2023.11.28-15.56.31:394][  0]LogModuleManager: Shutting down and abandoning module OculusEditor (594)
[2023.11.28-15.56.31:394][  0]LogModuleManager: Shutting down and abandoning module OculusInput (592)
[2023.11.28-15.56.31:394][  0]LogModuleManager: Shutting down and abandoning module ContentBrowserFileDataSource (590)
[2023.11.28-15.56.31:394][  0]LogModuleManager: Shutting down and abandoning module ContentBrowserClassDataSource (588)
[2023.11.28-15.56.31:394][  0]LogModuleManager: Shutting down and abandoning module ContentBrowserAssetDataSource (586)
[2023.11.28-15.56.31:394][  0]LogModuleManager: Shutting down and abandoning module ToolMenus (585)
[2023.11.28-15.56.31:394][  0]LogModuleManager: Shutting down and abandoning module TakeSequencer (582)
[2023.11.28-15.56.31:394][  0]LogModuleManager: Shutting down and abandoning module TakeMovieScene (580)
[2023.11.28-15.56.31:394][  0]LogModuleManager: Shutting down and abandoning module ScreenshotTools (578)
[2023.11.28-15.56.31:394][  0]LogModuleManager: Shutting down and abandoning module SynthesisEditor (576)
[2023.11.28-15.56.31:394][  0]LogModuleManager: Shutting down and abandoning module Synthesis (574)
[2023.11.28-15.56.31:394][  0]LogModuleManager: Shutting down and abandoning module ProceduralMeshComponentEditor (572)
[2023.11.28-15.56.31:394][  0]LogModuleManager: Shutting down and abandoning module ProceduralMeshComponent (570)
[2023.11.28-15.56.31:394][  0]LogModuleManager: Shutting down and abandoning module OpenXREditor (568)
[2023.11.28-15.56.31:394][  0]LogModuleManager: Shutting down and abandoning module MobilePatchingUtils (566)
[2023.11.28-15.56.31:394][  0]LogModuleManager: Shutting down and abandoning module GooglePAD (564)
[2023.11.28-15.56.31:394][  0]LogModuleManager: Shutting down and abandoning module EditableMesh (562)
[2023.11.28-15.56.31:394][  0]LogModuleManager: Shutting down and abandoning module CustomMeshComponent (560)
[2023.11.28-15.56.31:394][  0]LogModuleManager: Shutting down and abandoning module CableComponent (558)
[2023.11.28-15.56.31:394][  0]LogModuleManager: Shutting down and abandoning module AudioCapture (556)
[2023.11.28-15.56.31:394][  0]LogModuleManager: Shutting down and abandoning module AudioCaptureRtAudio (555)
[2023.11.28-15.56.31:394][  0]LogModuleManager: Shutting down and abandoning module AssetTags (552)
[2023.11.28-15.56.31:394][  0]LogModuleManager: Shutting down and abandoning module ArchVisCharacter (550)
[2023.11.28-15.56.31:394][  0]LogModuleManager: Shutting down and abandoning module AppleImageUtilsBlueprintSupport (548)
[2023.11.28-15.56.31:394][  0]LogModuleManager: Shutting down and abandoning module AppleImageUtils (546)
[2023.11.28-15.56.31:394][  0]LogModuleManager: Shutting down and abandoning module AndroidPermission (544)
[2023.11.28-15.56.31:394][  0]LogModuleManager: Shutting down and abandoning module ActorLayerUtilitiesEditor (542)
[2023.11.28-15.56.31:394][  0]LogModuleManager: Shutting down and abandoning module ActorLayerUtilities (540)
[2023.11.28-15.56.31:394][  0]LogModuleManager: Shutting down and abandoning module TemplateSequence (538)
[2023.11.28-15.56.31:394][  0]LogModuleManager: Shutting down and abandoning module MediaCompositing (536)
[2023.11.28-15.56.31:394][  0]LogModuleManager: Shutting down and abandoning module OpenImageDenoise (534)
[2023.11.28-15.56.31:394][  0]LogOpenImageDenoise: OIDN shutting down
[2023.11.28-15.56.31:395][  0]LogModuleManager: Shutting down and abandoning module MotoSynthEditor (532)
[2023.11.28-15.56.31:395][  0]LogModuleManager: Shutting down and abandoning module MotoSynth (530)
[2023.11.28-15.56.31:395][  0]LogModuleManager: Shutting down and abandoning module MeshConversion (528)
[2023.11.28-15.56.31:395][  0]LogModuleManager: Shutting down and abandoning module DynamicMesh (526)
[2023.11.28-15.56.31:395][  0]LogModuleManager: Shutting down and abandoning module GeometryAlgorithms (524)
[2023.11.28-15.56.31:395][  0]LogModuleManager: Shutting down and abandoning module GeometricObjects (522)
[2023.11.28-15.56.31:395][  0]LogModuleManager: Shutting down and abandoning module MagicLeapSharedWorld (520)
[2023.11.28-15.56.31:395][  0]LogModuleManager: Shutting down and abandoning module MagicLeapLightEstimation (518)
[2023.11.28-15.56.31:395][  0]LogModuleManager: Shutting down and abandoning module GeometryCollectionTracks (516)
[2023.11.28-15.56.31:395][  0]LogModuleManager: Shutting down and abandoning module GeometryCollectionSequencer (515)
[2023.11.28-15.56.31:395][  0]LogModuleManager: Shutting down and abandoning module GeometryCollectionEditor (512)
[2023.11.28-15.56.31:395][  0]LogModuleManager: Shutting down and abandoning module GeometryCacheTracks (510)
[2023.11.28-15.56.31:395][  0]LogModuleManager: Shutting down and abandoning module GeometryCacheStreamer (508)
[2023.11.28-15.56.31:395][  0]LogModuleManager: Shutting down and abandoning module GeometryCacheSequencer (506)
[2023.11.28-15.56.31:395][  0]LogModuleManager: Shutting down and abandoning module CurveEditorTools (504)
[2023.11.28-15.56.31:395][  0]LogModuleManager: Shutting down and abandoning module ChaosSolverEditor (502)
[2023.11.28-15.56.31:395][  0]LogModuleManager: Shutting down and abandoning module ChaosNiagara (500)
[2023.11.28-15.56.31:395][  0]LogModuleManager: Shutting down and abandoning module FractureEditor (498)
[2023.11.28-15.56.31:395][  0]LogModuleManager: Shutting down and abandoning module FieldSystemEngine (497)
[2023.11.28-15.56.31:395][  0]LogModuleManager: Shutting down and abandoning module MagicLeapHelperVulkan (494)
[2023.11.28-15.56.31:395][  0]LogModuleManager: Shutting down and abandoning module MagicLeapHelperOpenGL (492)
[2023.11.28-15.56.31:395][  0]LogModuleManager: Shutting down and abandoning module MagicLeapAudio (490)
[2023.11.28-15.56.31:395][  0]LogModuleManager: Shutting down and abandoning module ChaosClothEditor (488)
[2023.11.28-15.56.31:395][  0]LogModuleManager: Shutting down and abandoning module AutomationUtilsEditor (486)
[2023.11.28-15.56.31:395][  0]LogModuleManager: Shutting down and abandoning module AutomationUtils (484)
[2023.11.28-15.56.31:395][  0]LogModuleManager: Shutting down and abandoning module AlembicImporter (482)
[2023.11.28-15.56.31:395][  0]LogModuleManager: Shutting down and abandoning module AlembicLibrary (481)
[2023.11.28-15.56.31:395][  0]LogModuleManager: Shutting down and abandoning module GeometryCache (480)
[2023.11.28-15.56.31:395][  0]LogModuleManager: Shutting down and abandoning module GeometryCacheEd (479)
[2023.11.28-15.56.31:395][  0]LogModuleManager: Shutting down and abandoning module VariantManagerContentEditor (474)
[2023.11.28-15.56.31:395][  0]LogModuleManager: Shutting down and abandoning module DatasmithContentEditor (472)
[2023.11.28-15.56.31:395][  0]LogModuleManager: Shutting down and abandoning module VisualStudioCodeSourceCodeAccess (470)
[2023.11.28-15.56.31:395][  0]LogModuleManager: Shutting down and abandoning module VisualStudioSourceCodeAccess (468)
[2023.11.28-15.56.31:395][  0]LogModuleManager: Shutting down and abandoning module UObjectPlugin (466)
[2023.11.28-15.56.31:395][  0]LogModuleManager: Shutting down and abandoning module SubversionSourceControl (464)
[2023.11.28-15.56.31:395][  0]LogModuleManager: Shutting down and abandoning module PluginUtils (462)
[2023.11.28-15.56.31:395][  0]LogModuleManager: Shutting down and abandoning module PlasticSourceControl (460)
[2023.11.28-15.56.31:395][  0]LogModuleManager: Shutting down and abandoning module PerforceSourceControl (458)
[2023.11.28-15.56.31:395][  0]LogModuleManager: Shutting down and abandoning module GitSourceControl (456)
[2023.11.28-15.56.31:395][  0]LogModuleManager: Shutting down and abandoning module SourceControl (455)
[2023.11.28-15.56.31:395][  0]LogModuleManager: Shutting down and abandoning module CLionSourceCodeAccess (452)
[2023.11.28-15.56.31:395][  0]LogModuleManager: Shutting down and abandoning module AnimationSharingEd (450)
[2023.11.28-15.56.31:395][  0]LogModuleManager: Shutting down and abandoning module NiagaraEditorWidgets (448)
[2023.11.28-15.56.31:395][  0]LogModuleManager: Shutting down and abandoning module OodleNetworkHandlerComponent (446)
[2023.11.28-15.56.31:395][  0]LogModuleManager: Shutting down and abandoning module SpeedTreeImporter (444)
[2023.11.28-15.56.31:395][  0]LogModuleManager: Shutting down and abandoning module PluginBrowser (442)
[2023.11.28-15.56.31:395][  0]LogModuleManager: Shutting down and abandoning module MobileLauncherProfileWizard (440)
[2023.11.28-15.56.31:395][  0]LogModuleManager: Shutting down and abandoning module MaterialAnalyzer (438)
[2023.11.28-15.56.31:395][  0]LogModuleManager: Shutting down and abandoning module CryptoKeysOpenSSL (436)
[2023.11.28-15.56.31:395][  0]LogModuleManager: Shutting down and abandoning module CryptoKeys (434)
[2023.11.28-15.56.31:395][  0]LogModuleManager: Shutting down and abandoning module LightPropagationVolumeEditor (432)
[2023.11.28-15.56.31:395][  0]LogModuleManager: Shutting down and abandoning module LiveLinkSequencer (430)
[2023.11.28-15.56.31:395][  0]LogModuleManager: Shutting down and abandoning module LiveLinkMovieScene (428)
[2023.11.28-15.56.31:395][  0]LogModuleManager: Shutting down and abandoning module LiveLinkGraphNode (426)
[2023.11.28-15.56.31:395][  0]LogModuleManager: Shutting down and abandoning module LiveLinkEditor (424)
[2023.11.28-15.56.31:395][  0]LogModuleManager: Shutting down and abandoning module LiveLinkComponents (422)
[2023.11.28-15.56.31:395][  0]LogModuleManager: Shutting down and abandoning module LiveLink (420)
[2023.11.28-15.56.31:905][  0]LogModuleManager: Shutting down and abandoning module PaperTiledImporter (418)
[2023.11.28-15.56.31:905][  0]LogModuleManager: Shutting down and abandoning module PaperSpriteSheetImporter (416)
[2023.11.28-15.56.31:905][  0]LogModuleManager: Shutting down and abandoning module Paper2DEditor (414)
[2023.11.28-15.56.31:905][  0]LogModuleManager: Shutting down and abandoning module MeshPaintingToolset (412)
[2023.11.28-15.56.31:905][  0]LogModuleManager: Shutting down and abandoning module MeshPaintEditorMode (410)
[2023.11.28-15.56.31:905][  0]LogModuleManager: Shutting down and abandoning module GSP_Wk10 (408)
[2023.11.28-15.56.31:905][  0]LogModuleManager: Shutting down and abandoning module AnimGraph (407)
[2023.11.28-15.56.31:905][  0]LogModuleManager: Shutting down and abandoning module SoundFields (404)
[2023.11.28-15.56.31:905][  0]LogModuleManager: Shutting down and abandoning module SignificanceManager (402)
[2023.11.28-15.56.31:905][  0]LogModuleManager: Shutting down and abandoning module RuntimePhysXCooking (400)
[2023.11.28-15.56.31:905][  0]LogModuleManager: Shutting down and abandoning module PropertyAccessEditor (398)
[2023.11.28-15.56.31:905][  0]LogModuleManager: Shutting down and abandoning module PhysXVehiclesEditor (396)
[2023.11.28-15.56.31:905][  0]LogModuleManager: Shutting down and abandoning module LocationServicesBPLibrary (392)
[2023.11.28-15.56.31:905][  0]LogModuleManager: Shutting down and abandoning module AudioSynesthesia (390)
[2023.11.28-15.56.31:905][  0]LogModuleManager: Shutting down and abandoning module AudioSynesthesiaCore (388)
[2023.11.28-15.56.31:905][  0]LogModuleManager: Shutting down and abandoning module ActorSequence (386)
[2023.11.28-15.56.31:905][  0]LogModuleManager: Shutting down and abandoning module UdpMessaging (384)
[2023.11.28-15.56.31:905][  0]LogModuleManager: Shutting down and abandoning module TcpMessaging (382)
[2023.11.28-15.56.31:905][  0]LogModuleManager: Shutting down and abandoning module PythonScriptPlugin (380)
[2023.11.28-15.56.31:905][  0]LogModuleManager: Shutting down and abandoning module MagicLeapARPin (378)
[2023.11.28-15.56.31:905][  0]LogModuleManager: Shutting down and abandoning module MagicLeapHandMeshing (376)
[2023.11.28-15.56.31:905][  0]LogModuleManager: Shutting down and abandoning module MagicLeapSecureStorage (374)
[2023.11.28-15.56.31:905][  0]LogModuleManager: Shutting down and abandoning module MagicLeapPrivileges (372)
[2023.11.28-15.56.31:905][  0]LogModuleManager: Shutting down and abandoning module MagicLeapPlanes (370)
[2023.11.28-15.56.31:905][  0]LogMagicLeapPlanes: Planes tracker already destroyed.
[2023.11.28-15.56.31:905][  0]LogModuleManager: Shutting down and abandoning module MagicLeapImageTracker (368)
[2023.11.28-15.56.31:906][  0]LogModuleManager: Shutting down and abandoning module MagicLeapIdentity (366)
[2023.11.28-15.56.31:906][  0]LogModuleManager: Shutting down and abandoning module MagicLeapHandTracking (364)
[2023.11.28-15.56.31:906][  0]LogModuleManager: Shutting down and abandoning module MagicLeapEyeTracker (362)
[2023.11.28-15.56.31:906][  0]LogModuleManager: Shutting down and abandoning module MagicLeapController (360)
[2023.11.28-15.56.31:906][  0]LogModuleManager: Shutting down and abandoning module MagicLeapARPinImpl (358)
[2023.11.28-15.56.31:906][  0]LogModuleManager: Shutting down and abandoning module MagicLeapAR (356)
[2023.11.28-15.56.31:906][  0]LogModuleManager: Shutting down and abandoning module PropertyAccessNode (354)
[2023.11.28-15.56.31:906][  0]LogModuleManager: Shutting down and abandoning module AnimationSharing (352)
[2023.11.28-15.56.31:906][  0]LogModuleManager: Shutting down and abandoning module NiagaraAnimNotifies (350)
[2023.11.28-15.56.31:906][  0]LogModuleManager: Shutting down and abandoning module Niagara (348)
[2023.11.28-15.56.31:906][  0]LogModuleManager: Shutting down and abandoning module SignalProcessing (347)
[2023.11.28-15.56.31:906][  0]LogModuleManager: Shutting down and abandoning module NiagaraEditor (345)
[2023.11.28-15.56.31:906][  0]LogModuleManager: Shutting down and abandoning module NiagaraCore (342)
[2023.11.28-15.56.31:906][  0]LogModuleManager: Shutting down and abandoning module GameplayTagsEditor (340)
[2023.11.28-15.56.31:906][  0]LogModuleManager: Shutting down and abandoning module FacialAnimationEditor (338)
[2023.11.28-15.56.31:906][  0]LogModuleManager: Shutting down and abandoning module FacialAnimation (336)
[2023.11.28-15.56.31:906][  0]LogModuleManager: Shutting down and abandoning module DataValidation (334)
[2023.11.28-15.56.31:906][  0]LogModuleManager: Shutting down and abandoning module AssetManagerEditor (332)
[2023.11.28-15.56.31:906][  0]LogModuleManager: Shutting down and abandoning module TreeMap (331)
[2023.11.28-15.56.31:906][  0]LogModuleManager: Shutting down and abandoning module GameplayCameras (328)
[2023.11.28-15.56.31:906][  0]LogModuleManager: Shutting down and abandoning module LightPropagationVolumeRuntime (326)
[2023.11.28-15.56.31:906][  0]LogModuleManager: Shutting down and abandoning module EnvironmentQueryEditor (324)
[2023.11.28-15.56.31:906][  0]LogModuleManager: Shutting down and abandoning module Paper2D (322)
[2023.11.28-15.56.31:906][  0]LogModuleManager: Shutting down and abandoning module NetworkReplayStreaming (320)
[2023.11.28-15.56.31:906][  0]LogModuleManager: Shutting down and abandoning module PacketHandler (318)
[2023.11.28-15.56.31:906][  0]LogModuleManager: Shutting down and abandoning module ClothingSystemEditor (316)
[2023.11.28-15.56.31:906][  0]LogModuleManager: Shutting down and abandoning module ClothingSystemRuntimeNv (314)
[2023.11.28-15.56.31:906][  0]LogModuleManager: Shutting down and abandoning module MediaAssets (312)
[2023.11.28-15.56.31:906][  0]LogModuleManager: Shutting down and abandoning module Overlay (310)
[2023.11.28-15.56.31:906][  0]LogModuleManager: Shutting down and abandoning module OverlayEditor (309)
[2023.11.28-15.56.31:906][  0]LogModuleManager: Shutting down and abandoning module Blutility (306)
[2023.11.28-15.56.31:906][  0]LogModuleManager: Shutting down and abandoning module LevelEditor (305)
[2023.11.28-15.56.31:907][  0]LogModuleManager: Shutting down and abandoning module PixelInspectorModule (304)
[2023.11.28-15.56.31:907][  0]LogModuleManager: Shutting down and abandoning module CommonMenuExtensions (302)
[2023.11.28-15.56.31:907][  0]LogModuleManager: Shutting down and abandoning module MainFrame (300)
[2023.11.28-15.56.31:907][  0]LogModuleManager: Shutting down and abandoning module HotReload (299)
[2023.11.28-15.56.31:907][  0]LogModuleManager: Shutting down and abandoning module ContentBrowser (295)
[2023.11.28-15.56.31:907][  0]LogModuleManager: Shutting down and abandoning module CollectionManager (294)
[2023.11.28-15.56.31:907][  0]LogModuleManager: Shutting down and abandoning module ContentBrowserData (292)
[2023.11.28-15.56.31:907][  0]LogModuleManager: Shutting down and abandoning module IntroTutorials (288)
[2023.11.28-15.56.31:907][  0]LogModuleManager: Shutting down and abandoning module VREditor (286)
[2023.11.28-15.56.31:907][  0]LogModuleManager: Shutting down and abandoning module StringTableEditor (284)
[2023.11.28-15.56.31:907][  0]LogModuleManager: Shutting down and abandoning module GameplayTasksEditor (282)
[2023.11.28-15.56.31:907][  0]LogModuleManager: Shutting down and abandoning module BehaviorTreeEditor (280)
[2023.11.28-15.56.31:907][  0]LogModuleManager: Shutting down and abandoning module FunctionalTesting (278)
[2023.11.28-15.56.31:907][  0]LogModuleManager: Shutting down and abandoning module CollisionAnalyzer (276)
[2023.11.28-15.56.31:908][  0]LogModuleManager: Shutting down and abandoning module WorkspaceMenuStructure (275)
[2023.11.28-15.56.31:908][  0]LogModuleManager: Shutting down and abandoning module UMG (272)
[2023.11.28-15.56.31:908][  0]LogModuleManager: Shutting down and abandoning module UMGEditor (271)
[2023.11.28-15.56.31:908][  0]LogModuleManager: Shutting down and abandoning module MessageLog (269)
[2023.11.28-15.56.31:908][  0]LogModuleManager: Shutting down and abandoning module SlateReflector (264)
[2023.11.28-15.56.31:908][  0]LogModuleManager: Shutting down and abandoning module Slate (262)
[2023.11.28-15.56.31:908][  0]LogModuleManager: Shutting down and abandoning module SlateCore (260)
[2023.11.28-15.56.31:908][  0]LogModuleManager: Shutting down and abandoning module LandscapeEditorUtilities (258)
[2023.11.28-15.56.31:908][  0]LogModuleManager: Shutting down and abandoning module UnrealEd (256)
[2023.11.28-15.56.31:908][  0]LogModuleManager: Shutting down and abandoning module MRMesh (254)
[2023.11.28-15.56.31:908][  0]LogModuleManager: Shutting down and abandoning module SourceCodeAccess (252)
[2023.11.28-15.56.31:908][  0]LogModuleManager: Shutting down and abandoning module HeadMountedDisplay (250)
[2023.11.28-15.56.31:908][  0]LogModuleManager: Shutting down and abandoning module XAudio2 (248)
[2023.11.28-15.56.31:908][  0]LogModuleManager: Shutting down and abandoning module Networking (246)
[2023.11.28-15.56.31:908][  0]LogModuleManager: Shutting down and abandoning module Core (244)
[2023.11.28-15.56.31:908][  0]LogModuleManager: Shutting down and abandoning module MaterialEditor (242)
[2023.11.28-15.56.31:908][  0]LogModuleManager: Shutting down and abandoning module Settings (241)
[2023.11.28-15.56.31:908][  0]LogModuleManager: Shutting down and abandoning module MovieSceneTools (238)
[2023.11.28-15.56.31:908][  0]LogModuleManager: Shutting down and abandoning module CurveEditor (237)
[2023.11.28-15.56.31:909][  0]LogModuleManager: Shutting down and abandoning module Sequencer (235)
[2023.11.28-15.56.31:909][  0]LogModuleManager: Shutting down and abandoning module EditorStyle (234)
[2023.11.28-15.56.31:909][  0]LogModuleManager: Shutting down and abandoning module KismetCompiler (230)
[2023.11.28-15.56.31:909][  0]LogModuleManager: Shutting down and abandoning module MeshBuilder (228)
[2023.11.28-15.56.31:909][  0]LogModuleManager: Shutting down and abandoning module MeshUtilities (226)
[2023.11.28-15.56.31:909][  0]LogModuleManager: Shutting down and abandoning module MeshMergeUtilities (225)
[2023.11.28-15.56.31:909][  0]LogModuleManager: Shutting down and abandoning module MeshReductionInterface (224)
[2023.11.28-15.56.31:909][  0]LogModuleManager: Shutting down and abandoning module MeshBoneReduction (223)
[2023.11.28-15.56.31:909][  0]LogModuleManager: Shutting down and abandoning module SkeletalMeshReduction (221)
[2023.11.28-15.56.31:909][  0]LogModuleManager: Shutting down and abandoning module ProxyLODMeshReduction (219)
[2023.11.28-15.56.31:909][  0]LogModuleManager: Shutting down and abandoning module QuadricMeshReduction (217)
[2023.11.28-15.56.31:909][  0]LogModuleManager: Shutting down and abandoning module MaterialBaking (213)
[2023.11.28-15.56.31:909][  0]LogModuleManager: Shutting down and abandoning module DirectoryWatcher (209)
[2023.11.28-15.56.31:910][  0]LogModuleManager: Shutting down and abandoning module NullInstallBundleManager (206)
[2023.11.28-15.56.31:910][  0]LogModuleManager: Shutting down and abandoning module DerivedDataCache (204)
[2023.11.28-15.56.31:910][  0]LogModuleManager: Shutting down and abandoning module TargetPlatform (202)
[2023.11.28-15.56.31:910][  0]LogModuleManager: Shutting down and abandoning module VulkanShaderFormat (201)
[2023.11.28-15.56.31:910][  0]LogModuleManager: Shutting down and abandoning module ShaderFormatVectorVM (199)
[2023.11.28-15.56.31:910][  0]LogModuleManager: Shutting down and abandoning module ShaderFormatOpenGL (197)
[2023.11.28-15.56.31:910][  0]LogModuleManager: Shutting down and abandoning module ShaderFormatD3D (195)
[2023.11.28-15.56.31:910][  0]LogModuleManager: Shutting down and abandoning module MetalShaderFormat (193)
[2023.11.28-15.56.31:910][  0]LogModuleManager: Shutting down and abandoning module TextureFormatOodle (191)
[2023.11.28-15.56.31:910][  0]LogModuleManager: Shutting down and abandoning module TextureFormatUncompressed (189)
[2023.11.28-15.56.31:910][  0]LogModuleManager: Shutting down and abandoning module TextureFormatPVR (187)
[2023.11.28-15.56.31:910][  0]LogModuleManager: Shutting down and abandoning module TextureFormatETC2 (185)
[2023.11.28-15.56.31:910][  0]LogModuleManager: Shutting down and abandoning module TextureFormatDXT (183)
[2023.11.28-15.56.31:910][  0]LogModuleManager: Shutting down and abandoning module TextureFormatIntelISPCTexComp (181)
[2023.11.28-15.56.31:910][  0]LogModuleManager: Shutting down and abandoning module TextureFormatASTC (179)
[2023.11.28-15.56.31:910][  0]LogModuleManager: Shutting down and abandoning module ImageWrapper (178)
[2023.11.28-15.56.31:910][  0]LogModuleManager: Shutting down and abandoning module AudioFormatOpus (175)
[2023.11.28-15.56.31:910][  0]LogModuleManager: Shutting down and abandoning module AudioFormatOgg (173)
[2023.11.28-15.56.31:910][  0]LogModuleManager: Shutting down and abandoning module AudioFormatADPCM (171)
[2023.11.28-15.56.31:910][  0]LogModuleManager: Shutting down and abandoning module WindowsServerTargetPlatform (169)
[2023.11.28-15.56.31:910][  0]LogModuleManager: Shutting down and abandoning module WindowsClientTargetPlatform (167)
[2023.11.28-15.56.31:910][  0]LogModuleManager: Shutting down and abandoning module WindowsTargetPlatform (165)
[2023.11.28-15.56.31:910][  0]LogModuleManager: Shutting down and abandoning module WindowsNoEditorTargetPlatform (163)
[2023.11.28-15.56.31:910][  0]LogModuleManager: Shutting down and abandoning module TVOSTargetPlatform (161)
[2023.11.28-15.56.31:910][  0]LogModuleManager: Shutting down and abandoning module MacServerTargetPlatform (159)
[2023.11.28-15.56.31:910][  0]LogModuleManager: Shutting down and abandoning module MacClientTargetPlatform (157)
[2023.11.28-15.56.31:910][  0]LogModuleManager: Shutting down and abandoning module MacTargetPlatform (155)
[2023.11.28-15.56.31:910][  0]LogModuleManager: Shutting down and abandoning module MacNoEditorTargetPlatform (153)
[2023.11.28-15.56.31:910][  0]LogModuleManager: Shutting down and abandoning module LuminTargetPlatform (151)
[2023.11.28-15.56.31:911][  0]LogModuleManager: Shutting down and abandoning module LinuxAArch64ServerTargetPlatform (149)
[2023.11.28-15.56.31:911][  0]LogModuleManager: Shutting down and abandoning module LinuxAArch64ClientTargetPlatform (147)
[2023.11.28-15.56.31:911][  0]LogModuleManager: Shutting down and abandoning module LinuxAArch64NoEditorTargetPlatform (145)
[2023.11.28-15.56.31:911][  0]LogModuleManager: Shutting down and abandoning module LinuxServerTargetPlatform (143)
[2023.11.28-15.56.31:911][  0]LogModuleManager: Shutting down and abandoning module LinuxClientTargetPlatform (141)
[2023.11.28-15.56.31:911][  0]LogModuleManager: Shutting down and abandoning module LinuxNoEditorTargetPlatform (139)
[2023.11.28-15.56.31:911][  0]LogModuleManager: Shutting down and abandoning module LinuxTargetPlatform (137)
[2023.11.28-15.56.31:911][  0]LogModuleManager: Shutting down and abandoning module Messaging (135)
[2023.11.28-15.56.31:911][  0]LogModuleManager: Shutting down and abandoning module IOSTargetPlatform (133)
[2023.11.28-15.56.31:911][  0]LogModuleManager: Shutting down and abandoning module AndroidTargetPlatform (131)
[2023.11.28-15.56.31:913][  0]LogModuleManager: Shutting down and abandoning module AllDesktopTargetPlatform (129)
[2023.11.28-15.56.31:913][  0]LogModuleManager: Shutting down and abandoning module NullDrv (126)
[2023.11.28-15.56.31:913][  0]LogModuleManager: Shutting down and abandoning module PhysXCooking (124)
[2023.11.28-15.56.31:913][  0]LogModuleManager: Shutting down and abandoning module Chaos (122)
[2023.11.28-15.56.31:913][  0]LogModuleManager: Shutting down and abandoning module WindowsPlatformFeatures (120)
[2023.11.28-15.56.31:913][  0]LogModuleManager: Shutting down and abandoning module GameplayMediaEncoder (119)
[2023.11.28-15.56.31:913][  0]LogModuleManager: Shutting down and abandoning module AVEncoder (118)
[2023.11.28-15.56.31:913][  0]LogModuleManager: Shutting down and abandoning module ExampleDeviceProfileSelector (114)
[2023.11.28-15.56.31:913][  0]LogModuleManager: Shutting down and abandoning module SteamVRInputDevice (112)
[2023.11.28-15.56.31:913][  0]LogModuleManager: Shutting down and abandoning module SteamVRInput (110)
[2023.11.28-15.56.31:913][  0]LogModuleManager: Shutting down and abandoning module SteamVR (108)
[2023.11.28-15.56.31:913][  0]LogHMD: Freeing OpenVRDLLHandle.
[2023.11.28-15.56.31:913][  0]LogModuleManager: Shutting down and abandoning module OculusHMD (106)
[2023.11.28-15.56.31:913][  0]LogModuleManager: Shutting down and abandoning module OpenXRHandTracking (104)
[2023.11.28-15.56.31:913][  0]LogModuleManager: Shutting down and abandoning module OpenXREyeTracker (102)
[2023.11.28-15.56.31:913][  0]LogModuleManager: Shutting down and abandoning module OpenXRAR (100)
[2023.11.28-15.56.31:913][  0]LogModuleManager: Shutting down and abandoning module AugmentedReality (99)
[2023.11.28-15.56.31:913][  0]LogModuleManager: Shutting down and abandoning module OpenXRHMD (96)
[2023.11.28-15.56.31:913][  0]LogModuleManager: Shutting down and abandoning module ChunkDownloader (94)
[2023.11.28-15.56.31:913][  0]LogModuleManager: Shutting down and abandoning module LauncherChunkInstaller (92)
[2023.11.28-15.56.31:913][  0]LogModuleManager: Shutting down and abandoning module OnlineBlueprintSupport (90)
[2023.11.28-15.56.31:913][  0]LogModuleManager: Shutting down and abandoning module OnlineSubsystem (86)
[2023.11.28-15.56.31:914][  0]LogModuleManager: Shutting down and abandoning module XMPP (81)
[2023.11.28-15.56.31:914][  0]LogModuleManager: Shutting down and abandoning module WebSockets (80)
[2023.11.28-15.56.31:944][  0]LogModuleManager: Shutting down and abandoning module HTTP (77)
[2023.11.28-15.56.31:945][  0]LogHttp: Display: cleaning up 0 outstanding Http requests.
[2023.11.28-15.56.31:963][  0]LogModuleManager: Shutting down and abandoning module SSL (76)
[2023.11.28-15.56.31:964][  0]LogModuleManager: Shutting down and abandoning module WmfMedia (72)
[2023.11.28-15.56.31:965][  0]LogModuleManager: Shutting down and abandoning module Media (71)
[2023.11.28-15.56.31:965][  0]LogModuleManager: Shutting down and abandoning module MediaInfo (70)
[2023.11.28-15.56.31:965][  0]LogModuleManager: Shutting down and abandoning module ExrReaderGpu (66)
[2023.11.28-15.56.31:965][  0]LogModuleManager: Shutting down and abandoning module MLSDK (64)
[2023.11.28-15.56.31:965][  0]LogModuleManager: Shutting down and abandoning module MagicLeap (62)
[2023.11.28-15.56.31:965][  0]LogModuleManager: Shutting down and abandoning module ChaosCloth (60)
[2023.11.28-15.56.31:965][  0]LogModuleManager: Shutting down and abandoning module VariantManagerContent (58)
[2023.11.28-15.56.31:965][  0]LogModuleManager: Shutting down and abandoning module DatasmithContent (56)
[2023.11.28-15.56.31:966][  0]LogModuleManager: Shutting down and abandoning module PixWinPlugin (54)
[2023.11.28-15.56.31:966][  0]LogModuleManager: Shutting down and abandoning module NiagaraVertexFactories (52)
[2023.11.28-15.56.31:966][  0]LogModuleManager: Shutting down and abandoning module NiagaraShader (50)
[2023.11.28-15.56.31:966][  0]LogModuleManager: Shutting down and abandoning module AISupportModule (48)
[2023.11.28-15.56.31:966][  0]LogModuleManager: Shutting down and abandoning module PythonScriptPluginPreload (46)
[2023.11.28-15.56.31:966][  0]LogModuleManager: Shutting down and abandoning module PlatformCryptoOpenSSL (44)
[2023.11.28-15.56.31:966][  0]LogModuleManager: Shutting down and abandoning module PlatformCryptoTypes (42)
[2023.11.28-15.56.31:966][  0]LogModuleManager: Shutting down and abandoning module PlatformCrypto (40)
[2023.11.28-15.56.31:966][  0]LogModuleManager: Shutting down and abandoning module OodleDataCompressionFormat (38)
[2023.11.28-15.56.31:966][  0]LogModuleManager: Shutting down and abandoning module XGEController (36)
[2023.11.28-15.56.31:966][  0]LogXGEController: Cannot use XGE Controller as Incredibuild is not installed on this machine.
[2023.11.28-15.56.31:966][  0]LogModuleManager: Shutting down and abandoning module AnimationModifiers (34)
[2023.11.28-15.56.31:966][  0]LogModuleManager: Shutting down and abandoning module AudioEditor (32)
[2023.11.28-15.56.31:966][  0]LogModuleManager: Shutting down and abandoning module PropertyEditor (31)
[2023.11.28-15.56.31:966][  0]LogModuleManager: Shutting down and abandoning module TextureCompressor (28)
[2023.11.28-15.56.31:966][  0]LogModuleManager: Shutting down and abandoning module RenderCore (26)
[2023.11.28-15.56.31:966][  0]LogModuleManager: Shutting down and abandoning module Landscape (24)
[2023.11.28-15.56.31:966][  0]LogModuleManager: Shutting down and abandoning module SlateRHIRenderer (22)
[2023.11.28-15.56.31:966][  0]LogModuleManager: Shutting down and abandoning module AnimGraphRuntime (20)
[2023.11.28-15.56.31:966][  0]LogModuleManager: Shutting down and abandoning module Renderer (18)
[2023.11.28-15.56.31:966][  0]LogModuleManager: Shutting down and abandoning module Engine (16)
[2023.11.28-15.56.31:966][  0]LogModuleManager: Shutting down and abandoning module CoreUObject (14)
[2023.11.28-15.56.31:966][  0]LogModuleManager: Shutting down and abandoning module NetworkFile (12)
[2023.11.28-15.56.31:966][  0]LogModuleManager: Shutting down and abandoning module CookedIterativeFile (10)
[2023.11.28-15.56.31:966][  0]LogModuleManager: Shutting down and abandoning module StreamingFile (8)
[2023.11.28-15.56.31:966][  0]LogModuleManager: Shutting down and abandoning module SandboxFile (6)
[2023.11.28-15.56.31:966][  0]LogModuleManager: Shutting down and abandoning module PakFile (4)
[2023.11.28-15.56.31:966][  0]LogModuleManager: Shutting down and abandoning module RSA (3)
[2023.11.28-15.56.32:268][  0]LogContentStreaming: Display: There are 1 unreleased StreamingManagers
[2023.11.28-15.56.32:274][  0]LogExit: Exiting.
[2023.11.28-15.56.32:289][  0]Log file closed, 11/28/23 15:56:32
