Log file open, 12/05/23 15:32:10
LogWindows: Failed to load 'aqProf.dll' (GetLastError=126)
LogWindows: File 'aqProf.dll' does not exist
LogWindows: Failed to load 'VtuneApi.dll' (GetLastError=126)
LogWindows: File 'VtuneApi.dll' does not exist
LogWindows: Failed to load 'VtuneApi32e.dll' (GetLastError=126)
LogWindows: File 'VtuneApi32e.dll' does not exist
LogConsoleResponse: Display: Failed to find resolution value strings in scalability ini. Falling back to default.
LogConsoleResponse: Display: Failed to find resolution value strings in scalability ini. Falling back to default.
LogInit: Display: Running engine for game: GSP_Wk10
LogPlatformFile: Not using cached read wrapper
LogTaskGraph: Started task graph with 5 named threads and 26 total threads with 3 sets of task threads.
LogStats: Stats thread started at 0.240087
LogICUInternationalization: ICU TimeZone Detection - Raw Offset: +0:00, Platform Override: ''
LogInit: Display: Loading text-based GConfig....
LogPluginManager: Mounting plugin MeshPainting
LogPluginManager: Mounting plugin XGEController
LogPluginManager: Mounting plugin Paper2D
LogPluginManager: Mounting plugin AISupport
LogPluginManager: Mounting plugin EnvironmentQueryEditor
LogPluginManager: Mounting plugin LiveLink
LogPluginManager: Mounting plugin LightPropagationVolume
LogPluginManager: Mounting plugin CameraShakePreviewer
LogPluginManager: Mounting plugin GameplayCameras
LogPluginManager: Mounting plugin OodleData
LogPluginManager: Mounting plugin OodleNetwork
LogPluginManager: Mounting plugin CLionSourceCodeAccess
LogPluginManager: Mounting plugin CodeLiteSourceCodeAccess
LogPluginManager: Mounting plugin GitSourceControl
LogPluginManager: Mounting plugin KDevelopSourceCodeAccess
LogPluginManager: Mounting plugin NullSourceCodeAccess
LogPluginManager: Mounting plugin PerforceSourceControl
LogPluginManager: Mounting plugin PixWinPlugin
LogPluginManager: Mounting plugin PlasticSourceControl
LogPluginManager: Mounting plugin PluginUtils
LogPluginManager: Mounting plugin PropertyAccessNode
LogPluginManager: Mounting plugin SubversionSourceControl
LogPluginManager: Mounting plugin RiderSourceCodeAccess
LogPluginManager: Mounting plugin TextureFormatOodle
LogPluginManager: Mounting plugin UObjectPlugin
LogPluginManager: Mounting plugin VisualStudioCodeSourceCodeAccess
LogPluginManager: Mounting plugin VisualStudioSourceCodeAccess
LogPluginManager: Mounting plugin XCodeSourceCodeAccess
LogPluginManager: Mounting plugin AssetManagerEditor
LogPluginManager: Mounting plugin CryptoKeys
LogPluginManager: Mounting plugin CurveEditorTools
LogPluginManager: Mounting plugin AnimationSharing
LogPluginManager: Mounting plugin FacialAnimation
LogPluginManager: Mounting plugin GameplayTagsEditor
LogPluginManager: Mounting plugin GeometryMode
LogPluginManager: Mounting plugin MacGraphicsSwitching
LogPluginManager: Mounting plugin MaterialAnalyzer
LogPluginManager: Mounting plugin MobileLauncherProfileWizard
LogPluginManager: Mounting plugin PluginBrowser
LogPluginManager: Mounting plugin SpeedTreeImporter
LogPluginManager: Mounting plugin DatasmithContent
LogPluginManager: Mounting plugin VariantManagerContent
LogPluginManager: Mounting plugin Niagara
LogPluginManager: Mounting plugin AlembicImporter
LogPluginManager: Mounting plugin AutomationUtils
LogPluginManager: Mounting plugin BackChannel
LogPluginManager: Mounting plugin ChaosCloth
LogPluginManager: Mounting plugin ChaosEditor
LogPluginManager: Mounting plugin ChaosClothEditor
LogPluginManager: Mounting plugin ChaosNiagara
LogPluginManager: Mounting plugin ChaosSolverPlugin
LogPluginManager: Mounting plugin CharacterAI
LogPluginManager: Mounting plugin GeometryCache
LogPluginManager: Mounting plugin GeometryCollectionPlugin
LogPluginManager: Mounting plugin GeometryProcessing
LogPluginManager: Mounting plugin MotoSynth
LogPluginManager: Mounting plugin OpenImageDenoise
LogPluginManager: Mounting plugin DataValidation
LogPluginManager: Mounting plugin PlanarCut
LogPluginManager: Mounting plugin PlatformCrypto
LogPluginManager: Mounting plugin ProxyLODPlugin
LogPluginManager: Mounting plugin PythonScriptPlugin
LogPluginManager: Mounting plugin SkeletalReduction
LogPluginManager: Mounting plugin AndroidMedia
LogPluginManager: Mounting plugin AvfMedia
LogPluginManager: Mounting plugin ImgMedia
LogPluginManager: Mounting plugin MediaCompositing
LogPluginManager: Mounting plugin MediaPlayerEditor
LogPluginManager: Mounting plugin WebMMedia
LogPluginManager: Mounting plugin WmfMedia
LogPluginManager: Mounting plugin TcpMessaging
LogPluginManager: Mounting plugin UdpMessaging
LogPluginManager: Mounting plugin ActorSequence
LogPluginManager: Mounting plugin LevelSequenceEditor
LogPluginManager: Mounting plugin MatineeToLevelSequence
LogPluginManager: Mounting plugin TemplateSequence
LogPluginManager: Mounting plugin OnlineSubsystem
LogPluginManager: Mounting plugin OnlineSubsystemNull
LogPluginManager: Mounting plugin OnlineSubsystemUtils
LogPluginManager: Mounting plugin LauncherChunkInstaller
LogPluginManager: Mounting plugin ActorLayerUtilities
LogPluginManager: Mounting plugin AndroidDeviceProfileSelector
LogPluginManager: Mounting plugin AndroidMoviePlayer
LogPluginManager: Mounting plugin AndroidPermission
LogPluginManager: Mounting plugin AppleImageUtils
LogPluginManager: Mounting plugin AppleMoviePlayer
LogPluginManager: Mounting plugin ArchVisCharacter
LogPluginManager: Mounting plugin AssetTags
LogPluginManager: Mounting plugin AudioCapture
LogPluginManager: Mounting plugin AudioSynesthesia
LogPluginManager: Mounting plugin CableComponent
LogPluginManager: Mounting plugin ChunkDownloader
LogPluginManager: Mounting plugin CustomMeshComponent
LogPluginManager: Mounting plugin EditableMesh
LogPluginManager: Mounting plugin ExampleDeviceProfileSelector
LogPluginManager: Mounting plugin GoogleCloudMessaging
LogPluginManager: Mounting plugin GooglePAD
LogPluginManager: Mounting plugin IOSDeviceProfileSelector
LogPluginManager: Mounting plugin LinuxDeviceProfileSelector
LogPluginManager: Mounting plugin LocationServicesBPLibrary
LogPluginManager: Mounting plugin MobilePatchingUtils
LogPluginManager: Mounting plugin OpenXR
LogPluginManager: Mounting plugin OpenXREyeTracker
LogPluginManager: Mounting plugin OpenXRHandTracking
LogPluginManager: Mounting plugin ScreenshotTools
LogPluginManager: Mounting plugin PhysXVehicles
LogPluginManager: Mounting plugin PostSplashScreen
LogPluginManager: Mounting plugin ProceduralMeshComponent
LogPluginManager: Mounting plugin PropertyAccessEditor
LogPluginManager: Mounting plugin RuntimePhysXCooking
LogPluginManager: Mounting plugin SignificanceManager
LogPluginManager: Mounting plugin SoundFields
LogPluginManager: Mounting plugin Synthesis
LogPluginManager: Mounting plugin WebMMoviePlayer
LogPluginManager: Mounting plugin WindowsMoviePlayer
LogPluginManager: Mounting plugin Takes
LogPluginManager: Mounting plugin LuminPlatformFeatures
LogPluginManager: Mounting plugin MagicLeap
LogPluginManager: Mounting plugin MagicLeapLightEstimation
LogPluginManager: Mounting plugin MagicLeapMedia
LogPluginManager: Mounting plugin MagicLeapPassableWorld
LogPluginManager: Mounting plugin MLSDK
LogPluginManager: Mounting plugin ContentBrowserAssetDataSource
LogPluginManager: Mounting plugin ContentBrowserClassDataSource
LogPluginManager: Mounting plugin ContentBrowserFileDataSource
LogPluginManager: Mounting plugin OnlineSubsystemIOS
LogPluginManager: Mounting plugin OnlineSubsystemGooglePlay
LogPluginManager: Mounting plugin OculusVR
LogPluginManager: Mounting plugin SteamVR
PixWinPlugin: PIX capture plugin failed to initialize! Check that the process is launched from PIX.
LogInit: Using libcurl 7.55.1-DEV
LogInit:  - built for x86_64-pc-win32
LogInit:  - supports SSL with OpenSSL/1.1.1
LogInit:  - supports HTTP deflate (compression) using libz 1.2.8
LogInit:  - other features:
LogInit:      CURL_VERSION_SSL
LogInit:      CURL_VERSION_LIBZ
LogInit:      CURL_VERSION_IPV6
LogInit:      CURL_VERSION_ASYNCHDNS
LogInit:      CURL_VERSION_LARGEFILE
LogInit:      CURL_VERSION_IDN
LogInit:  CurlRequestOptions (configurable via config and command line):
LogInit:  - bVerifyPeer = true  - Libcurl will verify peer certificate
LogInit:  - bUseHttpProxy = false  - Libcurl will NOT use HTTP proxy
LogInit:  - bDontReuseConnections = false  - Libcurl will reuse connections
LogInit:  - MaxHostConnections = 16  - Libcurl will limit the number of connections to a host
LogInit:  - LocalHostAddr = Default
LogInit:  - BufferSize = 65536
LogOnline: OSS: Creating online subsystem instance for: NULL
LogInit: WinSock: version 1.1 (2.2), MaxSocks=32767, MaxUdp=65467
LogOnline: OSS: TryLoadSubsystemAndSetDefault: Loaded subsystem for module [NULL]
LogInit: Build: ++UE4+Release-4.27-CL-18319896
LogInit: Engine Version: 4.27.2-18319896+++UE4+Release-4.27
LogInit: Compatible Engine Version: 4.27.0-17155196+++UE4+Release-4.27
LogInit: Net CL: 17155196
LogInit: OS: Windows 10 (Release 2009) (), CPU: Intel(R) Core(TM) i7-9700K CPU @ 3.60GHz, GPU: NVIDIA GeForce RTX 2060
LogInit: Compiled (64-bit): Nov 30 2021 07:12:08
LogInit: Compiled with Visual C++: 19.24.28315.00
LogInit: Build Configuration: Development
LogInit: Branch Name: ++UE4+Release-4.27
LogInit: Command Line:  "C:\Users\6jowen88\Downloads\UnrealTutorials\Unreal Projects\GSP_Wk10\GSP_Wk10.uproject" -run=VisualStudioTools -unattended -noshadercompile -nosound -nullrhi -nocpuprofilertrace -nocrashreports -nosplash -ddc=noshared -output=C:\Users\6jowen88\AppData\Local\Temp\tmpDF6C.tmp
LogInit: Base Directory: C:/Program Files/Epic Games/UE_4.27/Engine/Binaries/Win64/
LogInit: Allocator: TBB
LogInit: Installed Engine Build: 1
LogDevObjectVersion: Number of dev versions registered: 29
LogDevObjectVersion:   Dev-Blueprints (B0D832E4-1F89-4F0D-ACCF-7EB736FD4AA2): 10
LogDevObjectVersion:   Dev-Build (E1C64328-A22C-4D53-A36C-8E866417BD8C): 0
LogDevObjectVersion:   Dev-Core (375EC13C-06E4-48FB-B500-84F0262A717E): 4
LogDevObjectVersion:   Dev-Editor (E4B068ED-F494-42E9-A231-DA0B2E46BB41): 40
LogDevObjectVersion:   Dev-Framework (CFFC743F-43B0-4480-9391-14DF171D2073): 37
LogDevObjectVersion:   Dev-Mobile (B02B49B5-BB20-44E9-A304-32B752E40360): 3
LogDevObjectVersion:   Dev-Networking (A4E4105C-59A1-49B5-A7C5-40C4547EDFEE): 0
LogDevObjectVersion:   Dev-Online (39C831C9-5AE6-47DC-9A44-9C173E1C8E7C): 0
LogDevObjectVersion:   Dev-Physics (78F01B33-EBEA-4F98-B9B4-84EACCB95AA2): 14
LogDevObjectVersion:   Dev-Platform (6631380F-2D4D-43E0-8009-CF276956A95A): 0
LogDevObjectVersion:   Dev-Rendering (12F88B9F-8875-4AFC-A67C-D90C383ABD29): 45
LogDevObjectVersion:   Dev-Sequencer (7B5AE74C-D270-4C10-A958-57980B212A5A): 13
LogDevObjectVersion:   Dev-VR (D7296918-1DD6-4BDD-9DE2-64A83CC13884): 3
LogDevObjectVersion:   Dev-LoadTimes (C2A15278-BFE7-4AFE-6C17-90FF531DF755): 1
LogDevObjectVersion:   Private-Geometry (6EACA3D4-40EC-4CC1-B786-8BED09428FC5): 3
LogDevObjectVersion:   Dev-AnimPhys (29E575DD-E0A3-4627-9D10-D276232CDCEA): 17
LogDevObjectVersion:   Dev-Anim (AF43A65D-7FD3-4947-9873-3E8ED9C1BB05): 15
LogDevObjectVersion:   Dev-ReflectionCapture (6B266CEC-1EC7-4B8F-A30B-E4D90942FC07): 1
LogDevObjectVersion:   Dev-Automation (0DF73D61-A23F-47EA-B727-89E90C41499A): 1
LogDevObjectVersion:   FortniteMain (601D1886-AC64-4F84-AA16-D3DE0DEAC7D6): 47
LogDevObjectVersion:   FortniteRelease (E7086368-6B23-4C58-8439-1B7016265E91): 1
LogDevObjectVersion:   Dev-Enterprise (9DFFBCD6-494F-0158-E221-12823C92A888): 10
LogDevObjectVersion:   Dev-Niagara (F2AED0AC-9AFE-416F-8664-AA7FFA26D6FC): 1
LogDevObjectVersion:   Dev-Destruction (174F1F0B-B4C6-45A5-B13F-2EE8D0FB917D): 10
LogDevObjectVersion:   Dev-Physics-Ext (35F94A83-E258-406C-A318-09F59610247C): 41
LogDevObjectVersion:   Dev-PhysicsMaterial-Chaos (B68FC16E-8B1B-42E2-B453-215C058844FE): 1
LogDevObjectVersion:   Dev-CineCamera (B2E18506-4273-CFC2-A54E-F4BB758BBA07): 1
LogDevObjectVersion:   Dev-VirtualProduction (64F58936-FD1B-42BA-BA96-7289D5D0FA4E): 1
LogDevObjectVersion:   Dev-MediaFramework (6F0ED827-A609-4895-9C91-998D90180EA4): 2
LogInit: Presizing for max 25165824 objects, including 0 objects not considered by GC, pre-allocating 0 bytes for permanent pool.
LogConfig: Applying CVar settings from Section [/Script/Engine.StreamingSettings] File [C:/Users/6jowen88/Downloads/UnrealTutorials/Unreal Projects/GSP_Wk10/Saved/Config/Windows/Engine.ini]
LogConfig: Setting CVar [[s.MinBulkDataSizeForAsyncLoading:131072]]
LogConfig: Setting CVar [[s.AsyncLoadingThreadEnabled:0]]
LogConfig: Setting CVar [[s.EventDrivenLoaderEnabled:1]]
LogConfig: Setting CVar [[s.WarnIfTimeLimitExceeded:0]]
LogConfig: Setting CVar [[s.TimeLimitExceededMultiplier:1.5]]
LogConfig: Setting CVar [[s.TimeLimitExceededMinTime:0.005]]
LogConfig: Setting CVar [[s.UseBackgroundLevelStreaming:1]]
LogConfig: Setting CVar [[s.PriorityAsyncLoadingExtraTime:15.0]]
LogConfig: Setting CVar [[s.LevelStreamingActorsUpdateTimeLimit:5.0]]
LogConfig: Setting CVar [[s.PriorityLevelStreamingActorsUpdateExtraTime:5.0]]
LogConfig: Setting CVar [[s.LevelStreamingComponentsRegistrationGranularity:10]]
LogConfig: Setting CVar [[s.UnregisterComponentsTimeLimit:1.0]]
LogConfig: Setting CVar [[s.LevelStreamingComponentsUnregistrationGranularity:5]]
LogConfig: Setting CVar [[s.FlushStreamingOnExit:1]]
LogInit: Object subsystem initialized
LogConfig: Setting CVar [[con.DebugEarlyDefault:1]]
LogConfig: Setting CVar [[r.setres:1280x720]]
[2023.12.05-15.32.11:336][  0]LogConfig: Setting CVar [[con.DebugEarlyDefault:1]]
[2023.12.05-15.32.11:336][  0]LogConfig: Setting CVar [[r.setres:1280x720]]
[2023.12.05-15.32.11:336][  0]LogConfig: Applying CVar settings from Section [/Script/Engine.RendererSettings] File [C:/Users/6jowen88/Downloads/UnrealTutorials/Unreal Projects/GSP_Wk10/Saved/Config/Windows/Engine.ini]
[2023.12.05-15.32.11:336][  0]LogConfig: Setting CVar [[r.GPUCrashDebugging:0]]
[2023.12.05-15.32.11:336][  0]LogConfig: Applying CVar settings from Section [/Script/Engine.RendererOverrideSettings] File [C:/Users/6jowen88/Downloads/UnrealTutorials/Unreal Projects/GSP_Wk10/Saved/Config/Windows/Engine.ini]
[2023.12.05-15.32.11:336][  0]LogConfig: Applying CVar settings from Section [/Script/Engine.StreamingSettings] File [C:/Users/6jowen88/Downloads/UnrealTutorials/Unreal Projects/GSP_Wk10/Saved/Config/Windows/Engine.ini]
[2023.12.05-15.32.11:336][  0]LogConfig: Setting CVar [[s.MinBulkDataSizeForAsyncLoading:131072]]
[2023.12.05-15.32.11:336][  0]LogConfig: Setting CVar [[s.AsyncLoadingThreadEnabled:0]]
[2023.12.05-15.32.11:336][  0]LogConfig: Setting CVar [[s.EventDrivenLoaderEnabled:1]]
[2023.12.05-15.32.11:336][  0]LogConfig: Setting CVar [[s.WarnIfTimeLimitExceeded:0]]
[2023.12.05-15.32.11:336][  0]LogConfig: Setting CVar [[s.TimeLimitExceededMultiplier:1.5]]
[2023.12.05-15.32.11:336][  0]LogConfig: Setting CVar [[s.TimeLimitExceededMinTime:0.005]]
[2023.12.05-15.32.11:336][  0]LogConfig: Setting CVar [[s.UseBackgroundLevelStreaming:1]]
[2023.12.05-15.32.11:336][  0]LogConfig: Setting CVar [[s.PriorityAsyncLoadingExtraTime:15.0]]
[2023.12.05-15.32.11:336][  0]LogConfig: Setting CVar [[s.LevelStreamingActorsUpdateTimeLimit:5.0]]
[2023.12.05-15.32.11:336][  0]LogConfig: Setting CVar [[s.PriorityLevelStreamingActorsUpdateExtraTime:5.0]]
[2023.12.05-15.32.11:336][  0]LogConfig: Setting CVar [[s.LevelStreamingComponentsRegistrationGranularity:10]]
[2023.12.05-15.32.11:336][  0]LogConfig: Setting CVar [[s.UnregisterComponentsTimeLimit:1.0]]
[2023.12.05-15.32.11:336][  0]LogConfig: Setting CVar [[s.LevelStreamingComponentsUnregistrationGranularity:5]]
[2023.12.05-15.32.11:336][  0]LogConfig: Setting CVar [[s.FlushStreamingOnExit:1]]
[2023.12.05-15.32.11:336][  0]LogConfig: Applying CVar settings from Section [/Script/Engine.GarbageCollectionSettings] File [C:/Users/6jowen88/Downloads/UnrealTutorials/Unreal Projects/GSP_Wk10/Saved/Config/Windows/Engine.ini]
[2023.12.05-15.32.11:336][  0]LogConfig: Setting CVar [[gc.MaxObjectsNotConsideredByGC:1]]
[2023.12.05-15.32.11:336][  0]LogConfig: Setting CVar [[gc.SizeOfPermanentObjectPool:0]]
[2023.12.05-15.32.11:336][  0]LogConfig: Setting CVar [[gc.FlushStreamingOnGC:0]]
[2023.12.05-15.32.11:336][  0]LogConfig: Setting CVar [[gc.NumRetriesBeforeForcingGC:10]]
[2023.12.05-15.32.11:336][  0]LogConfig: Setting CVar [[gc.AllowParallelGC:1]]
[2023.12.05-15.32.11:336][  0]LogConfig: Setting CVar [[gc.TimeBetweenPurgingPendingKillObjects:61.1]]
[2023.12.05-15.32.11:336][  0]LogConfig: Setting CVar [[gc.MaxObjectsInEditor:25165824]]
[2023.12.05-15.32.11:336][  0]LogConfig: Setting CVar [[gc.IncrementalBeginDestroyEnabled:1]]
[2023.12.05-15.32.11:336][  0]LogConfig: Setting CVar [[gc.CreateGCClusters:1]]
[2023.12.05-15.32.11:336][  0]LogConfig: Setting CVar [[gc.MinGCClusterSize:5]]
[2023.12.05-15.32.11:336][  0]LogConfig: Setting CVar [[gc.ActorClusteringEnabled:0]]
[2023.12.05-15.32.11:336][  0]LogConfig: Setting CVar [[gc.BlueprintClusteringEnabled:0]]
[2023.12.05-15.32.11:336][  0]LogConfig: Setting CVar [[gc.UseDisregardForGCOnDedicatedServers:0]]
[2023.12.05-15.32.11:336][  0]LogConfig: Setting CVar [[gc.MultithreadedDestructionEnabled:1]]
[2023.12.05-15.32.11:336][  0]LogConfig: Applying CVar settings from Section [/Script/Engine.NetworkSettings] File [C:/Users/6jowen88/Downloads/UnrealTutorials/Unreal Projects/GSP_Wk10/Saved/Config/Windows/Engine.ini]
[2023.12.05-15.32.11:336][  0]LogConfig: Applying CVar settings from Section [/Script/UnrealEd.CookerSettings] File [C:/Users/6jowen88/Downloads/UnrealTutorials/Unreal Projects/GSP_Wk10/Saved/Config/Windows/Engine.ini]
[2023.12.05-15.32.11:336][  0]LogConfig: Applying CVar settings from Section [ViewDistanceQuality@3] File [C:/Users/6jowen88/Downloads/UnrealTutorials/Unreal Projects/GSP_Wk10/Saved/Config/Windows/Scalability.ini]
[2023.12.05-15.32.11:336][  0]LogConfig: Setting CVar [[r.SkeletalMeshLODBias:0]]
[2023.12.05-15.32.11:336][  0]LogConfig: Setting CVar [[r.ViewDistanceScale:1.0]]
[2023.12.05-15.32.11:336][  0]LogConfig: Applying CVar settings from Section [AntiAliasingQuality@3] File [C:/Users/6jowen88/Downloads/UnrealTutorials/Unreal Projects/GSP_Wk10/Saved/Config/Windows/Scalability.ini]
[2023.12.05-15.32.11:336][  0]LogConfig: Setting CVar [[r.PostProcessAAQuality:4]]
[2023.12.05-15.32.11:336][  0]LogConfig: Applying CVar settings from Section [ShadowQuality@3] File [C:/Users/6jowen88/Downloads/UnrealTutorials/Unreal Projects/GSP_Wk10/Saved/Config/Windows/Scalability.ini]
[2023.12.05-15.32.11:336][  0]LogConfig: Setting CVar [[r.LightFunctionQuality:1]]
[2023.12.05-15.32.11:336][  0]LogConfig: Setting CVar [[r.ShadowQuality:5]]
[2023.12.05-15.32.11:336][  0]LogConfig: Setting CVar [[r.Shadow.CSM.MaxCascades:10]]
[2023.12.05-15.32.11:336][  0]LogConfig: Setting CVar [[r.Shadow.MaxResolution:2048]]
[2023.12.05-15.32.11:336][  0]LogConfig: Setting CVar [[r.Shadow.MaxCSMResolution:2048]]
[2023.12.05-15.32.11:336][  0]LogConfig: Setting CVar [[r.Shadow.RadiusThreshold:0.01]]
[2023.12.05-15.32.11:336][  0]LogConfig: Setting CVar [[r.Shadow.DistanceScale:1.0]]
[2023.12.05-15.32.11:336][  0]LogConfig: Setting CVar [[r.Shadow.CSM.TransitionScale:1.0]]
[2023.12.05-15.32.11:336][  0]LogConfig: Setting CVar [[r.Shadow.PreShadowResolutionFactor:1.0]]
[2023.12.05-15.32.11:336][  0]LogConfig: Setting CVar [[r.DistanceFieldShadowing:1]]
[2023.12.05-15.32.11:336][  0]LogConfig: Setting CVar [[r.DistanceFieldAO:1]]
[2023.12.05-15.32.11:336][  0]LogConfig: Setting CVar [[r.AOQuality:2]]
[2023.12.05-15.32.11:336][  0]LogConfig: Setting CVar [[r.VolumetricFog:1]]
[2023.12.05-15.32.11:336][  0]LogConfig: Setting CVar [[r.VolumetricFog.GridPixelSize:8]]
[2023.12.05-15.32.11:336][  0]LogConfig: Setting CVar [[r.VolumetricFog.GridSizeZ:128]]
[2023.12.05-15.32.11:336][  0]LogConfig: Setting CVar [[r.VolumetricFog.HistoryMissSupersampleCount:4]]
[2023.12.05-15.32.11:336][  0]LogConfig: Setting CVar [[r.LightMaxDrawDistanceScale:1]]
[2023.12.05-15.32.11:336][  0]LogConfig: Setting CVar [[r.CapsuleShadows:1]]
[2023.12.05-15.32.11:336][  0]LogConfig: Applying CVar settings from Section [PostProcessQuality@3] File [C:/Users/6jowen88/Downloads/UnrealTutorials/Unreal Projects/GSP_Wk10/Saved/Config/Windows/Scalability.ini]
[2023.12.05-15.32.11:336][  0]LogConfig: Setting CVar [[r.MotionBlurQuality:4]]
[2023.12.05-15.32.11:336][  0]LogConfig: Setting CVar [[r.AmbientOcclusionMipLevelFactor:0.4]]
[2023.12.05-15.32.11:336][  0]LogConfig: Setting CVar [[r.AmbientOcclusionMaxQuality:100]]
[2023.12.05-15.32.11:336][  0]LogConfig: Setting CVar [[r.AmbientOcclusionLevels:-1]]
[2023.12.05-15.32.11:336][  0]LogConfig: Setting CVar [[r.AmbientOcclusionRadiusScale:1.0]]
[2023.12.05-15.32.11:336][  0]LogConfig: Setting CVar [[r.DepthOfFieldQuality:2]]
[2023.12.05-15.32.11:336][  0]LogConfig: Setting CVar [[r.RenderTargetPoolMin:400]]
[2023.12.05-15.32.11:336][  0]LogConfig: Setting CVar [[r.LensFlareQuality:2]]
[2023.12.05-15.32.11:336][  0]LogConfig: Setting CVar [[r.SceneColorFringeQuality:1]]
[2023.12.05-15.32.11:336][  0]LogConfig: Setting CVar [[r.EyeAdaptationQuality:2]]
[2023.12.05-15.32.11:336][  0]LogConfig: Setting CVar [[r.BloomQuality:5]]
[2023.12.05-15.32.11:336][  0]LogConfig: Setting CVar [[r.FastBlurThreshold:100]]
[2023.12.05-15.32.11:336][  0]LogConfig: Setting CVar [[r.Upscale.Quality:3]]
[2023.12.05-15.32.11:336][  0]LogConfig: Setting CVar [[r.Tonemapper.GrainQuantization:1]]
[2023.12.05-15.32.11:336][  0]LogConfig: Setting CVar [[r.LightShaftQuality:1]]
[2023.12.05-15.32.11:336][  0]LogConfig: Setting CVar [[r.Filter.SizeScale:1]]
[2023.12.05-15.32.11:336][  0]LogConfig: Setting CVar [[r.Tonemapper.Quality:5]]
[2023.12.05-15.32.11:336][  0]LogConfig: Setting CVar [[r.DOF.Gather.AccumulatorQuality:1        ; higher gathering accumulator quality]]
[2023.12.05-15.32.11:336][  0]LogConfig: Setting CVar [[r.DOF.Gather.PostfilterMethod:1          ; Median3x3 postfilering method]]
[2023.12.05-15.32.11:336][  0]LogConfig: Setting CVar [[r.DOF.Gather.EnableBokehSettings:0       ; no bokeh simulation when gathering]]
[2023.12.05-15.32.11:336][  0]LogConfig: Setting CVar [[r.DOF.Gather.RingCount:4                 ; medium number of samples when gathering]]
[2023.12.05-15.32.11:336][  0]LogConfig: Setting CVar [[r.DOF.Scatter.ForegroundCompositing:1    ; additive foreground scattering]]
[2023.12.05-15.32.11:336][  0]LogConfig: Setting CVar [[r.DOF.Scatter.BackgroundCompositing:2    ; additive background scattering]]
[2023.12.05-15.32.11:336][  0]LogConfig: Setting CVar [[r.DOF.Scatter.EnableBokehSettings:1      ; bokeh simulation when scattering]]
[2023.12.05-15.32.11:336][  0]LogConfig: Setting CVar [[r.DOF.Scatter.MaxSpriteRatio:0.1         ; only a maximum of 10% of scattered bokeh]]
[2023.12.05-15.32.11:336][  0]LogConfig: Setting CVar [[r.DOF.Recombine.Quality:1                ; cheap slight out of focus]]
[2023.12.05-15.32.11:336][  0]LogConfig: Setting CVar [[r.DOF.Recombine.EnableBokehSettings:0    ; no bokeh simulation on slight out of focus]]
[2023.12.05-15.32.11:336][  0]LogConfig: Setting CVar [[r.DOF.TemporalAAQuality:1                ; more stable temporal accumulation]]
[2023.12.05-15.32.11:336][  0]LogConfig: Setting CVar [[r.DOF.Kernel.MaxForegroundRadius:0.025]]
[2023.12.05-15.32.11:336][  0]LogConfig: Setting CVar [[r.DOF.Kernel.MaxBackgroundRadius:0.025]]
[2023.12.05-15.32.11:336][  0]LogConfig: Applying CVar settings from Section [TextureQuality@3] File [C:/Users/6jowen88/Downloads/UnrealTutorials/Unreal Projects/GSP_Wk10/Saved/Config/Windows/Scalability.ini]
[2023.12.05-15.32.11:336][  0]LogConfig: Setting CVar [[r.Streaming.MipBias:0]]
[2023.12.05-15.32.11:336][  0]LogConfig: Setting CVar [[r.Streaming.AmortizeCPUToGPUCopy:0]]
[2023.12.05-15.32.11:337][  0]LogConfig: Setting CVar [[r.Streaming.MaxNumTexturesToStreamPerFrame:0]]
[2023.12.05-15.32.11:337][  0]LogConfig: Setting CVar [[r.Streaming.Boost:1]]
[2023.12.05-15.32.11:337][  0]LogConfig: Setting CVar [[r.MaxAnisotropy:8]]
[2023.12.05-15.32.11:337][  0]LogConfig: Setting CVar [[r.VT.MaxAnisotropy:8]]
[2023.12.05-15.32.11:337][  0]LogConfig: Setting CVar [[r.Streaming.LimitPoolSizeToVRAM:0]]
[2023.12.05-15.32.11:337][  0]LogConfig: Setting CVar [[r.Streaming.PoolSize:1000]]
[2023.12.05-15.32.11:337][  0]LogConfig: Setting CVar [[r.Streaming.MaxEffectiveScreenSize:0]]
[2023.12.05-15.32.11:337][  0]LogConfig: Applying CVar settings from Section [EffectsQuality@3] File [C:/Users/6jowen88/Downloads/UnrealTutorials/Unreal Projects/GSP_Wk10/Saved/Config/Windows/Scalability.ini]
[2023.12.05-15.32.11:337][  0]LogConfig: Setting CVar [[r.TranslucencyLightingVolumeDim:64]]
[2023.12.05-15.32.11:337][  0]LogConfig: Setting CVar [[r.RefractionQuality:2]]
[2023.12.05-15.32.11:337][  0]LogConfig: Setting CVar [[r.SSR.Quality:3]]
[2023.12.05-15.32.11:337][  0]LogConfig: Setting CVar [[r.SSR.HalfResSceneColor:0]]
[2023.12.05-15.32.11:337][  0]LogConfig: Setting CVar [[r.SceneColorFormat:4]]
[2023.12.05-15.32.11:337][  0]LogConfig: Setting CVar [[r.DetailMode:2]]
[2023.12.05-15.32.11:337][  0]LogConfig: Setting CVar [[r.TranslucencyVolumeBlur:1]]
[2023.12.05-15.32.11:337][  0]LogConfig: Setting CVar [[r.MaterialQualityLevel:1 ; High quality]]
[2023.12.05-15.32.11:337][  0]LogConfig: Setting CVar [[r.AnisotropicMaterials:1]]
[2023.12.05-15.32.11:337][  0]LogConfig: Setting CVar [[r.SSS.Scale:1]]
[2023.12.05-15.32.11:337][  0]LogConfig: Setting CVar [[r.SSS.SampleSet:2]]
[2023.12.05-15.32.11:337][  0]LogConfig: Setting CVar [[r.SSS.Quality:1]]
[2023.12.05-15.32.11:337][  0]LogConfig: Setting CVar [[r.SSS.HalfRes:0]]
[2023.12.05-15.32.11:337][  0]LogConfig: Setting CVar [[r.SSGI.Quality:3]]
[2023.12.05-15.32.11:337][  0]LogConfig: Setting CVar [[r.EmitterSpawnRateScale:1.0]]
[2023.12.05-15.32.11:337][  0]LogConfig: Setting CVar [[r.ParticleLightQuality:2]]
[2023.12.05-15.32.11:337][  0]LogConfig: Setting CVar [[r.SkyAtmosphere.AerialPerspectiveLUT.FastApplyOnOpaque:1 ; Always have FastSkyLUT 1 in this case to avoid wrong sky]]
[2023.12.05-15.32.11:337][  0]LogConfig: Setting CVar [[r.SkyAtmosphere.AerialPerspectiveLUT.SampleCountMaxPerSlice:4]]
[2023.12.05-15.32.11:337][  0]LogConfig: Setting CVar [[r.SkyAtmosphere.AerialPerspectiveLUT.DepthResolution:16.0]]
[2023.12.05-15.32.11:337][  0]LogConfig: Setting CVar [[r.SkyAtmosphere.FastSkyLUT:1]]
[2023.12.05-15.32.11:337][  0]LogConfig: Setting CVar [[r.SkyAtmosphere.FastSkyLUT.SampleCountMin:4.0]]
[2023.12.05-15.32.11:337][  0]LogConfig: Setting CVar [[r.SkyAtmosphere.FastSkyLUT.SampleCountMax:128.0]]
[2023.12.05-15.32.11:337][  0]LogConfig: Setting CVar [[r.SkyAtmosphere.SampleCountMin:4.0]]
[2023.12.05-15.32.11:337][  0]LogConfig: Setting CVar [[r.SkyAtmosphere.SampleCountMax:128.0]]
[2023.12.05-15.32.11:337][  0]LogConfig: Setting CVar [[r.SkyAtmosphere.TransmittanceLUT.UseSmallFormat:0]]
[2023.12.05-15.32.11:337][  0]LogConfig: Setting CVar [[r.SkyAtmosphere.TransmittanceLUT.SampleCount:10.0]]
[2023.12.05-15.32.11:337][  0]LogConfig: Setting CVar [[r.SkyAtmosphere.MultiScatteringLUT.SampleCount:15.0]]
[2023.12.05-15.32.11:337][  0]LogConfig: Setting CVar [[r.SkyLight.RealTimeReflectionCapture:1]]
[2023.12.05-15.32.11:337][  0]LogConfig: Applying CVar settings from Section [FoliageQuality@3] File [C:/Users/6jowen88/Downloads/UnrealTutorials/Unreal Projects/GSP_Wk10/Saved/Config/Windows/Scalability.ini]
[2023.12.05-15.32.11:337][  0]LogConfig: Setting CVar [[foliage.DensityScale:1.0]]
[2023.12.05-15.32.11:337][  0]LogConfig: Setting CVar [[grass.DensityScale:1.0]]
[2023.12.05-15.32.11:337][  0]LogConfig: Applying CVar settings from Section [ShadingQuality@3] File [C:/Users/6jowen88/Downloads/UnrealTutorials/Unreal Projects/GSP_Wk10/Saved/Config/Windows/Scalability.ini]
[2023.12.05-15.32.11:337][  0]LogConfig: Setting CVar [[r.HairStrands.SkyLighting.IntegrationType:2]]
[2023.12.05-15.32.11:337][  0]LogConfig: Setting CVar [[r.HairStrands.SkyAO.SampleCount:4]]
[2023.12.05-15.32.11:337][  0]LogConfig: Setting CVar [[r.HairStrands.Visibility.MSAA.SamplePerPixel:4]]
[2023.12.05-15.32.11:340][  0]LogInit: Selected Device Profile: [Windows]
[2023.12.05-15.32.11:340][  0]LogInit: Applying CVar settings loaded from the selected device profile: [Windows]
[2023.12.05-15.32.11:340][  0]LogHAL: Display: Platform has ~ 32 GB [34298605568 / 34359738368 / 32], which maps to Largest [LargestMinGB=32, LargerMinGB=12, DefaultMinGB=8, SmallerMinGB=6, SmallestMinGB=0)
[2023.12.05-15.32.11:340][  0]LogInit: Going up to parent DeviceProfile []
[2023.12.05-15.32.11:340][  0]LogConfig: Applying CVar settings from Section [ViewDistanceQuality@3] File [C:/Users/6jowen88/Downloads/UnrealTutorials/Unreal Projects/GSP_Wk10/Saved/Config/Windows/Scalability.ini]
[2023.12.05-15.32.11:340][  0]LogConfig: Setting CVar [[r.SkeletalMeshLODBias:0]]
[2023.12.05-15.32.11:340][  0]LogConfig: Setting CVar [[r.ViewDistanceScale:1.0]]
[2023.12.05-15.32.11:340][  0]LogConfig: Applying CVar settings from Section [AntiAliasingQuality@3] File [C:/Users/6jowen88/Downloads/UnrealTutorials/Unreal Projects/GSP_Wk10/Saved/Config/Windows/Scalability.ini]
[2023.12.05-15.32.11:340][  0]LogConfig: Setting CVar [[r.PostProcessAAQuality:4]]
[2023.12.05-15.32.11:340][  0]LogConfig: Applying CVar settings from Section [ShadowQuality@3] File [C:/Users/6jowen88/Downloads/UnrealTutorials/Unreal Projects/GSP_Wk10/Saved/Config/Windows/Scalability.ini]
[2023.12.05-15.32.11:340][  0]LogConfig: Setting CVar [[r.LightFunctionQuality:1]]
[2023.12.05-15.32.11:340][  0]LogConfig: Setting CVar [[r.ShadowQuality:5]]
[2023.12.05-15.32.11:340][  0]LogConfig: Setting CVar [[r.Shadow.CSM.MaxCascades:10]]
[2023.12.05-15.32.11:340][  0]LogConfig: Setting CVar [[r.Shadow.MaxResolution:2048]]
[2023.12.05-15.32.11:340][  0]LogConfig: Setting CVar [[r.Shadow.MaxCSMResolution:2048]]
[2023.12.05-15.32.11:340][  0]LogConfig: Setting CVar [[r.Shadow.RadiusThreshold:0.01]]
[2023.12.05-15.32.11:340][  0]LogConfig: Setting CVar [[r.Shadow.DistanceScale:1.0]]
[2023.12.05-15.32.11:340][  0]LogConfig: Setting CVar [[r.Shadow.CSM.TransitionScale:1.0]]
[2023.12.05-15.32.11:340][  0]LogConfig: Setting CVar [[r.Shadow.PreShadowResolutionFactor:1.0]]
[2023.12.05-15.32.11:340][  0]LogConfig: Setting CVar [[r.DistanceFieldShadowing:1]]
[2023.12.05-15.32.11:340][  0]LogConfig: Setting CVar [[r.DistanceFieldAO:1]]
[2023.12.05-15.32.11:340][  0]LogConfig: Setting CVar [[r.AOQuality:2]]
[2023.12.05-15.32.11:340][  0]LogConfig: Setting CVar [[r.VolumetricFog:1]]
[2023.12.05-15.32.11:340][  0]LogConfig: Setting CVar [[r.VolumetricFog.GridPixelSize:8]]
[2023.12.05-15.32.11:340][  0]LogConfig: Setting CVar [[r.VolumetricFog.GridSizeZ:128]]
[2023.12.05-15.32.11:340][  0]LogConfig: Setting CVar [[r.VolumetricFog.HistoryMissSupersampleCount:4]]
[2023.12.05-15.32.11:340][  0]LogConfig: Setting CVar [[r.LightMaxDrawDistanceScale:1]]
[2023.12.05-15.32.11:340][  0]LogConfig: Setting CVar [[r.CapsuleShadows:1]]
[2023.12.05-15.32.11:340][  0]LogConfig: Applying CVar settings from Section [PostProcessQuality@3] File [C:/Users/6jowen88/Downloads/UnrealTutorials/Unreal Projects/GSP_Wk10/Saved/Config/Windows/Scalability.ini]
[2023.12.05-15.32.11:340][  0]LogConfig: Setting CVar [[r.MotionBlurQuality:4]]
[2023.12.05-15.32.11:340][  0]LogConfig: Setting CVar [[r.AmbientOcclusionMipLevelFactor:0.4]]
[2023.12.05-15.32.11:340][  0]LogConfig: Setting CVar [[r.AmbientOcclusionMaxQuality:100]]
[2023.12.05-15.32.11:340][  0]LogConfig: Setting CVar [[r.AmbientOcclusionLevels:-1]]
[2023.12.05-15.32.11:340][  0]LogConfig: Setting CVar [[r.AmbientOcclusionRadiusScale:1.0]]
[2023.12.05-15.32.11:340][  0]LogConfig: Setting CVar [[r.DepthOfFieldQuality:2]]
[2023.12.05-15.32.11:340][  0]LogConfig: Setting CVar [[r.RenderTargetPoolMin:400]]
[2023.12.05-15.32.11:340][  0]LogConfig: Setting CVar [[r.LensFlareQuality:2]]
[2023.12.05-15.32.11:340][  0]LogConfig: Setting CVar [[r.SceneColorFringeQuality:1]]
[2023.12.05-15.32.11:340][  0]LogConfig: Setting CVar [[r.EyeAdaptationQuality:2]]
[2023.12.05-15.32.11:340][  0]LogConfig: Setting CVar [[r.BloomQuality:5]]
[2023.12.05-15.32.11:340][  0]LogConfig: Setting CVar [[r.FastBlurThreshold:100]]
[2023.12.05-15.32.11:340][  0]LogConfig: Setting CVar [[r.Upscale.Quality:3]]
[2023.12.05-15.32.11:340][  0]LogConfig: Setting CVar [[r.Tonemapper.GrainQuantization:1]]
[2023.12.05-15.32.11:340][  0]LogConfig: Setting CVar [[r.LightShaftQuality:1]]
[2023.12.05-15.32.11:340][  0]LogConfig: Setting CVar [[r.Filter.SizeScale:1]]
[2023.12.05-15.32.11:340][  0]LogConfig: Setting CVar [[r.Tonemapper.Quality:5]]
[2023.12.05-15.32.11:340][  0]LogConfig: Setting CVar [[r.DOF.Gather.AccumulatorQuality:1        ; higher gathering accumulator quality]]
[2023.12.05-15.32.11:340][  0]LogConfig: Setting CVar [[r.DOF.Gather.PostfilterMethod:1          ; Median3x3 postfilering method]]
[2023.12.05-15.32.11:340][  0]LogConfig: Setting CVar [[r.DOF.Gather.EnableBokehSettings:0       ; no bokeh simulation when gathering]]
[2023.12.05-15.32.11:340][  0]LogConfig: Setting CVar [[r.DOF.Gather.RingCount:4                 ; medium number of samples when gathering]]
[2023.12.05-15.32.11:340][  0]LogConfig: Setting CVar [[r.DOF.Scatter.ForegroundCompositing:1    ; additive foreground scattering]]
[2023.12.05-15.32.11:340][  0]LogConfig: Setting CVar [[r.DOF.Scatter.BackgroundCompositing:2    ; additive background scattering]]
[2023.12.05-15.32.11:340][  0]LogConfig: Setting CVar [[r.DOF.Scatter.EnableBokehSettings:1      ; bokeh simulation when scattering]]
[2023.12.05-15.32.11:340][  0]LogConfig: Setting CVar [[r.DOF.Scatter.MaxSpriteRatio:0.1         ; only a maximum of 10% of scattered bokeh]]
[2023.12.05-15.32.11:340][  0]LogConfig: Setting CVar [[r.DOF.Recombine.Quality:1                ; cheap slight out of focus]]
[2023.12.05-15.32.11:340][  0]LogConfig: Setting CVar [[r.DOF.Recombine.EnableBokehSettings:0    ; no bokeh simulation on slight out of focus]]
[2023.12.05-15.32.11:340][  0]LogConfig: Setting CVar [[r.DOF.TemporalAAQuality:1                ; more stable temporal accumulation]]
[2023.12.05-15.32.11:340][  0]LogConfig: Setting CVar [[r.DOF.Kernel.MaxForegroundRadius:0.025]]
[2023.12.05-15.32.11:340][  0]LogConfig: Setting CVar [[r.DOF.Kernel.MaxBackgroundRadius:0.025]]
[2023.12.05-15.32.11:340][  0]LogConfig: Applying CVar settings from Section [TextureQuality@3] File [C:/Users/6jowen88/Downloads/UnrealTutorials/Unreal Projects/GSP_Wk10/Saved/Config/Windows/Scalability.ini]
[2023.12.05-15.32.11:340][  0]LogConfig: Setting CVar [[r.Streaming.MipBias:0]]
[2023.12.05-15.32.11:340][  0]LogConfig: Setting CVar [[r.Streaming.AmortizeCPUToGPUCopy:0]]
[2023.12.05-15.32.11:340][  0]LogConfig: Setting CVar [[r.Streaming.MaxNumTexturesToStreamPerFrame:0]]
[2023.12.05-15.32.11:340][  0]LogConfig: Setting CVar [[r.Streaming.Boost:1]]
[2023.12.05-15.32.11:340][  0]LogConfig: Setting CVar [[r.MaxAnisotropy:8]]
[2023.12.05-15.32.11:340][  0]LogConfig: Setting CVar [[r.VT.MaxAnisotropy:8]]
[2023.12.05-15.32.11:340][  0]LogConfig: Setting CVar [[r.Streaming.LimitPoolSizeToVRAM:0]]
[2023.12.05-15.32.11:340][  0]LogConfig: Setting CVar [[r.Streaming.PoolSize:1000]]
[2023.12.05-15.32.11:341][  0]LogConfig: Setting CVar [[r.Streaming.MaxEffectiveScreenSize:0]]
[2023.12.05-15.32.11:341][  0]LogConfig: Applying CVar settings from Section [EffectsQuality@3] File [C:/Users/6jowen88/Downloads/UnrealTutorials/Unreal Projects/GSP_Wk10/Saved/Config/Windows/Scalability.ini]
[2023.12.05-15.32.11:341][  0]LogConfig: Setting CVar [[r.TranslucencyLightingVolumeDim:64]]
[2023.12.05-15.32.11:341][  0]LogConfig: Setting CVar [[r.RefractionQuality:2]]
[2023.12.05-15.32.11:341][  0]LogConfig: Setting CVar [[r.SSR.Quality:3]]
[2023.12.05-15.32.11:341][  0]LogConfig: Setting CVar [[r.SSR.HalfResSceneColor:0]]
[2023.12.05-15.32.11:341][  0]LogConfig: Setting CVar [[r.SceneColorFormat:4]]
[2023.12.05-15.32.11:341][  0]LogConfig: Setting CVar [[r.DetailMode:2]]
[2023.12.05-15.32.11:341][  0]LogConfig: Setting CVar [[r.TranslucencyVolumeBlur:1]]
[2023.12.05-15.32.11:341][  0]LogConfig: Setting CVar [[r.MaterialQualityLevel:1 ; High quality]]
[2023.12.05-15.32.11:341][  0]LogConfig: Setting CVar [[r.AnisotropicMaterials:1]]
[2023.12.05-15.32.11:341][  0]LogConfig: Setting CVar [[r.SSS.Scale:1]]
[2023.12.05-15.32.11:341][  0]LogConfig: Setting CVar [[r.SSS.SampleSet:2]]
[2023.12.05-15.32.11:341][  0]LogConfig: Setting CVar [[r.SSS.Quality:1]]
[2023.12.05-15.32.11:341][  0]LogConfig: Setting CVar [[r.SSS.HalfRes:0]]
[2023.12.05-15.32.11:341][  0]LogConfig: Setting CVar [[r.SSGI.Quality:3]]
[2023.12.05-15.32.11:341][  0]LogConfig: Setting CVar [[r.EmitterSpawnRateScale:1.0]]
[2023.12.05-15.32.11:341][  0]LogConfig: Setting CVar [[r.ParticleLightQuality:2]]
[2023.12.05-15.32.11:341][  0]LogConfig: Setting CVar [[r.SkyAtmosphere.AerialPerspectiveLUT.FastApplyOnOpaque:1 ; Always have FastSkyLUT 1 in this case to avoid wrong sky]]
[2023.12.05-15.32.11:341][  0]LogConfig: Setting CVar [[r.SkyAtmosphere.AerialPerspectiveLUT.SampleCountMaxPerSlice:4]]
[2023.12.05-15.32.11:341][  0]LogConfig: Setting CVar [[r.SkyAtmosphere.AerialPerspectiveLUT.DepthResolution:16.0]]
[2023.12.05-15.32.11:341][  0]LogConfig: Setting CVar [[r.SkyAtmosphere.FastSkyLUT:1]]
[2023.12.05-15.32.11:341][  0]LogConfig: Setting CVar [[r.SkyAtmosphere.FastSkyLUT.SampleCountMin:4.0]]
[2023.12.05-15.32.11:341][  0]LogConfig: Setting CVar [[r.SkyAtmosphere.FastSkyLUT.SampleCountMax:128.0]]
[2023.12.05-15.32.11:341][  0]LogConfig: Setting CVar [[r.SkyAtmosphere.SampleCountMin:4.0]]
[2023.12.05-15.32.11:341][  0]LogConfig: Setting CVar [[r.SkyAtmosphere.SampleCountMax:128.0]]
[2023.12.05-15.32.11:341][  0]LogConfig: Setting CVar [[r.SkyAtmosphere.TransmittanceLUT.UseSmallFormat:0]]
[2023.12.05-15.32.11:341][  0]LogConfig: Setting CVar [[r.SkyAtmosphere.TransmittanceLUT.SampleCount:10.0]]
[2023.12.05-15.32.11:341][  0]LogConfig: Setting CVar [[r.SkyAtmosphere.MultiScatteringLUT.SampleCount:15.0]]
[2023.12.05-15.32.11:341][  0]LogConfig: Setting CVar [[r.SkyLight.RealTimeReflectionCapture:1]]
[2023.12.05-15.32.11:341][  0]LogConfig: Applying CVar settings from Section [FoliageQuality@3] File [C:/Users/6jowen88/Downloads/UnrealTutorials/Unreal Projects/GSP_Wk10/Saved/Config/Windows/Scalability.ini]
[2023.12.05-15.32.11:341][  0]LogConfig: Setting CVar [[foliage.DensityScale:1.0]]
[2023.12.05-15.32.11:341][  0]LogConfig: Setting CVar [[grass.DensityScale:1.0]]
[2023.12.05-15.32.11:341][  0]LogConfig: Applying CVar settings from Section [ShadingQuality@3] File [C:/Users/6jowen88/Downloads/UnrealTutorials/Unreal Projects/GSP_Wk10/Saved/Config/Windows/Scalability.ini]
[2023.12.05-15.32.11:341][  0]LogConfig: Setting CVar [[r.HairStrands.SkyLighting.IntegrationType:2]]
[2023.12.05-15.32.11:341][  0]LogConfig: Setting CVar [[r.HairStrands.SkyAO.SampleCount:4]]
[2023.12.05-15.32.11:341][  0]LogConfig: Setting CVar [[r.HairStrands.Visibility.MSAA.SamplePerPixel:4]]
[2023.12.05-15.32.11:341][  0]LogConfig: Applying CVar settings from Section [Startup] File [../../../Engine/Config/ConsoleVariables.ini]
[2023.12.05-15.32.11:346][  0]LogConfig: Setting CVar [[net.UseAdaptiveNetUpdateFrequency:0]]
[2023.12.05-15.32.11:346][  0]LogConfig: Setting CVar [[p.chaos.AllowCreatePhysxBodies:1]]
[2023.12.05-15.32.11:346][  0]LogConfig: Setting CVar [[fx.SkipVectorVMBackendOptimizations:1]]
[2023.12.05-15.32.11:346][  0]LogConfig: Applying CVar settings from Section [ConsoleVariables] File [C:/Users/6jowen88/Downloads/UnrealTutorials/Unreal Projects/GSP_Wk10/Saved/Config/Windows/Engine.ini]
[2023.12.05-15.32.11:347][  0]LogConfig: Applying CVar settings from Section [ConsoleVariables] File [C:/Users/6jowen88/Downloads/UnrealTutorials/Unreal Projects/GSP_Wk10/Saved/Config/Windows/Editor.ini]
[2023.12.05-15.32.11:347][  0]LogInit: Computer: W75520
[2023.12.05-15.32.11:347][  0]LogInit: User: 6jowen88
[2023.12.05-15.32.11:347][  0]LogInit: CPU Page size=4096, Cores=8
[2023.12.05-15.32.11:347][  0]LogInit: High frequency timer resolution =10.000000 MHz
[2023.12.05-15.32.11:347][  0]LogMemory: Memory total: Physical=31.9GB (32GB approx)
[2023.12.05-15.32.11:347][  0]LogMemory: Platform Memory Stats for Windows
[2023.12.05-15.32.11:347][  0]LogMemory: Process Physical Memory: 135.01 MB used, 135.01 MB peak
[2023.12.05-15.32.11:347][  0]LogMemory: Process Virtual Memory: 107.26 MB used, 107.26 MB peak
[2023.12.05-15.32.11:347][  0]LogMemory: Physical Memory: 13378.43 MB used,  19331.27 MB free, 32709.70 MB total
[2023.12.05-15.32.11:347][  0]LogMemory: Virtual Memory: 134197344.00 MB used,  20384.69 MB free, 134217728.00 MB total
[2023.12.05-15.32.11:357][  0]LogWindows: WindowsPlatformFeatures enabled
[2023.12.05-15.32.11:383][  0]LogInit: Physics initialised using underlying interface: PhysX
[2023.12.05-15.32.11:383][  0]LogInit: Using OS detected language (en-GB).
[2023.12.05-15.32.11:383][  0]LogInit: Using OS detected locale (en-GB).
[2023.12.05-15.32.11:389][  0]LogTextLocalizationManager: No specific localization for 'en-GB' exists, so the 'en' localization will be used.
[2023.12.05-15.32.14:647][  0]LogTargetPlatformManager: Display: Loaded TargetPlatform 'AllDesktop'
[2023.12.05-15.32.14:664][  0]LogTargetPlatformManager: Display: Loaded TargetPlatform 'Android'
[2023.12.05-15.32.14:664][  0]LogTargetPlatformManager: Display: Loaded TargetPlatform 'Android_ASTC'
[2023.12.05-15.32.14:664][  0]LogTargetPlatformManager: Display: Loaded TargetPlatform 'Android_DXT'
[2023.12.05-15.32.14:664][  0]LogTargetPlatformManager: Display: Loaded TargetPlatform 'Android_ETC2'
[2023.12.05-15.32.14:664][  0]LogTargetPlatformManager: Display: Loaded TargetPlatform 'AndroidClient'
[2023.12.05-15.32.14:664][  0]LogTargetPlatformManager: Display: Loaded TargetPlatform 'Android_ASTCClient'
[2023.12.05-15.32.14:664][  0]LogTargetPlatformManager: Display: Loaded TargetPlatform 'Android_DXTClient'
[2023.12.05-15.32.14:664][  0]LogTargetPlatformManager: Display: Loaded TargetPlatform 'Android_ETC2Client'
[2023.12.05-15.32.14:664][  0]LogTargetPlatformManager: Display: Loaded TargetPlatform 'Android_Multi'
[2023.12.05-15.32.14:664][  0]LogTargetPlatformManager: Display: Loaded TargetPlatform 'Android_MultiClient'
[2023.12.05-15.32.14:681][  0]LogTargetPlatformManager: Display: Loaded TargetPlatform 'IOSClient'
[2023.12.05-15.32.14:681][  0]LogTargetPlatformManager: Display: Loaded TargetPlatform 'IOS'
[2023.12.05-15.32.14:699][  0]LogTargetPlatformManager: Display: Loaded TargetPlatform 'Linux'
[2023.12.05-15.32.14:704][  0]LogTargetPlatformManager: Display: Loaded TargetPlatform 'LinuxNoEditor'
[2023.12.05-15.32.14:708][  0]LogTargetPlatformManager: Display: Loaded TargetPlatform 'LinuxClient'
[2023.12.05-15.32.14:712][  0]LogTargetPlatformManager: Display: Loaded TargetPlatform 'LinuxServer'
[2023.12.05-15.32.14:726][  0]LogTargetPlatformManager: Display: Loaded TargetPlatform 'LinuxAArch64NoEditor'
[2023.12.05-15.32.14:730][  0]LogTargetPlatformManager: Display: Loaded TargetPlatform 'LinuxAArch64Client'
[2023.12.05-15.32.14:734][  0]LogTargetPlatformManager: Display: Loaded TargetPlatform 'LinuxAArch64Server'
[2023.12.05-15.32.14:761][  0]LogTargetPlatformManager: Display: Loaded TargetPlatform 'Lumin'
[2023.12.05-15.32.14:761][  0]LogTargetPlatformManager: Display: Loaded TargetPlatform 'LuminClient'
[2023.12.05-15.32.14:779][  0]LogTargetPlatformManager: Display: Loaded TargetPlatform 'MacNoEditor'
[2023.12.05-15.32.14:784][  0]LogTargetPlatformManager: Display: Loaded TargetPlatform 'Mac'
[2023.12.05-15.32.14:788][  0]LogTargetPlatformManager: Display: Loaded TargetPlatform 'MacClient'
[2023.12.05-15.32.14:793][  0]LogTargetPlatformManager: Display: Loaded TargetPlatform 'MacServer'
[2023.12.05-15.32.14:801][  0]LogTargetPlatformManager: Display: Loaded TargetPlatform 'TVOSClient'
[2023.12.05-15.32.14:801][  0]LogTargetPlatformManager: Display: Loaded TargetPlatform 'TVOS'
[2023.12.05-15.32.14:809][  0]LogTargetPlatformManager: Display: Loaded TargetPlatform 'WindowsNoEditor'
[2023.12.05-15.32.14:813][  0]LogTargetPlatformManager: Display: Loaded TargetPlatform 'Windows'
[2023.12.05-15.32.14:818][  0]LogTargetPlatformManager: Display: Loaded TargetPlatform 'WindowsClient'
[2023.12.05-15.32.14:822][  0]LogTargetPlatformManager: Display: Loaded TargetPlatform 'WindowsServer'
[2023.12.05-15.32.14:822][  0]LogTargetPlatformManager: Display: Building Assets For Windows
[2023.12.05-15.32.14:831][  0]LogAudioDebug: Display: Lib vorbis DLL was dynamically loaded.
[2023.12.05-15.32.14:875][  0]LogTextureFormatOodle: Display: Oodle Texture 2.9.0 init RDO Off
[2023.12.05-15.32.14:908][  0]LogRendererCore: Ray tracing is disabled. Reason: r.RayTracing=0.
[2023.12.05-15.32.14:908][  0]LogDerivedDataCache: Display: Max Cache Size: 512 MB
[2023.12.05-15.32.14:908][  0]LogDerivedDataCache: Display: Starting with empty Boot cache
[2023.12.05-15.32.14:908][  0]LogDerivedDataCache: FDerivedDataBackendGraph:  Pak pak cache file ../../../../../../Users/6jowen88/Downloads/UnrealTutorials/Unreal Projects/GSP_Wk10/DerivedDataCache/DDC.ddp not found, will not use a pak cache.
[2023.12.05-15.32.14:908][  0]LogDerivedDataCache: Unable to find inner node Pak for hierarchical cache Hierarchy.
[2023.12.05-15.32.14:971][  0]LogDerivedDataCache: Speed tests for ../../../Engine/DerivedDataCache took 0.06 seconds
[2023.12.05-15.32.14:971][  0]LogDerivedDataCache: Display: Performance to ../../../Engine/DerivedDataCache: Latency=0.04ms. RandomReadSpeed=17.93MBs, RandomWriteSpeed=94.36MBs. Assigned SpeedClass 'Local'
[2023.12.05-15.32.14:972][  0]LogDerivedDataCache: Using Local data cache path ../../../Engine/DerivedDataCache: Writable
[2023.12.05-15.32.14:977][  0]LogAssetRegistry: FAssetRegistry took 0.0015 seconds to start up
[2023.12.05-15.32.15:168][  0]LogInit: Selected Device Profile: [Windows]
[2023.12.05-15.32.15:168][  0]LogInit: Active device profile: [000001FA3368F200][000001FA23CB72C0 49] Windows
[2023.12.05-15.32.15:168][  0]LogInit: Profiles: [000001FA3368F200][000001FA23CB72C0 49] Windows, [000001FA3363D000][000001FA23CC5440 49] WindowsNoEditor, [000001FA3368D000][000001FA23CC95C0 49] WindowsServer, [000001FA3363EA00][000001FA23CCD740 49] WindowsClient, [000001FA3368E900][000001FA23CD18C0 49] IOS, [000001FA3363D900][000001FA312C9A40 49] iPadAir, [000001FA3368D800][000001FA312CDBC0 49] iPadAir2, [000001FA335E7900][000001FA312DA300 49] IPadPro, [000001FA335E7A00][000001FA312D0340 49] iPadAir3, [000001FA3368E300][000001FA312E44C0 49] iPadAir4, [000001FA335E5500][000001FA312E8640 49] iPadMini2, [000001FA3368F700][000001FA312EC7C0 49] iPadMini3, [000001FA335E6400][000001FA312F0940 49] iPadMini4, [000001FA3368C800][000001FA23CBAA80 49] iPadMini5, [000001FA3362F200][000001FA312F8CC0 49] iPhone6, [000001FA3362F300][000001FA312F4D00 49] iPodTouch6, [000001FA335E4500][000001FA31474F80 49] iPhone7, [000001FA335E4400][000001FA312FCFC0 49] iPodTouch7, [000001FA3362D400][000001FA31479140 49] iPhone5S, [000001FA335E6200][000001FA3147D2C0 49] iPhone6Plus, [000001FA3362E500][000001FA31481440 49] iPhone6S, [000001FA335E5200][000001FA314855C0 49] iPhone6SPlus, [000001FA3362DC00][000001FA31489740 49] iPhone7Plus, [000001FA335E5700][000001FA3148D8C0 49] iPhoneSE, [000001FA3362CE00][000001FA31491A40 49] iPhone8, [000001FA335E4E00][000001FA31495BC0 49] iPhone8Plus, [000001FA3362ED00][000001FA314981C0 49] iPhoneX, [000001FA335E4A00][000001FA3149C340 49] iPhoneXS, [000001FA3362F900][000001FA314A04C0 49] iPhoneXSMax, [000001FA335E5800][000001FA314A4640 49] iPhoneXR, [000001FA3362FD00][000001FA314A87C0 49] iPhone11, [000001FA335E4100][000001FA314AC940 49] iPhone11Pro, [000001FA3362E000][000001FA314B0AC0 49] iPhone11ProMax, [000001FA335E6500][000001FA31470C00 49] iPhoneSE2, [000001FA3362E200][000001FA314B4D40 49] iPhone12Mini, [000001FA335E7700][000001FA314B8E80 49] iPhone12, [000001FA3362CD00][000001FA314BCFC0 49] iPhone12Pro, [000001FA335E4B00][000001FA314C5140 49] iPhone12ProMax, [000001FA3362C100][000001FA314C92C0 49] iPadPro105, [000001FA335E5100][000001FA314CD440 49] iPadPro129, [000001FA3362F400][000001FA314D15C0 49] iPadPro97, [000001FA335E6B00][000001FA314D5740 49] iPadPro2_129, [000001FA3362D000][000001FA314D98C0 49] iPad5, [000001FA335E7400][000001FA314DDA40 49] iPad6, [000001FA3362C300][000001FA314E1BC0 49] iPad7, [000001FA335E7800][000001FA314E41C0 49] iPad8, [000001FA3362F100][000001FA314E8340 49] iPadPro11, [000001FA335E6A00][000001FA24F824C0 49] iPadPro2_11, [000001FA3362F500][000001FA24F86640 49] iPadPro3_129, [000001FA335E5D00][000001FA24F8A7C0 49] iPadPro4_129, [000001FA3362CC00][000001FA24F8E940 49] AppleTV, [000001FA335E4600][000001FA24F92AC0 49] AppleTV4K, [000001FA3362EB00][000001FA24F96C40 49] TVOS, [000001FA335E4300][000001FA24F9ADC0 49] Mac, [000001FA3362C600][000001FA314C0F00 49] MacClient, [000001FA335E6800][000001FA24F9F040 49] MacNoEditor, [000001FA3362EA00][000001FA24FA3180 49] MacServer, [000001FA336C2000][000001FA24FAB300 49] Linux, [000001FA3363CA00][000001FA24FAF480 49] LinuxAArch64, [000001FA336C1600][000001FA24FB3600 49] LinuxNoEditor, [000001FA3363D800][000001FA24FB7780 49] LinuxAArch64NoEditor, [000001FA336C0B00][000001FA24FBB900 49] LinuxClient, [000001FA3363C400][000001FA24FBFA80 49] LinuxAArch64Client, [000001FA336C0E00][000001FA24FC3C00 49] LinuxServer, [000001FA3363FF00][000001FA24FC6200 49] LinuxAArch64Server, [000001FA336C0D00][000001FA24FCA380 49] Android, [000001FA3363C200][000001FA24FCE500 49] Android_Low, [000001FA336C0300][000001FA24FD2680 49] Android_Mid, [000001FA3363E500][000001FA24FD6800 49] Android_High, [000001FA336C0200][000001FA24FDA980 49] Android_Default, [000001FA3363F000][000001FA24FDEB00 49] Android_Adreno4xx, [000001FA336C1B00][000001FA24FE2C80 49] Android_Adreno5xx_Low, [000001FA3363C700][000001FA24FE6E00 49] Android_Adreno5xx, [000001FA336C0900][000001FA24FEAF80 49] Android_Adreno6xx, [000001FA3363D400][000001FA24FA70C0 49] Android_Adreno6xx_Vulkan, [000001FA3362E900][000001FA24FEF200 49] Android_Mali_T6xx, [000001FA335E6D00][000001FA24FF3340 49] Android_Mali_T7xx, [000001FA3362FC00][000001FA24FFB4C0 49] Android_Mali_T8xx, [000001FA335E5E00][000001FA24FFF640 49] Android_Mali_G71, [000001FA3362C700][000001FA33A937C0 49] Android_Mali_G72, [000001FA335E6F00][000001FA33A97940 49] Android_Mali_G72_Vulkan, [000001FA3362DD00][000001FA33A9BAC0 49] Android_Mali_G76, [000001FA335E6900][000001FA33A9E0C0 49] Android_Mali_G76_Vulkan, [000001FA3362C800][000001FA33AA2240 49] Android_Mali_G77, [000001FA335E6300][000001FA33AA63C0 49] Android_Mali_G77_Vulkan, [000001FA3362CB00][000001FA33AAA540 49] Android_Mali_G78, [000001FA335E4F00][000001FA33AAE6C0 49] Android_Mali_G78_Vulkan, [000001FA3362F800][000001FA33AB2840 49] Android_Mali_G710, [000001FA335E4200][000001FA33AB69C0 49] Android_Mali_G710_Vulkan, [000001FA336C0400][000001FA33ABAB40 49] Android_Vulkan_SM5, [000001FA335E5300][000001FA33ABECC0 49] Android_PowerVR_G6xxx, [000001FA336C0800][000001FA33AC2E40 49] Android_PowerVR_GT7xxx, [000001FA335E4900][000001FA33AC6FC0 49] Android_PowerVR_GE8xxx, [000001FA336C0500][000001FA33ACB140 49] Android_PowerVR_GM9xxx, [000001FA335E5000][000001FA24FF7280 49] Android_PowerVR_GM9xxx_Vulkan, [000001FA336C0600][000001FA33ACF3C0 49] Android_TegraK1, [000001FA335E4800][000001FA33AD3500 49] Android_Unknown_Vulkan, [000001FA336C0100][000001FA33AD7640 49] Lumin, [000001FA335E5A00][000001FA33ADF7C0 49] Lumin_Desktop, [000001FA336C1500][000001FA33AE3940 49] HoloLens, 
[2023.12.05-15.32.15:224][  0]LogMeshReduction: Using QuadricMeshReduction for automatic static mesh reduction
[2023.12.05-15.32.15:224][  0]LogMeshReduction: Using SimplygonMeshReduction for automatic skeletal mesh reduction
[2023.12.05-15.32.15:224][  0]LogMeshReduction: Using ProxyLODMeshReduction for automatic mesh merging
[2023.12.05-15.32.15:224][  0]LogMeshReduction: No distributed automatic mesh merging module available
[2023.12.05-15.32.15:224][  0]LogMeshMerging: No distributed automatic mesh merging module available
[2023.12.05-15.32.15:240][  0]LogNetVersion: GSP_Wk10 1.0.0, NetCL: 17155196, EngineNetVer: 17, GameNetVer: 0 (Checksum: 3672958102)
[2023.12.05-15.32.15:958][  0]LogHMD: PokeAHoleMaterial loaded successfully
[2023.12.05-15.32.16:102][  0]LogCollectionManager: Loaded 0 collections in 0.001199 seconds
[2023.12.05-15.32.16:104][  0]LogFileCache: Scanning file cache for directory 'C:/Users/6jowen88/Downloads/UnrealTutorials/Unreal Projects/GSP_Wk10/Saved/Collections/' took 0.00s
[2023.12.05-15.32.16:104][  0]LogFileCache: Scanning file cache for directory 'C:/Users/6jowen88/Downloads/UnrealTutorials/Unreal Projects/GSP_Wk10/Content/Developers/6jowen88/Collections/' took 0.00s
[2023.12.05-15.32.16:104][  0]LogFileCache: Scanning file cache for directory 'C:/Users/6jowen88/Downloads/UnrealTutorials/Unreal Projects/GSP_Wk10/Content/Collections/' took 0.00s
[2023.12.05-15.32.16:104][  0]LogCollectionManager: Fixed up redirectors for 0 collections in 0.000001 seconds (updated 0 objects)
[2023.12.05-15.32.16:242][  0]LogNiagaraDebuggerClient: Niagara Debugger Client Initialized | Session: 1B61304541097C92DC60A8992CCE8DC1 | Instance: 9AEB51DC43596F25D8671B85FE8EA2E9 (W75520-38716).
[2023.12.05-15.32.16:271][  0]LogPython: Using Python 3.7.7
[2023.12.05-15.32.17:544][  0]SourceControl: Source control is disabled
[2023.12.05-15.32.17:544][  0]SourceControl: Source control is disabled
[2023.12.05-15.32.17:547][  0]SourceControl: Source control is disabled
[2023.12.05-15.32.17:550][  0]SourceControl: Source control is disabled
[2023.12.05-15.32.17:556][  0]SourceControl: Source control is disabled
[2023.12.05-15.32.17:561][  0]LogUProjectInfo: Found projects:
[2023.12.05-15.32.17:873][  0]LogOpenImageDenoise: OIDN starting up
[2023.12.05-15.32.17:888][  0]LogAndroidPermission: UAndroidPermissionCallbackProxy::GetInstance
[2023.12.05-15.32.17:909][  0]LogAudioCaptureCore: Display: No Audio Capture implementations found. Audio input will be silent.
[2023.12.05-15.32.17:909][  0]LogAudioCaptureCore: Display: No Audio Capture implementations found. Audio input will be silent.
[2023.12.05-15.32.18:520][  0]LogOcInput: OculusInput pre-init called
[2023.12.05-15.32.18:703][  0]LogUObjectArray: 24038 objects as part of root set at end of initial load.
[2023.12.05-15.32.18:703][  0]LogUObjectAllocator: 6783104 out of 0 bytes used by permanent object pool.
[2023.12.05-15.32.18:703][  0]LogUObjectArray: CloseDisregardForGC: 0/0 objects in disregard for GC pool
[2023.12.05-15.32.18:706][  0]LogInit: Error: VisualStudioToolsCommandlet looked like a commandlet, but we could not find the class.
[2023.12.05-15.32.18:706][  0]LogCore: Engine exit requested (reason: Failed to find commandlet class VisualStudioToolsCommandlet)
[2023.12.05-15.32.18:706][  0]LogCore: Engine exit requested (reason: EngineExit() was called; note: exit was already requested)
[2023.12.05-15.32.18:706][  0]LogExit: Preparing to exit.
[2023.12.05-15.32.18:712][  0]LogUObjectHash: Compacting FUObjectHashTables data took   0.59ms
[2023.12.05-15.32.18:760][  0]LogDemo: Cleaned up 0 splitscreen connections with owner deletion
[2023.12.05-15.32.18:791][  0]LogExit: Object subsystem successfully closed.
[2023.12.05-15.32.18:818][  0]LogModuleManager: Shutting down and abandoning module AudioSynesthesiaEditor (596)
[2023.12.05-15.32.18:818][  0]LogModuleManager: Shutting down and abandoning module OculusEditor (594)
[2023.12.05-15.32.18:818][  0]LogModuleManager: Shutting down and abandoning module OculusInput (592)
[2023.12.05-15.32.18:818][  0]LogModuleManager: Shutting down and abandoning module ContentBrowserFileDataSource (590)
[2023.12.05-15.32.18:818][  0]LogModuleManager: Shutting down and abandoning module ContentBrowserClassDataSource (588)
[2023.12.05-15.32.18:818][  0]LogModuleManager: Shutting down and abandoning module ContentBrowserAssetDataSource (586)
[2023.12.05-15.32.18:818][  0]LogModuleManager: Shutting down and abandoning module ToolMenus (585)
[2023.12.05-15.32.18:818][  0]LogModuleManager: Shutting down and abandoning module MagicLeapSharedWorld (582)
[2023.12.05-15.32.18:818][  0]LogModuleManager: Shutting down and abandoning module MagicLeapLightEstimation (580)
[2023.12.05-15.32.18:818][  0]LogModuleManager: Shutting down and abandoning module MagicLeapHelperVulkan (578)
[2023.12.05-15.32.18:818][  0]LogModuleManager: Shutting down and abandoning module MagicLeapHelperOpenGL (576)
[2023.12.05-15.32.18:818][  0]LogModuleManager: Shutting down and abandoning module MagicLeapAudio (574)
[2023.12.05-15.32.18:818][  0]LogModuleManager: Shutting down and abandoning module TakeSequencer (572)
[2023.12.05-15.32.18:818][  0]LogModuleManager: Shutting down and abandoning module TakeMovieScene (570)
[2023.12.05-15.32.18:818][  0]LogModuleManager: Shutting down and abandoning module SynthesisEditor (568)
[2023.12.05-15.32.18:818][  0]LogModuleManager: Shutting down and abandoning module Synthesis (566)
[2023.12.05-15.32.18:818][  0]LogModuleManager: Shutting down and abandoning module ProceduralMeshComponentEditor (564)
[2023.12.05-15.32.18:818][  0]LogModuleManager: Shutting down and abandoning module ProceduralMeshComponent (562)
[2023.12.05-15.32.18:818][  0]LogModuleManager: Shutting down and abandoning module ScreenshotTools (560)
[2023.12.05-15.32.18:818][  0]LogModuleManager: Shutting down and abandoning module OpenXREditor (558)
[2023.12.05-15.32.18:818][  0]LogModuleManager: Shutting down and abandoning module MobilePatchingUtils (556)
[2023.12.05-15.32.18:818][  0]LogModuleManager: Shutting down and abandoning module GooglePAD (554)
[2023.12.05-15.32.18:818][  0]LogModuleManager: Shutting down and abandoning module EditableMesh (552)
[2023.12.05-15.32.18:818][  0]LogModuleManager: Shutting down and abandoning module CustomMeshComponent (550)
[2023.12.05-15.32.18:818][  0]LogModuleManager: Shutting down and abandoning module CableComponent (548)
[2023.12.05-15.32.18:818][  0]LogModuleManager: Shutting down and abandoning module AudioCapture (546)
[2023.12.05-15.32.18:818][  0]LogModuleManager: Shutting down and abandoning module AudioCaptureRtAudio (545)
[2023.12.05-15.32.18:818][  0]LogModuleManager: Shutting down and abandoning module AssetTags (542)
[2023.12.05-15.32.18:818][  0]LogModuleManager: Shutting down and abandoning module ArchVisCharacter (540)
[2023.12.05-15.32.18:818][  0]LogModuleManager: Shutting down and abandoning module AppleImageUtilsBlueprintSupport (538)
[2023.12.05-15.32.18:818][  0]LogModuleManager: Shutting down and abandoning module AppleImageUtils (536)
[2023.12.05-15.32.18:818][  0]LogModuleManager: Shutting down and abandoning module AndroidPermission (534)
[2023.12.05-15.32.18:818][  0]LogModuleManager: Shutting down and abandoning module ActorLayerUtilitiesEditor (532)
[2023.12.05-15.32.18:818][  0]LogModuleManager: Shutting down and abandoning module ActorLayerUtilities (530)
[2023.12.05-15.32.18:818][  0]LogModuleManager: Shutting down and abandoning module TemplateSequence (528)
[2023.12.05-15.32.18:818][  0]LogModuleManager: Shutting down and abandoning module MediaCompositing (526)
[2023.12.05-15.32.18:818][  0]LogModuleManager: Shutting down and abandoning module OpenImageDenoise (524)
[2023.12.05-15.32.18:818][  0]LogOpenImageDenoise: OIDN shutting down
[2023.12.05-15.32.18:818][  0]LogModuleManager: Shutting down and abandoning module MotoSynthEditor (522)
[2023.12.05-15.32.18:818][  0]LogModuleManager: Shutting down and abandoning module MotoSynth (520)
[2023.12.05-15.32.18:818][  0]LogModuleManager: Shutting down and abandoning module MeshConversion (518)
[2023.12.05-15.32.18:818][  0]LogModuleManager: Shutting down and abandoning module DynamicMesh (516)
[2023.12.05-15.32.18:818][  0]LogModuleManager: Shutting down and abandoning module GeometryAlgorithms (514)
[2023.12.05-15.32.18:818][  0]LogModuleManager: Shutting down and abandoning module GeometricObjects (512)
[2023.12.05-15.32.18:818][  0]LogModuleManager: Shutting down and abandoning module GeometryCollectionTracks (510)
[2023.12.05-15.32.18:818][  0]LogModuleManager: Shutting down and abandoning module GeometryCollectionSequencer (509)
[2023.12.05-15.32.18:818][  0]LogModuleManager: Shutting down and abandoning module GeometryCollectionEditor (506)
[2023.12.05-15.32.18:818][  0]LogModuleManager: Shutting down and abandoning module GeometryCacheTracks (504)
[2023.12.05-15.32.18:818][  0]LogModuleManager: Shutting down and abandoning module GeometryCacheStreamer (502)
[2023.12.05-15.32.18:818][  0]LogModuleManager: Shutting down and abandoning module GeometryCacheSequencer (500)
[2023.12.05-15.32.18:818][  0]LogModuleManager: Shutting down and abandoning module ChaosSolverEditor (498)
[2023.12.05-15.32.18:818][  0]LogModuleManager: Shutting down and abandoning module ChaosNiagara (496)
[2023.12.05-15.32.18:818][  0]LogModuleManager: Shutting down and abandoning module ChaosClothEditor (494)
[2023.12.05-15.32.18:818][  0]LogModuleManager: Shutting down and abandoning module FractureEditor (492)
[2023.12.05-15.32.18:818][  0]LogModuleManager: Shutting down and abandoning module FieldSystemEngine (491)
[2023.12.05-15.32.18:818][  0]LogModuleManager: Shutting down and abandoning module AutomationUtilsEditor (488)
[2023.12.05-15.32.18:818][  0]LogModuleManager: Shutting down and abandoning module AutomationUtils (486)
[2023.12.05-15.32.18:818][  0]LogModuleManager: Shutting down and abandoning module AlembicImporter (484)
[2023.12.05-15.32.18:818][  0]LogModuleManager: Shutting down and abandoning module AlembicLibrary (483)
[2023.12.05-15.32.18:818][  0]LogModuleManager: Shutting down and abandoning module GeometryCache (482)
[2023.12.05-15.32.18:818][  0]LogModuleManager: Shutting down and abandoning module GeometryCacheEd (481)
[2023.12.05-15.32.18:818][  0]LogModuleManager: Shutting down and abandoning module NiagaraEditorWidgets (476)
[2023.12.05-15.32.18:819][  0]LogModuleManager: Shutting down and abandoning module VariantManagerContentEditor (474)
[2023.12.05-15.32.18:819][  0]LogModuleManager: Shutting down and abandoning module DatasmithContentEditor (472)
[2023.12.05-15.32.18:819][  0]LogModuleManager: Shutting down and abandoning module SpeedTreeImporter (470)
[2023.12.05-15.32.18:819][  0]LogModuleManager: Shutting down and abandoning module PluginBrowser (468)
[2023.12.05-15.32.18:819][  0]LogModuleManager: Shutting down and abandoning module MobileLauncherProfileWizard (466)
[2023.12.05-15.32.18:819][  0]LogModuleManager: Shutting down and abandoning module MaterialAnalyzer (464)
[2023.12.05-15.32.18:819][  0]LogModuleManager: Shutting down and abandoning module AnimationSharingEd (462)
[2023.12.05-15.32.18:819][  0]LogModuleManager: Shutting down and abandoning module CurveEditorTools (460)
[2023.12.05-15.32.18:819][  0]LogModuleManager: Shutting down and abandoning module CryptoKeysOpenSSL (458)
[2023.12.05-15.32.18:819][  0]LogModuleManager: Shutting down and abandoning module CryptoKeys (456)
[2023.12.05-15.32.18:819][  0]LogModuleManager: Shutting down and abandoning module VisualStudioSourceCodeAccess (454)
[2023.12.05-15.32.18:819][  0]LogModuleManager: Shutting down and abandoning module VisualStudioCodeSourceCodeAccess (452)
[2023.12.05-15.32.18:819][  0]LogModuleManager: Shutting down and abandoning module UObjectPlugin (450)
[2023.12.05-15.32.18:819][  0]LogModuleManager: Shutting down and abandoning module SubversionSourceControl (448)
[2023.12.05-15.32.18:819][  0]LogModuleManager: Shutting down and abandoning module PluginUtils (446)
[2023.12.05-15.32.18:819][  0]LogModuleManager: Shutting down and abandoning module PlasticSourceControl (444)
[2023.12.05-15.32.18:819][  0]LogModuleManager: Shutting down and abandoning module PerforceSourceControl (442)
[2023.12.05-15.32.18:819][  0]LogModuleManager: Shutting down and abandoning module GitSourceControl (440)
[2023.12.05-15.32.18:819][  0]LogModuleManager: Shutting down and abandoning module SourceControl (439)
[2023.12.05-15.32.18:819][  0]LogModuleManager: Shutting down and abandoning module CLionSourceCodeAccess (436)
[2023.12.05-15.32.18:819][  0]LogModuleManager: Shutting down and abandoning module OodleNetworkHandlerComponent (434)
[2023.12.05-15.32.18:819][  0]LogModuleManager: Shutting down and abandoning module LightPropagationVolumeEditor (432)
[2023.12.05-15.32.18:819][  0]LogModuleManager: Shutting down and abandoning module LiveLinkSequencer (430)
[2023.12.05-15.32.18:819][  0]LogModuleManager: Shutting down and abandoning module LiveLinkMovieScene (428)
[2023.12.05-15.32.18:819][  0]LogModuleManager: Shutting down and abandoning module LiveLinkGraphNode (426)
[2023.12.05-15.32.18:819][  0]LogModuleManager: Shutting down and abandoning module LiveLinkEditor (424)
[2023.12.05-15.32.18:819][  0]LogModuleManager: Shutting down and abandoning module LiveLinkComponents (422)
[2023.12.05-15.32.18:819][  0]LogModuleManager: Shutting down and abandoning module LiveLink (420)
[2023.12.05-15.32.19:464][  0]LogModuleManager: Shutting down and abandoning module PaperTiledImporter (418)
[2023.12.05-15.32.19:464][  0]LogModuleManager: Shutting down and abandoning module PaperSpriteSheetImporter (416)
[2023.12.05-15.32.19:464][  0]LogModuleManager: Shutting down and abandoning module Paper2DEditor (414)
[2023.12.05-15.32.19:464][  0]LogModuleManager: Shutting down and abandoning module MeshPaintingToolset (412)
[2023.12.05-15.32.19:464][  0]LogModuleManager: Shutting down and abandoning module MeshPaintEditorMode (410)
[2023.12.05-15.32.19:464][  0]LogModuleManager: Shutting down and abandoning module GSP_Wk10 (408)
[2023.12.05-15.32.19:464][  0]LogModuleManager: Shutting down and abandoning module AnimGraph (407)
[2023.12.05-15.32.19:464][  0]LogModuleManager: Shutting down and abandoning module MagicLeapARPin (404)
[2023.12.05-15.32.19:464][  0]LogModuleManager: Shutting down and abandoning module MagicLeapHandMeshing (402)
[2023.12.05-15.32.19:464][  0]LogModuleManager: Shutting down and abandoning module MagicLeapSecureStorage (400)
[2023.12.05-15.32.19:464][  0]LogModuleManager: Shutting down and abandoning module MagicLeapPrivileges (398)
[2023.12.05-15.32.19:464][  0]LogModuleManager: Shutting down and abandoning module MagicLeapPlanes (396)
[2023.12.05-15.32.19:464][  0]LogMagicLeapPlanes: Planes tracker already destroyed.
[2023.12.05-15.32.19:464][  0]LogModuleManager: Shutting down and abandoning module MagicLeapImageTracker (394)
[2023.12.05-15.32.19:464][  0]LogModuleManager: Shutting down and abandoning module MagicLeapIdentity (392)
[2023.12.05-15.32.19:464][  0]LogModuleManager: Shutting down and abandoning module MagicLeapHandTracking (390)
[2023.12.05-15.32.19:464][  0]LogModuleManager: Shutting down and abandoning module MagicLeapEyeTracker (388)
[2023.12.05-15.32.19:464][  0]LogModuleManager: Shutting down and abandoning module MagicLeapController (386)
[2023.12.05-15.32.19:464][  0]LogModuleManager: Shutting down and abandoning module MagicLeapARPinImpl (384)
[2023.12.05-15.32.19:464][  0]LogModuleManager: Shutting down and abandoning module MagicLeapAR (382)
[2023.12.05-15.32.19:464][  0]LogModuleManager: Shutting down and abandoning module SoundFields (380)
[2023.12.05-15.32.19:464][  0]LogModuleManager: Shutting down and abandoning module SignificanceManager (378)
[2023.12.05-15.32.19:464][  0]LogModuleManager: Shutting down and abandoning module RuntimePhysXCooking (376)
[2023.12.05-15.32.19:465][  0]LogModuleManager: Shutting down and abandoning module PropertyAccessEditor (374)
[2023.12.05-15.32.19:465][  0]LogModuleManager: Shutting down and abandoning module PhysXVehiclesEditor (372)
[2023.12.05-15.32.19:465][  0]LogModuleManager: Shutting down and abandoning module LocationServicesBPLibrary (368)
[2023.12.05-15.32.19:465][  0]LogModuleManager: Shutting down and abandoning module AudioSynesthesia (366)
[2023.12.05-15.32.19:465][  0]LogModuleManager: Shutting down and abandoning module AudioSynesthesiaCore (364)
[2023.12.05-15.32.19:465][  0]LogModuleManager: Shutting down and abandoning module ActorSequence (362)
[2023.12.05-15.32.19:465][  0]LogModuleManager: Shutting down and abandoning module UdpMessaging (360)
[2023.12.05-15.32.19:465][  0]LogModuleManager: Shutting down and abandoning module TcpMessaging (358)
[2023.12.05-15.32.19:465][  0]LogModuleManager: Shutting down and abandoning module PythonScriptPlugin (356)
[2023.12.05-15.32.19:465][  0]LogModuleManager: Shutting down and abandoning module DataValidation (354)
[2023.12.05-15.32.19:465][  0]LogModuleManager: Shutting down and abandoning module NiagaraAnimNotifies (352)
[2023.12.05-15.32.19:465][  0]LogModuleManager: Shutting down and abandoning module Niagara (350)
[2023.12.05-15.32.19:465][  0]LogModuleManager: Shutting down and abandoning module SignalProcessing (349)
[2023.12.05-15.32.19:465][  0]LogModuleManager: Shutting down and abandoning module NiagaraEditor (347)
[2023.12.05-15.32.19:465][  0]LogModuleManager: Shutting down and abandoning module NiagaraCore (344)
[2023.12.05-15.32.19:465][  0]LogModuleManager: Shutting down and abandoning module GameplayTagsEditor (342)
[2023.12.05-15.32.19:465][  0]LogModuleManager: Shutting down and abandoning module FacialAnimationEditor (340)
[2023.12.05-15.32.19:465][  0]LogModuleManager: Shutting down and abandoning module FacialAnimation (338)
[2023.12.05-15.32.19:465][  0]LogModuleManager: Shutting down and abandoning module AnimationSharing (336)
[2023.12.05-15.32.19:465][  0]LogModuleManager: Shutting down and abandoning module AssetManagerEditor (334)
[2023.12.05-15.32.19:465][  0]LogModuleManager: Shutting down and abandoning module TreeMap (333)
[2023.12.05-15.32.19:465][  0]LogModuleManager: Shutting down and abandoning module PropertyAccessNode (330)
[2023.12.05-15.32.19:465][  0]LogModuleManager: Shutting down and abandoning module GameplayCameras (328)
[2023.12.05-15.32.19:465][  0]LogModuleManager: Shutting down and abandoning module LightPropagationVolumeRuntime (326)
[2023.12.05-15.32.19:465][  0]LogModuleManager: Shutting down and abandoning module EnvironmentQueryEditor (324)
[2023.12.05-15.32.19:465][  0]LogModuleManager: Shutting down and abandoning module Paper2D (322)
[2023.12.05-15.32.19:465][  0]LogModuleManager: Shutting down and abandoning module NetworkReplayStreaming (320)
[2023.12.05-15.32.19:465][  0]LogModuleManager: Shutting down and abandoning module PacketHandler (318)
[2023.12.05-15.32.19:465][  0]LogModuleManager: Shutting down and abandoning module ClothingSystemEditor (316)
[2023.12.05-15.32.19:465][  0]LogModuleManager: Shutting down and abandoning module ClothingSystemRuntimeNv (314)
[2023.12.05-15.32.19:465][  0]LogModuleManager: Shutting down and abandoning module MediaAssets (312)
[2023.12.05-15.32.19:465][  0]LogModuleManager: Shutting down and abandoning module Overlay (310)
[2023.12.05-15.32.19:465][  0]LogModuleManager: Shutting down and abandoning module OverlayEditor (309)
[2023.12.05-15.32.19:465][  0]LogModuleManager: Shutting down and abandoning module Blutility (306)
[2023.12.05-15.32.19:465][  0]LogModuleManager: Shutting down and abandoning module LevelEditor (305)
[2023.12.05-15.32.19:466][  0]LogModuleManager: Shutting down and abandoning module PixelInspectorModule (304)
[2023.12.05-15.32.19:466][  0]LogModuleManager: Shutting down and abandoning module CommonMenuExtensions (302)
[2023.12.05-15.32.19:466][  0]LogModuleManager: Shutting down and abandoning module MainFrame (300)
[2023.12.05-15.32.19:466][  0]LogModuleManager: Shutting down and abandoning module HotReload (299)
[2023.12.05-15.32.19:466][  0]LogModuleManager: Shutting down and abandoning module ContentBrowser (295)
[2023.12.05-15.32.19:466][  0]LogModuleManager: Shutting down and abandoning module CollectionManager (294)
[2023.12.05-15.32.19:466][  0]LogModuleManager: Shutting down and abandoning module ContentBrowserData (292)
[2023.12.05-15.32.19:466][  0]LogModuleManager: Shutting down and abandoning module IntroTutorials (288)
[2023.12.05-15.32.19:466][  0]LogModuleManager: Shutting down and abandoning module VREditor (286)
[2023.12.05-15.32.19:466][  0]LogModuleManager: Shutting down and abandoning module StringTableEditor (284)
[2023.12.05-15.32.19:466][  0]LogModuleManager: Shutting down and abandoning module GameplayTasksEditor (282)
[2023.12.05-15.32.19:466][  0]LogModuleManager: Shutting down and abandoning module BehaviorTreeEditor (280)
[2023.12.05-15.32.19:466][  0]LogModuleManager: Shutting down and abandoning module FunctionalTesting (278)
[2023.12.05-15.32.19:466][  0]LogModuleManager: Shutting down and abandoning module CollisionAnalyzer (276)
[2023.12.05-15.32.19:466][  0]LogModuleManager: Shutting down and abandoning module WorkspaceMenuStructure (275)
[2023.12.05-15.32.19:467][  0]LogModuleManager: Shutting down and abandoning module UMG (272)
[2023.12.05-15.32.19:467][  0]LogModuleManager: Shutting down and abandoning module UMGEditor (271)
[2023.12.05-15.32.19:467][  0]LogModuleManager: Shutting down and abandoning module MessageLog (269)
[2023.12.05-15.32.19:467][  0]LogModuleManager: Shutting down and abandoning module SlateReflector (264)
[2023.12.05-15.32.19:467][  0]LogModuleManager: Shutting down and abandoning module Slate (262)
[2023.12.05-15.32.19:467][  0]LogModuleManager: Shutting down and abandoning module SlateCore (260)
[2023.12.05-15.32.19:467][  0]LogModuleManager: Shutting down and abandoning module LandscapeEditorUtilities (258)
[2023.12.05-15.32.19:467][  0]LogModuleManager: Shutting down and abandoning module UnrealEd (256)
[2023.12.05-15.32.19:467][  0]LogModuleManager: Shutting down and abandoning module MRMesh (254)
[2023.12.05-15.32.19:467][  0]LogModuleManager: Shutting down and abandoning module SourceCodeAccess (252)
[2023.12.05-15.32.19:467][  0]LogModuleManager: Shutting down and abandoning module HeadMountedDisplay (250)
[2023.12.05-15.32.19:467][  0]LogModuleManager: Shutting down and abandoning module XAudio2 (248)
[2023.12.05-15.32.19:467][  0]LogModuleManager: Shutting down and abandoning module Networking (246)
[2023.12.05-15.32.19:467][  0]LogModuleManager: Shutting down and abandoning module Core (244)
[2023.12.05-15.32.19:467][  0]LogModuleManager: Shutting down and abandoning module MaterialEditor (242)
[2023.12.05-15.32.19:467][  0]LogModuleManager: Shutting down and abandoning module Settings (241)
[2023.12.05-15.32.19:467][  0]LogModuleManager: Shutting down and abandoning module MovieSceneTools (238)
[2023.12.05-15.32.19:467][  0]LogModuleManager: Shutting down and abandoning module CurveEditor (237)
[2023.12.05-15.32.19:468][  0]LogModuleManager: Shutting down and abandoning module Sequencer (235)
[2023.12.05-15.32.19:468][  0]LogModuleManager: Shutting down and abandoning module EditorStyle (234)
[2023.12.05-15.32.19:468][  0]LogModuleManager: Shutting down and abandoning module KismetCompiler (230)
[2023.12.05-15.32.19:468][  0]LogModuleManager: Shutting down and abandoning module MeshBuilder (228)
[2023.12.05-15.32.19:468][  0]LogModuleManager: Shutting down and abandoning module MeshUtilities (226)
[2023.12.05-15.32.19:468][  0]LogModuleManager: Shutting down and abandoning module MeshMergeUtilities (225)
[2023.12.05-15.32.19:468][  0]LogModuleManager: Shutting down and abandoning module MeshReductionInterface (224)
[2023.12.05-15.32.19:468][  0]LogModuleManager: Shutting down and abandoning module MeshBoneReduction (223)
[2023.12.05-15.32.19:468][  0]LogModuleManager: Shutting down and abandoning module SkeletalMeshReduction (221)
[2023.12.05-15.32.19:468][  0]LogModuleManager: Shutting down and abandoning module ProxyLODMeshReduction (219)
[2023.12.05-15.32.19:468][  0]LogModuleManager: Shutting down and abandoning module QuadricMeshReduction (217)
[2023.12.05-15.32.19:468][  0]LogModuleManager: Shutting down and abandoning module MaterialBaking (213)
[2023.12.05-15.32.19:468][  0]LogModuleManager: Shutting down and abandoning module DirectoryWatcher (209)
[2023.12.05-15.32.19:468][  0]LogModuleManager: Shutting down and abandoning module NullInstallBundleManager (206)
[2023.12.05-15.32.19:468][  0]LogModuleManager: Shutting down and abandoning module DerivedDataCache (204)
[2023.12.05-15.32.19:468][  0]LogModuleManager: Shutting down and abandoning module TargetPlatform (202)
[2023.12.05-15.32.19:468][  0]LogModuleManager: Shutting down and abandoning module VulkanShaderFormat (201)
[2023.12.05-15.32.19:469][  0]LogModuleManager: Shutting down and abandoning module ShaderFormatVectorVM (199)
[2023.12.05-15.32.19:469][  0]LogModuleManager: Shutting down and abandoning module ShaderFormatOpenGL (197)
[2023.12.05-15.32.19:469][  0]LogModuleManager: Shutting down and abandoning module ShaderFormatD3D (195)
[2023.12.05-15.32.19:469][  0]LogModuleManager: Shutting down and abandoning module MetalShaderFormat (193)
[2023.12.05-15.32.19:469][  0]LogModuleManager: Shutting down and abandoning module TextureFormatOodle (191)
[2023.12.05-15.32.19:469][  0]LogModuleManager: Shutting down and abandoning module TextureFormatUncompressed (189)
[2023.12.05-15.32.19:469][  0]LogModuleManager: Shutting down and abandoning module TextureFormatPVR (187)
[2023.12.05-15.32.19:469][  0]LogModuleManager: Shutting down and abandoning module TextureFormatETC2 (185)
[2023.12.05-15.32.19:469][  0]LogModuleManager: Shutting down and abandoning module TextureFormatDXT (183)
[2023.12.05-15.32.19:469][  0]LogModuleManager: Shutting down and abandoning module TextureFormatIntelISPCTexComp (181)
[2023.12.05-15.32.19:469][  0]LogModuleManager: Shutting down and abandoning module TextureFormatASTC (179)
[2023.12.05-15.32.19:469][  0]LogModuleManager: Shutting down and abandoning module ImageWrapper (178)
[2023.12.05-15.32.19:469][  0]LogModuleManager: Shutting down and abandoning module AudioFormatOpus (175)
[2023.12.05-15.32.19:469][  0]LogModuleManager: Shutting down and abandoning module AudioFormatOgg (173)
[2023.12.05-15.32.19:469][  0]LogModuleManager: Shutting down and abandoning module AudioFormatADPCM (171)
[2023.12.05-15.32.19:469][  0]LogModuleManager: Shutting down and abandoning module WindowsServerTargetPlatform (169)
[2023.12.05-15.32.19:469][  0]LogModuleManager: Shutting down and abandoning module WindowsClientTargetPlatform (167)
[2023.12.05-15.32.19:469][  0]LogModuleManager: Shutting down and abandoning module WindowsTargetPlatform (165)
[2023.12.05-15.32.19:469][  0]LogModuleManager: Shutting down and abandoning module WindowsNoEditorTargetPlatform (163)
[2023.12.05-15.32.19:469][  0]LogModuleManager: Shutting down and abandoning module TVOSTargetPlatform (161)
[2023.12.05-15.32.19:469][  0]LogModuleManager: Shutting down and abandoning module MacServerTargetPlatform (159)
[2023.12.05-15.32.19:469][  0]LogModuleManager: Shutting down and abandoning module MacClientTargetPlatform (157)
[2023.12.05-15.32.19:469][  0]LogModuleManager: Shutting down and abandoning module MacTargetPlatform (155)
[2023.12.05-15.32.19:469][  0]LogModuleManager: Shutting down and abandoning module MacNoEditorTargetPlatform (153)
[2023.12.05-15.32.19:469][  0]LogModuleManager: Shutting down and abandoning module LuminTargetPlatform (151)
[2023.12.05-15.32.19:470][  0]LogModuleManager: Shutting down and abandoning module LinuxAArch64ServerTargetPlatform (149)
[2023.12.05-15.32.19:470][  0]LogModuleManager: Shutting down and abandoning module LinuxAArch64ClientTargetPlatform (147)
[2023.12.05-15.32.19:470][  0]LogModuleManager: Shutting down and abandoning module LinuxAArch64NoEditorTargetPlatform (145)
[2023.12.05-15.32.19:470][  0]LogModuleManager: Shutting down and abandoning module LinuxServerTargetPlatform (143)
[2023.12.05-15.32.19:470][  0]LogModuleManager: Shutting down and abandoning module LinuxClientTargetPlatform (141)
[2023.12.05-15.32.19:470][  0]LogModuleManager: Shutting down and abandoning module LinuxNoEditorTargetPlatform (139)
[2023.12.05-15.32.19:470][  0]LogModuleManager: Shutting down and abandoning module LinuxTargetPlatform (137)
[2023.12.05-15.32.19:470][  0]LogModuleManager: Shutting down and abandoning module Messaging (135)
[2023.12.05-15.32.19:470][  0]LogModuleManager: Shutting down and abandoning module IOSTargetPlatform (133)
[2023.12.05-15.32.19:470][  0]LogModuleManager: Shutting down and abandoning module AndroidTargetPlatform (131)
[2023.12.05-15.32.19:472][  0]LogModuleManager: Shutting down and abandoning module AllDesktopTargetPlatform (129)
[2023.12.05-15.32.19:472][  0]LogModuleManager: Shutting down and abandoning module NullDrv (126)
[2023.12.05-15.32.19:472][  0]LogModuleManager: Shutting down and abandoning module PhysXCooking (124)
[2023.12.05-15.32.19:472][  0]LogModuleManager: Shutting down and abandoning module Chaos (122)
[2023.12.05-15.32.19:472][  0]LogModuleManager: Shutting down and abandoning module WindowsPlatformFeatures (120)
[2023.12.05-15.32.19:472][  0]LogModuleManager: Shutting down and abandoning module GameplayMediaEncoder (119)
[2023.12.05-15.32.19:472][  0]LogModuleManager: Shutting down and abandoning module AVEncoder (118)
[2023.12.05-15.32.19:472][  0]LogModuleManager: Shutting down and abandoning module ExampleDeviceProfileSelector (114)
[2023.12.05-15.32.19:472][  0]LogModuleManager: Shutting down and abandoning module SteamVRInputDevice (112)
[2023.12.05-15.32.19:472][  0]LogModuleManager: Shutting down and abandoning module SteamVRInput (110)
[2023.12.05-15.32.19:472][  0]LogModuleManager: Shutting down and abandoning module SteamVR (108)
[2023.12.05-15.32.19:472][  0]LogHMD: Freeing OpenVRDLLHandle.
[2023.12.05-15.32.19:472][  0]LogModuleManager: Shutting down and abandoning module OculusHMD (106)
[2023.12.05-15.32.19:472][  0]LogModuleManager: Shutting down and abandoning module MLSDK (104)
[2023.12.05-15.32.19:472][  0]LogModuleManager: Shutting down and abandoning module MagicLeap (102)
[2023.12.05-15.32.19:472][  0]LogModuleManager: Shutting down and abandoning module OpenXRHandTracking (100)
[2023.12.05-15.32.19:472][  0]LogModuleManager: Shutting down and abandoning module OpenXREyeTracker (98)
[2023.12.05-15.32.19:472][  0]LogModuleManager: Shutting down and abandoning module OpenXRAR (96)
[2023.12.05-15.32.19:472][  0]LogModuleManager: Shutting down and abandoning module AugmentedReality (95)
[2023.12.05-15.32.19:472][  0]LogModuleManager: Shutting down and abandoning module OpenXRHMD (92)
[2023.12.05-15.32.19:472][  0]LogModuleManager: Shutting down and abandoning module ChunkDownloader (90)
[2023.12.05-15.32.19:472][  0]LogModuleManager: Shutting down and abandoning module LauncherChunkInstaller (88)
[2023.12.05-15.32.19:472][  0]LogModuleManager: Shutting down and abandoning module OnlineBlueprintSupport (86)
[2023.12.05-15.32.19:472][  0]LogModuleManager: Shutting down and abandoning module OnlineSubsystem (82)
[2023.12.05-15.32.19:473][  0]LogModuleManager: Shutting down and abandoning module XMPP (77)
[2023.12.05-15.32.19:473][  0]LogModuleManager: Shutting down and abandoning module WebSockets (76)
[2023.12.05-15.32.19:483][  0]LogModuleManager: Shutting down and abandoning module HTTP (73)
[2023.12.05-15.32.19:483][  0]LogHttp: Display: cleaning up 0 outstanding Http requests.
[2023.12.05-15.32.19:486][  0]LogModuleManager: Shutting down and abandoning module SSL (72)
[2023.12.05-15.32.19:487][  0]LogModuleManager: Shutting down and abandoning module WmfMedia (68)
[2023.12.05-15.32.19:488][  0]LogModuleManager: Shutting down and abandoning module Media (67)
[2023.12.05-15.32.19:488][  0]LogModuleManager: Shutting down and abandoning module MediaInfo (66)
[2023.12.05-15.32.19:488][  0]LogModuleManager: Shutting down and abandoning module ExrReaderGpu (62)
[2023.12.05-15.32.19:488][  0]LogModuleManager: Shutting down and abandoning module ChaosCloth (60)
[2023.12.05-15.32.19:488][  0]LogModuleManager: Shutting down and abandoning module NiagaraVertexFactories (58)
[2023.12.05-15.32.19:488][  0]LogModuleManager: Shutting down and abandoning module NiagaraShader (56)
[2023.12.05-15.32.19:488][  0]LogModuleManager: Shutting down and abandoning module VariantManagerContent (54)
[2023.12.05-15.32.19:488][  0]LogModuleManager: Shutting down and abandoning module DatasmithContent (52)
[2023.12.05-15.32.19:489][  0]LogModuleManager: Shutting down and abandoning module PixWinPlugin (50)
[2023.12.05-15.32.19:489][  0]LogModuleManager: Shutting down and abandoning module AISupportModule (48)
[2023.12.05-15.32.19:489][  0]LogModuleManager: Shutting down and abandoning module PythonScriptPluginPreload (46)
[2023.12.05-15.32.19:489][  0]LogModuleManager: Shutting down and abandoning module PlatformCryptoOpenSSL (44)
[2023.12.05-15.32.19:489][  0]LogModuleManager: Shutting down and abandoning module PlatformCryptoTypes (42)
[2023.12.05-15.32.19:489][  0]LogModuleManager: Shutting down and abandoning module PlatformCrypto (40)
[2023.12.05-15.32.19:489][  0]LogModuleManager: Shutting down and abandoning module OodleDataCompressionFormat (38)
[2023.12.05-15.32.19:489][  0]LogModuleManager: Shutting down and abandoning module XGEController (36)
[2023.12.05-15.32.19:489][  0]LogXGEController: Cannot use XGE Controller as Incredibuild is not installed on this machine.
[2023.12.05-15.32.19:489][  0]LogModuleManager: Shutting down and abandoning module AnimationModifiers (34)
[2023.12.05-15.32.19:489][  0]LogModuleManager: Shutting down and abandoning module AudioEditor (32)
[2023.12.05-15.32.19:489][  0]LogModuleManager: Shutting down and abandoning module PropertyEditor (31)
[2023.12.05-15.32.19:489][  0]LogModuleManager: Shutting down and abandoning module TextureCompressor (28)
[2023.12.05-15.32.19:489][  0]LogModuleManager: Shutting down and abandoning module RenderCore (26)
[2023.12.05-15.32.19:489][  0]LogModuleManager: Shutting down and abandoning module Landscape (24)
[2023.12.05-15.32.19:489][  0]LogModuleManager: Shutting down and abandoning module SlateRHIRenderer (22)
[2023.12.05-15.32.19:489][  0]LogModuleManager: Shutting down and abandoning module AnimGraphRuntime (20)
[2023.12.05-15.32.19:489][  0]LogModuleManager: Shutting down and abandoning module Renderer (18)
[2023.12.05-15.32.19:489][  0]LogModuleManager: Shutting down and abandoning module Engine (16)
[2023.12.05-15.32.19:489][  0]LogModuleManager: Shutting down and abandoning module CoreUObject (14)
[2023.12.05-15.32.19:489][  0]LogModuleManager: Shutting down and abandoning module NetworkFile (12)
[2023.12.05-15.32.19:489][  0]LogModuleManager: Shutting down and abandoning module CookedIterativeFile (10)
[2023.12.05-15.32.19:489][  0]LogModuleManager: Shutting down and abandoning module StreamingFile (8)
[2023.12.05-15.32.19:489][  0]LogModuleManager: Shutting down and abandoning module SandboxFile (6)
[2023.12.05-15.32.19:489][  0]LogModuleManager: Shutting down and abandoning module PakFile (4)
[2023.12.05-15.32.19:489][  0]LogModuleManager: Shutting down and abandoning module RSA (3)
[2023.12.05-15.32.19:812][  0]LogContentStreaming: Display: There are 1 unreleased StreamingManagers
[2023.12.05-15.32.19:818][  0]LogExit: Exiting.
[2023.12.05-15.32.19:834][  0]Log file closed, 12/05/23 15:32:19
